#
# There is insufficient memory for the Java Runtime Environment to continue.
# Native memory allocation (malloc) failed to allocate 95456 bytes for Chunk::new
# Possible reasons:
#   The system is out of physical RAM or swap space
#   In 32 bit mode, the process size limit was hit
# Possible solutions:
#   Reduce memory load on the system
#   Increase physical memory or swap space
#   Check if swap backing store is full
#   Use 64 bit Java on a 64 bit OS
#   Decrease Java heap size (-Xmx/-Xms)
#   Decrease number of Java threads
#   Decrease Java thread stack sizes (-Xss)
#   Set larger code cache with -XX:ReservedCodeCacheSize=
# This output file may be truncated or incomplete.
#
#  Out of Memory Error (allocation.cpp:390), pid=8412, tid=9396
#
# JRE version: Java(TM) SE Runtime Environment (8.0_20-b26) (build 1.8.0_20-b26)
# Java VM: Java HotSpot(TM) 64-Bit Server VM (25.20-b23 mixed mode windows-amd64 compressed oops)
# Failed to write core dump. Minidumps are not enabled by default on client versions of Windows
#

---------------  T H R E A D  ---------------

Current thread (0x00000000077a3800):  JavaThread "C2 CompilerThread2" daemon [_thread_in_native, id=9396, stack(0x00000000092d0000,0x00000000093d0000)]

Stack: [0x00000000092d0000,0x00000000093d0000]
[error occurred during error reporting (printing stack bounds), id 0xc0000005]

Native frames: (J=compiled Java code, j=interpreted, Vv=VM code, C=native code)
V  [jvm.dll+0x3152fa]


Current CompileTask:
C2:  34333 2028       4       com.android.dx.ssa.SsaMethod::onSourceChanged (65 bytes)


---------------  P R O C E S S  ---------------

Java Threads: ( => current thread )
  0x0000000007a26000 JavaThread "pool-1-thread-4" [_thread_in_vm, id=9548, stack(0x000000000a630000,0x000000000a730000)]
  0x0000000007a23800 JavaThread "pool-1-thread-3" [_thread_blocked, id=9544, stack(0x000000000a390000,0x000000000a490000)]
  0x00000000079b9000 JavaThread "pool-1-thread-2" [_thread_blocked_trans, id=9540, stack(0x000000000a200000,0x000000000a300000)]
  0x0000000007a13000 JavaThread "pool-2-thread-1" [_thread_blocked, id=9536, stack(0x000000000a040000,0x000000000a140000)]
  0x0000000007a12800 JavaThread "pool-1-thread-1" [_thread_in_Java, id=9532, stack(0x0000000009e70000,0x0000000009f70000)]
  0x00000000077bb000 JavaThread "Service Thread" daemon [_thread_blocked, id=9404, stack(0x0000000009450000,0x0000000009550000)]
  0x00000000077b5800 JavaThread "C1 CompilerThread3" daemon [_thread_blocked, id=9400, stack(0x0000000008ac0000,0x0000000008bc0000)]
=>0x00000000077a3800 JavaThread "C2 CompilerThread2" daemon [_thread_in_native, id=9396, stack(0x00000000092d0000,0x00000000093d0000)]
  0x0000000007756000 JavaThread "C2 CompilerThread1" daemon [_thread_in_native, id=9392, stack(0x0000000008d30000,0x0000000008e30000)]
  0x0000000007752000 JavaThread "C2 CompilerThread0" daemon [_thread_in_native, id=9388, stack(0x0000000009010000,0x0000000009110000)]
  0x000000000774f000 JavaThread "Attach Listener" daemon [_thread_blocked, id=9384, stack(0x0000000008e50000,0x0000000008f50000)]
  0x000000000774d000 JavaThread "Signal Dispatcher" daemon [_thread_blocked, id=9380, stack(0x0000000008860000,0x0000000008960000)]
  0x000000000669b800 JavaThread "Finalizer" daemon [_thread_blocked, id=9376, stack(0x0000000008bd0000,0x0000000008cd0000)]
  0x00000000021ff000 JavaThread "Reference Handler" daemon [_thread_blocked, id=9372, stack(0x00000000089c0000,0x0000000008ac0000)]
  0x00000000002be000 JavaThread "main" [_thread_blocked, id=8156, stack(0x0000000002400000,0x0000000002500000)]

Other Threads:
  0x00000000021fc800 VMThread [stack: 0x0000000008740000,0x0000000008840000] [id=9364]
  0x00000000077bf800 WatcherThread [stack: 0x00000000091a0000,0x00000000092a0000] [id=9408]

VM state:not at safepoint (normal execution)

VM Mutex/Monitor currently owned by a thread: None

Heap:
 PSYoungGen      total 71680K, used 35134K [0x00000000eab00000, 0x00000000ef600000, 0x0000000100000000)
  eden space 66560K, 45% used [0x00000000eab00000,0x00000000ec855ce8,0x00000000eec00000)
  from space 5120K, 99% used [0x00000000ef100000,0x00000000ef5f9d58,0x00000000ef600000)
  to   space 5120K, 0% used [0x00000000eec00000,0x00000000eec00000,0x00000000ef100000)
 ParOldGen       total 87552K, used 13454K [0x00000000c0000000, 0x00000000c5580000, 0x00000000eab00000)
  object space 87552K, 15% used [0x00000000c0000000,0x00000000c0d23b50,0x00000000c5580000)
 Metaspace       used 6252K, capacity 7152K, committed 7296K, reserved 1056768K
  class space    used 589K, capacity 616K, committed 640K, reserved 1048576K

Card table byte_map: [0x0000000002b90000,0x0000000002da0000] byte_map_base: 0x0000000002590000

Marking Bits: (ParMarkBitMap*) 0x000000005168b460
 Begin Bits: [0x0000000003ab0000, 0x0000000004ab0000)
 End Bits:   [0x0000000004ab0000, 0x0000000005ab0000)

Polling page: 0x0000000000120000

CodeCache: size=245760Kb used=8946Kb max_used=8951Kb free=236813Kb
 bounds [0x000000000f010000, 0x000000000f8e0000, 0x000000001e010000]
 total_blobs=2274 nmethods=2009 adapters=178
 compilation: enabled

Compilation events (10 events):
Event: 34.316 Thread 0x00000000077b5800 2024       3       com.android.dx.ssa.LocalVariableInfo::getStarts (19 bytes)
Event: 34.316 Thread 0x00000000077b5800 nmethod 2024 0x000000000f8bb610 code [0x000000000f8bb780, 0x000000000f8bba88]
Event: 34.316 Thread 0x00000000077b5800 2025       3       com.android.dx.ssa.SsaBasicBlock::addPhiInsnForReg (18 bytes)
Event: 34.317 Thread 0x00000000077b5800 nmethod 2025 0x000000000f8ba890 code [0x000000000f8baa60, 0x000000000f8bb168]
Event: 34.317 Thread 0x00000000077b5800 2026       3       com.android.dx.ssa.PhiInsn::<init> (29 bytes)
Event: 34.317 Thread 0x00000000077a3800 nmethod 2027 0x000000000f8ba410 code [0x000000000f8ba560, 0x000000000f8ba738]
Event: 34.317 Thread 0x00000000077a3800 2028       4       com.android.dx.ssa.SsaMethod::onSourceChanged (65 bytes)
Event: 34.318 Thread 0x00000000077b5800 nmethod 2026 0x000000000f8c3210 code [0x000000000f8c33c0, 0x000000000f8c3998]
Event: 34.318 Thread 0x00000000077b5800 2022       3       com.android.dx.ssa.PhiInsn::canThrow (2 bytes)
Event: 34.318 Thread 0x00000000077b5800 nmethod 2022 0x000000000f8a1610 code [0x000000000f8a1760, 0x000000000f8a18b0]

GC Heap History (8 events):
Event: 2.639 GC heap before
{Heap before GC invocations=1 (full 0):
 PSYoungGen      total 38400K, used 33280K [0x00000000eab00000, 0x00000000ed580000, 0x0000000100000000)
  eden space 33280K, 100% used [0x00000000eab00000,0x00000000ecb80000,0x00000000ecb80000)
  from space 5120K, 0% used [0x00000000ed080000,0x00000000ed080000,0x00000000ed580000)
  to   space 5120K, 0% used [0x00000000ecb80000,0x00000000ecb80000,0x00000000ed080000)
 ParOldGen       total 87552K, used 0K [0x00000000c0000000, 0x00000000c5580000, 0x00000000eab00000)
  object space 87552K, 0% used [0x00000000c0000000,0x00000000c0000000,0x00000000c5580000)
 Metaspace       used 5739K, capacity 6704K, committed 6784K, reserved 1056768K
  class space    used 585K, capacity 616K, committed 640K, reserved 1048576K
Event: 2.660 GC heap after
Heap after GC invocations=1 (full 0):
 PSYoungGen      total 38400K, used 4740K [0x00000000eab00000, 0x00000000ed580000, 0x0000000100000000)
  eden space 33280K, 0% used [0x00000000eab00000,0x00000000eab00000,0x00000000ecb80000)
  from space 5120K, 92% used [0x00000000ecb80000,0x00000000ed0211b8,0x00000000ed080000)
  to   space 5120K, 0% used [0x00000000ed080000,0x00000000ed080000,0x00000000ed580000)
 ParOldGen       total 87552K, used 8K [0x00000000c0000000, 0x00000000c5580000, 0x00000000eab00000)
  object space 87552K, 0% used [0x00000000c0000000,0x00000000c0002000,0x00000000c5580000)
 Metaspace       used 5739K, capacity 6704K, committed 6784K, reserved 1056768K
  class space    used 585K, capacity 616K, committed 640K, reserved 1048576K
}
Event: 7.961 GC heap before
{Heap before GC invocations=2 (full 0):
 PSYoungGen      total 38400K, used 38020K [0x00000000eab00000, 0x00000000ed580000, 0x0000000100000000)
  eden space 33280K, 100% used [0x00000000eab00000,0x00000000ecb80000,0x00000000ecb80000)
  from space 5120K, 92% used [0x00000000ecb80000,0x00000000ed0211b8,0x00000000ed080000)
  to   space 5120K, 0% used [0x00000000ed080000,0x00000000ed080000,0x00000000ed580000)
 ParOldGen       total 87552K, used 8K [0x00000000c0000000, 0x00000000c5580000, 0x00000000eab00000)
  object space 87552K, 0% used [0x00000000c0000000,0x00000000c0002000,0x00000000c5580000)
 Metaspace       used 6039K, capacity 6960K, committed 7040K, reserved 1056768K
  class space    used 585K, capacity 616K, committed 640K, reserved 1048576K
Event: 9.705 GC heap after
Heap after GC invocations=2 (full 0):
 PSYoungGen      total 38400K, used 5104K [0x00000000eab00000, 0x00000000ef600000, 0x0000000100000000)
  eden space 33280K, 0% used [0x00000000eab00000,0x00000000eab00000,0x00000000ecb80000)
  from space 5120K, 99% used [0x00000000ed080000,0x00000000ed57c028,0x00000000ed580000)
  to   space 5120K, 0% used [0x00000000ecb80000,0x00000000ecb80000,0x00000000ed080000)
 ParOldGen       total 87552K, used 2188K [0x00000000c0000000, 0x00000000c5580000, 0x00000000eab00000)
  object space 87552K, 2% used [0x00000000c0000000,0x00000000c0223318,0x00000000c5580000)
 Metaspace       used 6039K, capacity 6960K, committed 7040K, reserved 1056768K
  class space    used 585K, capacity 616K, committed 640K, reserved 1048576K
}
Event: 16.578 GC heap before
{Heap before GC invocations=3 (full 0):
 PSYoungGen      total 38400K, used 38384K [0x00000000eab00000, 0x00000000ef600000, 0x0000000100000000)
  eden space 33280K, 100% used [0x00000000eab00000,0x00000000ecb80000,0x00000000ecb80000)
  from space 5120K, 99% used [0x00000000ed080000,0x00000000ed57c028,0x00000000ed580000)
  to   space 5120K, 0% used [0x00000000ecb80000,0x00000000ecb80000,0x00000000ed080000)
 ParOldGen       total 87552K, used 2188K [0x00000000c0000000, 0x00000000c5580000, 0x00000000eab00000)
  object space 87552K, 2% used [0x00000000c0000000,0x00000000c0223318,0x00000000c5580000)
 Metaspace       used 6170K, capacity 7088K, committed 7296K, reserved 1056768K
  class space    used 587K, capacity 616K, committed 640K, reserved 1048576K
Event: 17.233 GC heap after
Heap after GC invocations=3 (full 0):
 PSYoungGen      total 38400K, used 5090K [0x00000000eab00000, 0x00000000ef600000, 0x0000000100000000)
  eden space 33280K, 0% used [0x00000000eab00000,0x00000000eab00000,0x00000000ecb80000)
  from space 5120K, 99% used [0x00000000ecb80000,0x00000000ed078800,0x00000000ed080000)
  to   space 5120K, 0% used [0x00000000ef100000,0x00000000ef100000,0x00000000ef600000)
 ParOldGen       total 87552K, used 7717K [0x00000000c0000000, 0x00000000c5580000, 0x00000000eab00000)
  object space 87552K, 8% used [0x00000000c0000000,0x00000000c0789770,0x00000000c5580000)
 Metaspace       used 6170K, capacity 7088K, committed 7296K, reserved 1056768K
  class space    used 587K, capacity 616K, committed 640K, reserved 1048576K
}
Event: 31.745 GC heap before
{Heap before GC invocations=4 (full 0):
 PSYoungGen      total 38400K, used 38370K [0x00000000eab00000, 0x00000000ef600000, 0x0000000100000000)
  eden space 33280K, 100% used [0x00000000eab00000,0x00000000ecb80000,0x00000000ecb80000)
  from space 5120K, 99% used [0x00000000ecb80000,0x00000000ed078800,0x00000000ed080000)
  to   space 5120K, 0% used [0x00000000ef100000,0x00000000ef100000,0x00000000ef600000)
 ParOldGen       total 87552K, used 7717K [0x00000000c0000000, 0x00000000c5580000, 0x00000000eab00000)
  object space 87552K, 8% used [0x00000000c0000000,0x00000000c0789770,0x00000000c5580000)
 Metaspace       used 6243K, capacity 7152K, committed 7296K, reserved 1056768K
  class space    used 588K, capacity 616K, committed 640K, reserved 1048576K
Event: 32.994 GC heap after
Heap after GC invocations=4 (full 0):
 PSYoungGen      total 71680K, used 5095K [0x00000000eab00000, 0x00000000ef600000, 0x0000000100000000)
  eden space 66560K, 0% used [0x00000000eab00000,0x00000000eab00000,0x00000000eec00000)
  from space 5120K, 99% used [0x00000000ef100000,0x00000000ef5f9d58,0x00000000ef600000)
  to   space 5120K, 0% used [0x00000000eec00000,0x00000000eec00000,0x00000000ef100000)
 ParOldGen       total 87552K, used 13454K [0x00000000c0000000, 0x00000000c5580000, 0x00000000eab00000)
  object space 87552K, 15% used [0x00000000c0000000,0x00000000c0d23b50,0x00000000c5580000)
 Metaspace       used 6243K, capacity 7152K, committed 7296K, reserved 1056768K
  class space    used 588K, capacity 616K, committed 640K, reserved 1048576K
}

Deoptimization events (10 events):
Event: 18.190 Thread 0x0000000007a26000 Uncommon trap: reason=class_check action=maybe_recompile pc=0x000000000f6a7fdc method=com.android.dx.ssa.SCCP.simulateBranch(Lcom/android/dx/ssa/SsaInsn;)V @ 145
Event: 21.186 Thread 0x0000000007a23800 Uncommon trap: reason=class_check action=maybe_recompile pc=0x000000000f6a7fdc method=com.android.dx.ssa.SCCP.simulateBranch(Lcom/android/dx/ssa/SsaInsn;)V @ 145
Event: 23.569 Thread 0x0000000007a23800 Uncommon trap: reason=class_check action=maybe_recompile pc=0x000000000f6a7fdc method=com.android.dx.ssa.SCCP.simulateBranch(Lcom/android/dx/ssa/SsaInsn;)V @ 145
Event: 31.535 Thread 0x0000000007a26000 Uncommon trap: reason=class_check action=maybe_recompile pc=0x000000000f57841c method=com.android.dx.cf.code.RopperMachine.run(Lcom/android/dx/cf/code/Frame;II)V @ 988
Event: 31.535 Thread 0x0000000007a26000 Uncommon trap: reason=class_check action=maybe_recompile pc=0x000000000f57841c method=com.android.dx.cf.code.RopperMachine.run(Lcom/android/dx/cf/code/Frame;II)V @ 988
Event: 31.535 Thread 0x0000000007a26000 Uncommon trap: reason=class_check action=maybe_recompile pc=0x000000000f57841c method=com.android.dx.cf.code.RopperMachine.run(Lcom/android/dx/cf/code/Frame;II)V @ 988
Event: 31.535 Thread 0x0000000007a26000 Uncommon trap: reason=class_check action=maybe_recompile pc=0x000000000f57841c method=com.android.dx.cf.code.RopperMachine.run(Lcom/android/dx/cf/code/Frame;II)V @ 988
Event: 31.702 Thread 0x0000000007a26000 Uncommon trap: reason=unloaded action=reinterpret pc=0x000000000f58a680 method=com.android.dx.ssa.LiteralOpUpgrader$1.visitNonMoveInsn(Lcom/android/dx/ssa/NormalSsaInsn;)V @ 72
Event: 31.706 Thread 0x0000000007a26000 Uncommon trap: reason=unreached action=reinterpret pc=0x000000000f38ebcc method=com.android.dx.ssa.SsaMethod.updateOneDefinition(Lcom/android/dx/ssa/SsaInsn;Lcom/android/dx/rop/code/RegisterSpec;)V @ 4
Event: 34.110 Thread 0x0000000007a26000 Uncommon trap: reason=predicate action=maybe_recompile pc=0x000000000f84f4fc method=com.android.dx.ssa.DomFront.run()[Lcom/android/dx/ssa/DomFront$DomInfo; @ 175

Internal exceptions (10 events):
Event: 1.189 Thread 0x0000000007a12800 Exception <a 'java/security/PrivilegedActionException'> (0x00000000ec2a97e8) thrown at [D:\re\workspace\8-2-build-windows-amd64-cygwin\jdk8u20\1074\hotspot\src\share\vm\prims\jvm.cpp, line 1275]
Event: 1.191 Thread 0x0000000007a12800 Exception <a 'java/security/PrivilegedActionException'> (0x00000000ec2addf0) thrown at [D:\re\workspace\8-2-build-windows-amd64-cygwin\jdk8u20\1074\hotspot\src\share\vm\prims\jvm.cpp, line 1275]
Event: 1.192 Thread 0x0000000007a12800 Exception <a 'java/security/PrivilegedActionException'> (0x00000000ec2b49b0) thrown at [D:\re\workspace\8-2-build-windows-amd64-cygwin\jdk8u20\1074\hotspot\src\share\vm\prims\jvm.cpp, line 1275]
Event: 1.417 Thread 0x00000000002be000 Exception <a 'java/security/PrivilegedActionException'> (0x00000000ec0d3f00) thrown at [D:\re\workspace\8-2-build-windows-amd64-cygwin\jdk8u20\1074\hotspot\src\share\vm\prims\jvm.cpp, line 1275]
Event: 1.422 Thread 0x00000000002be000 Exception <a 'java/security/PrivilegedActionException'> (0x00000000ec0de668) thrown at [D:\re\workspace\8-2-build-windows-amd64-cygwin\jdk8u20\1074\hotspot\src\share\vm\prims\jvm.cpp, line 1275]
Event: 3.061 Thread 0x0000000007a23800 Implicit null exception at 0x000000000f30d812 to 0x000000000f30d902
Event: 12.382 Thread 0x0000000007a26000 Exception <a 'java/security/PrivilegedActionException'> (0x00000000eb311390) thrown at [D:\re\workspace\8-2-build-windows-amd64-cygwin\jdk8u20\1074\hotspot\src\share\vm\prims\jvm.cpp, line 1275]
Event: 14.300 Thread 0x0000000007a26000 Exception <a 'java/security/PrivilegedActionException'> (0x00000000ebb38af8) thrown at [D:\re\workspace\8-2-build-windows-amd64-cygwin\jdk8u20\1074\hotspot\src\share\vm\prims\jvm.cpp, line 1275]
Event: 31.702 Thread 0x0000000007a26000 Exception <a 'java/security/PrivilegedActionException'> (0x00000000ec498428) thrown at [D:\re\workspace\8-2-build-windows-amd64-cygwin\jdk8u20\1074\hotspot\src\share\vm\prims\jvm.cpp, line 1275]
Event: 34.110 Thread 0x0000000007a26000 Exception <a 'java/security/PrivilegedActionException'> (0x00000000ec0ed550) thrown at [D:\re\workspace\8-2-build-windows-amd64-cygwin\jdk8u20\1074\hotspot\src\share\vm\prims\jvm.cpp, line 1275]

Events (10 events):
Event: 31.706 Thread 0x0000000007a26000 DEOPT UNPACKING pc=0x000000000f05556a sp=0x000000000a72ea88 mode 2
Event: 31.745 Executing VM operation: ParallelGCFailedAllocation
Event: 32.994 Executing VM operation: ParallelGCFailedAllocation done
Event: 34.110 Thread 0x0000000007a26000 Uncommon trap: trap_request=0xffffff86 fr.pc=0x000000000f84f4fc
Event: 34.110 Thread 0x0000000007a26000 DEOPT PACKING pc=0x000000000f84f4fc sp=0x000000000a72ed90
Event: 34.110 Thread 0x0000000007a26000 DEOPT UNPACKING pc=0x000000000f05556a sp=0x000000000a72ecf8 mode 2
Event: 34.110 loading class com/android/dx/util/ListIntSet
Event: 34.110 loading class com/android/dx/util/ListIntSet done
Event: 34.114 Executing VM operation: Deoptimize
Event: 34.200 Executing VM operation: Deoptimize done


Dynamic libraries:
0x000000013f0b0000 - 0x000000013f0e4000 	C:\Program Files\Java\jdk1.8.0_20\bin\java.exe
0x0000000077670000 - 0x0000000077819000 	C:\Windows\SYSTEM32\ntdll.dll
0x0000000077450000 - 0x0000000077570000 	C:\Windows\system32\kernel32.dll
0x000007fefd5a0000 - 0x000007fefd60c000 	C:\Windows\system32\KERNELBASE.dll
0x000007feff0d0000 - 0x000007feff1ab000 	C:\Windows\system32\ADVAPI32.dll
0x000007feff1b0000 - 0x000007feff24f000 	C:\Windows\system32\msvcrt.dll
0x000007fefdf10000 - 0x000007fefdf2f000 	C:\Windows\SYSTEM32\sechost.dll
0x000007fefdcf0000 - 0x000007fefde1d000 	C:\Windows\system32\RPCRT4.dll
0x0000000077570000 - 0x000000007766a000 	C:\Windows\system32\USER32.dll
0x000007fefdf30000 - 0x000007fefdf97000 	C:\Windows\system32\GDI32.dll
0x000007feff970000 - 0x000007feff97e000 	C:\Windows\system32\LPK.dll
0x000007fefde40000 - 0x000007fefdf0a000 	C:\Windows\system32\USP10.dll
0x000007fefbcc0000 - 0x000007fefbeb4000 	C:\Windows\WinSxS\amd64_microsoft.windows.common-controls_6595b64144ccf1df_6.0.7601.18837_none_fa3b1e3d17594757\COMCTL32.dll
0x000007feff050000 - 0x000007feff0c1000 	C:\Windows\system32\SHLWAPI.dll
0x000007fefee90000 - 0x000007fefeebe000 	C:\Windows\system32\IMM32.DLL
0x000007fefdfa0000 - 0x000007fefe0a9000 	C:\Windows\system32\MSCTF.dll
0x000007fefd330000 - 0x000007fefd371000 	C:\Windows\system32\nvinitx.dll
0x000000000f000000 - 0x000000000f006000 	C:\Program Files\NVIDIA Corporation\CoProcManager\_etoured.dll
0x000007fef93e0000 - 0x000007fef9436000 	C:\Program Files\NVIDIA Corporation\CoProcManager\nvd3d9wrapx.dll
0x000007feff790000 - 0x000007feff967000 	C:\Windows\system32\SETUPAPI.dll
0x000007fefd610000 - 0x000007fefd646000 	C:\Windows\system32\CFGMGR32.dll
0x000007feff650000 - 0x000007feff727000 	C:\Windows\system32\OLEAUT32.dll
0x000007fefda40000 - 0x000007fefdc43000 	C:\Windows\system32\ole32.dll
0x000007fefd550000 - 0x000007fefd56a000 	C:\Windows\system32\DEVOBJ.dll
0x000007fef9240000 - 0x000007fef927d000 	C:\Program Files\NVIDIA Corporation\CoProcManager\nvdxgiwrapx.dll
0x0000000050c30000 - 0x0000000050d02000 	C:\Program Files\Java\jdk1.8.0_20\jre\bin\msvcr100.dll
0x0000000050eb0000 - 0x0000000051708000 	C:\Program Files\Java\jdk1.8.0_20\jre\bin\server\jvm.dll
0x000007feecaa0000 - 0x000007feecaa9000 	C:\Windows\system32\WSOCK32.dll
0x000007fefee40000 - 0x000007fefee8d000 	C:\Windows\system32\WS2_32.dll
0x000007feff520000 - 0x000007feff528000 	C:\Windows\system32\NSI.dll
0x000007fefa970000 - 0x000007fefa9ab000 	C:\Windows\system32\WINMM.dll
0x0000000077840000 - 0x0000000077847000 	C:\Windows\system32\PSAPI.DLL
0x000000006b010000 - 0x000000006b01f000 	C:\Program Files\Java\jdk1.8.0_20\jre\bin\verify.dll
0x000000006afe0000 - 0x000000006b008000 	C:\Program Files\Java\jdk1.8.0_20\jre\bin\java.dll
0x000000006afc0000 - 0x000000006afd6000 	C:\Program Files\Java\jdk1.8.0_20\jre\bin\zip.dll
0x000007fefe0b0000 - 0x000007fefee39000 	C:\Windows\system32\SHELL32.dll
0x000007fefd420000 - 0x000007fefd42f000 	C:\Windows\system32\profapi.dll

VM Arguments:
jvm_args: -Xmx1024M -Dfile.encoding=windows-1252 -Duser.country=DK -Duser.language=da -Duser.variant 
java_command: com.android.dx.command.Main --dex --num-threads=4 --output D:\AndroidProject\hihgSpeet\app\build\intermediates\pre-dexed\debug\classes-d1ad6e3756c4d546dfd53fd8d30dc84c1b6f2942.jar D:\AndroidProject\hihgSpeet\app\build\intermediates\exploded-aar\com.google.android.gms\play-services-games\8.3.0\jars\classes.jar
java_class_path (initial): D:\sdk1\build-tools\23.0.2\lib\dx.jar
Launcher Type: SUN_STANDARD

Environment Variables:
JAVA_HOME=C:\Program Files\Java\jdk1.8.0_20
PATH=C:\Ruby21-x64\bin;C:\Program Files (x86)\NVIDIA Corporation\PhysX\Common;C:\oraclexe\app\oracle\product\11.2.0\server\bin;C:\Program Files\Common Files\Microsoft Shared\Windows Live;C:\Program Files (x86)\Common Files\Microsoft Shared\Windows Live;C:\Windows\system32;C:\Windows;C:\Windows\System32\Wbem;C:\Windows\System32\WindowsPowerShell\v1.0\;C:\Program Files (x86)\Windows Live\Shared;C:\Program Files (x86)\IVI Foundation\VISA\WinNT\Bin\;C:\Program Files\IVI Foundation\VISA\Win64\Bin\;C:\Program Files (x86)\Git\cmd;C:\Program Files\nodejs\;C:\Program Files (x86)\Skype\Phone\;C:\Users\Søren\AppData\Roaming\npm
USERNAME=Søren
OS=Windows_NT
PROCESSOR_IDENTIFIER=Intel64 Family 6 Model 58 Stepping 9, GenuineIntel



---------------  S Y S T E M  ---------------

OS: Windows 7 , 64 bit Build 7601 Service Pack 1

CPU:total 8 (4 cores per cpu, 2 threads per core) family 6 model 58 stepping 9, cmov, cx8, fxsr, mmx, sse, sse2, sse3, ssse3, sse4.1, sse4.2, popcnt, avx, aes, clmul, erms, ht, tsc, tscinvbit, tscinv

Memory: 4k page, physical 8278916k(52808k free), swap 11158020k(5096k free)

vm_info: Java HotSpot(TM) 64-Bit Server VM (25.20-b23) for windows-amd64 JRE (1.8.0_20-b26), built on Jul 30 2014 13:51:23 by "java_re" with MS VC++ 10.0 (VS2010)

time: Mon Dec 14 10:45:35 2015
elapsed time: 34 seconds (0d 0h 0m 34s)

