#
# There is insufficient memory for the Java Runtime Environment to continue.
# Native memory allocation (malloc) failed to allocate 911136 bytes for Chunk::new
# Possible reasons:
#   The system is out of physical RAM or swap space
#   In 32 bit mode, the process size limit was hit
# Possible solutions:
#   Reduce memory load on the system
#   Increase physical memory or swap space
#   Check if swap backing store is full
#   Use 64 bit Java on a 64 bit OS
#   Decrease Java heap size (-Xmx/-Xms)
#   Decrease number of Java threads
#   Decrease Java thread stack sizes (-Xss)
#   Set larger code cache with -XX:ReservedCodeCacheSize=
# This output file may be truncated or incomplete.
#
#  Out of Memory Error (allocation.cpp:390), pid=9852, tid=3996
#
# JRE version: Java(TM) SE Runtime Environment (8.0_20-b26) (build 1.8.0_20-b26)
# Java VM: Java HotSpot(TM) 64-Bit Server VM (25.20-b23 mixed mode windows-amd64 compressed oops)
# Failed to write core dump. Minidumps are not enabled by default on client versions of Windows
#

---------------  T H R E A D  ---------------

Current thread (0x0000000007a75800):  JavaThread "C2 CompilerThread1" daemon [_thread_in_native, id=3996, stack(0x0000000009380000,0x0000000009480000)]

Stack: [0x0000000009380000,0x0000000009480000]
Native frames: (J=compiled Java code, j=interpreted, Vv=VM code, C=native code)
V  [jvm.dll+0x3152fa]


Current CompileTask:
C2:   3505 1202       4       com.android.dx.ssa.SCCP::simulateStmt (481 bytes)


---------------  P R O C E S S  ---------------

Java Threads: ( => current thread )
  0x0000000007d6e000 JavaThread "pool-1-thread-4" [_thread_blocked, id=4612, stack(0x000000000a7e0000,0x000000000a8e0000)]
  0x0000000009b43800 JavaThread "pool-1-thread-3" [_thread_blocked, id=9476, stack(0x000000000a6e0000,0x000000000a7e0000)]
  0x0000000009b42800 JavaThread "pool-1-thread-2" [_thread_blocked, id=9456, stack(0x000000000a530000,0x000000000a630000)]
  0x0000000009b40800 JavaThread "pool-2-thread-1" [_thread_blocked, id=9596, stack(0x000000000a3b0000,0x000000000a4b0000)]
  0x0000000009b3f800 JavaThread "pool-1-thread-1" [_thread_blocked, id=9592, stack(0x000000000a250000,0x000000000a350000)]
  0x0000000007ad6800 JavaThread "Service Thread" daemon [_thread_blocked, id=9044, stack(0x0000000009480000,0x0000000009580000)]
  0x0000000007a7f000 JavaThread "C1 CompilerThread3" daemon [_thread_blocked, id=3888, stack(0x0000000009780000,0x0000000009880000)]
  0x0000000007a7d000 JavaThread "C2 CompilerThread2" daemon [_thread_in_native, id=4452, stack(0x00000000095d0000,0x00000000096d0000)]
=>0x0000000007a75800 JavaThread "C2 CompilerThread1" daemon [_thread_in_native, id=3996, stack(0x0000000009380000,0x0000000009480000)]
  0x0000000007a6e000 JavaThread "C2 CompilerThread0" daemon [_thread_in_native, id=5184, stack(0x00000000091c0000,0x00000000092c0000)]
  0x0000000007a6a800 JavaThread "Attach Listener" daemon [_thread_blocked, id=6988, stack(0x0000000008da0000,0x0000000008ea0000)]
  0x0000000007a68000 JavaThread "Signal Dispatcher" daemon [_thread_blocked, id=7480, stack(0x0000000008f30000,0x0000000009030000)]
  0x000000000220e000 JavaThread "Finalizer" daemon [_thread_blocked, id=10212, stack(0x00000000089a0000,0x0000000008aa0000)]
  0x00000000068a4800 JavaThread "Reference Handler" daemon [_thread_blocked, id=10228, stack(0x0000000008c40000,0x0000000008d40000)]
  0x00000000022fe000 JavaThread "main" [_thread_blocked, id=9432, stack(0x00000000024d0000,0x00000000025d0000)]

Other Threads:
  0x000000000689f800 VMThread [stack: 0x0000000008aa0000,0x0000000008ba0000] [id=1304]
  0x0000000007ad7000 WatcherThread [stack: 0x0000000009900000,0x0000000009a00000] [id=9440]

VM state:not at safepoint (normal execution)

VM Mutex/Monitor currently owned by a thread: None

Heap:
 PSYoungGen      total 71680K, used 6192K [0x00000000eab00000, 0x00000000ef600000, 0x0000000100000000)
  eden space 66560K, 1% used [0x00000000eab00000,0x00000000eac0f438,0x00000000eec00000)
  from space 5120K, 99% used [0x00000000ef100000,0x00000000ef5fcf08,0x00000000ef600000)
  to   space 5120K, 0% used [0x00000000eec00000,0x00000000eec00000,0x00000000ef100000)
 ParOldGen       total 87552K, used 2634K [0x00000000c0000000, 0x00000000c5580000, 0x00000000eab00000)
  object space 87552K, 3% used [0x00000000c0000000,0x00000000c0292b60,0x00000000c5580000)
 Metaspace       used 6008K, capacity 6960K, committed 7040K, reserved 1056768K
  class space    used 587K, capacity 616K, committed 640K, reserved 1048576K

Card table byte_map: [0x0000000002c60000,0x0000000002e70000] byte_map_base: 0x0000000002660000

Marking Bits: (ParMarkBitMap*) 0x000000005168b460
 Begin Bits: [0x0000000003cc0000, 0x0000000004cc0000)
 End Bits:   [0x0000000004cc0000, 0x0000000005cc0000)

Polling page: 0x0000000001b50000

CodeCache: size=245760Kb used=5077Kb max_used=5077Kb free=240683Kb
 bounds [0x000000000f010000, 0x000000000f510000, 0x000000001e010000]
 total_blobs=1580 nmethods=1316 adapters=178
 compilation: enabled

Compilation events (10 events):
Event: 3.009 Thread 0x0000000007a7f000 nmethod 1343 0x000000000f5067d0 code [0x000000000f5069c0, 0x000000000f5075b8]
Event: 3.009 Thread 0x0000000007a7f000 1336       3       com.android.dx.ssa.NormalSsaInsn::canThrow (8 bytes)
Event: 3.009 Thread 0x0000000007a7f000 nmethod 1336 0x000000000f507810 code [0x000000000f5079a0, 0x000000000f507dc8]
Event: 3.009 Thread 0x0000000007a7f000 1331       3       com.android.dx.cf.attrib.BaseAttribute::<init> (24 bytes)
Event: 3.010 Thread 0x0000000007a7f000 nmethod 1331 0x000000000f507f50 code [0x000000000f5080c0, 0x000000000f508368]
Event: 3.010 Thread 0x0000000007a7f000 1320       3       com.android.dx.dex.file.Section::validateAlignment (23 bytes)
Event: 3.010 Thread 0x0000000007a7f000 nmethod 1320 0x000000000f508450 code [0x000000000f5085c0, 0x000000000f508808]
Event: 3.010 Thread 0x0000000007a7f000 1348       3       com.android.dx.rop.type.Prototype::makeParameterArray (131 bytes)
Event: 3.011 Thread 0x0000000007a7f000 nmethod 1348 0x000000000f5088d0 code [0x000000000f508ae0, 0x000000000f509638]
Event: 3.011 Thread 0x0000000007a7f000 1350       3       com.android.dx.ssa.SsaMethod::forEachBlockDepthFirstDom (128 bytes)

GC Heap History (4 events):
Event: 1.302 GC heap before
{Heap before GC invocations=1 (full 0):
 PSYoungGen      total 38400K, used 33280K [0x00000000eab00000, 0x00000000ed580000, 0x0000000100000000)
  eden space 33280K, 100% used [0x00000000eab00000,0x00000000ecb80000,0x00000000ecb80000)
  from space 5120K, 0% used [0x00000000ed080000,0x00000000ed080000,0x00000000ed580000)
  to   space 5120K, 0% used [0x00000000ecb80000,0x00000000ecb80000,0x00000000ed080000)
 ParOldGen       total 87552K, used 0K [0x00000000c0000000, 0x00000000c5580000, 0x00000000eab00000)
  object space 87552K, 0% used [0x00000000c0000000,0x00000000c0000000,0x00000000c5580000)
 Metaspace       used 5773K, capacity 6768K, committed 7040K, reserved 1056768K
  class space    used 585K, capacity 616K, committed 640K, reserved 1048576K
Event: 2.358 GC heap after
Heap after GC invocations=1 (full 0):
 PSYoungGen      total 38400K, used 4738K [0x00000000eab00000, 0x00000000ef600000, 0x0000000100000000)
  eden space 33280K, 0% used [0x00000000eab00000,0x00000000eab00000,0x00000000ecb80000)
  from space 5120K, 92% used [0x00000000ecb80000,0x00000000ed020b40,0x00000000ed080000)
  to   space 5120K, 0% used [0x00000000ef100000,0x00000000ef100000,0x00000000ef600000)
 ParOldGen       total 87552K, used 8K [0x00000000c0000000, 0x00000000c5580000, 0x00000000eab00000)
  object space 87552K, 0% used [0x00000000c0000000,0x00000000c0002000,0x00000000c5580000)
 Metaspace       used 5773K, capacity 6768K, committed 7040K, reserved 1056768K
  class space    used 585K, capacity 616K, committed 640K, reserved 1048576K
}
Event: 3.011 GC heap before
{Heap before GC invocations=2 (full 0):
 PSYoungGen      total 38400K, used 38018K [0x00000000eab00000, 0x00000000ef600000, 0x0000000100000000)
  eden space 33280K, 100% used [0x00000000eab00000,0x00000000ecb80000,0x00000000ecb80000)
  from space 5120K, 92% used [0x00000000ecb80000,0x00000000ed020b40,0x00000000ed080000)
  to   space 5120K, 0% used [0x00000000ef100000,0x00000000ef100000,0x00000000ef600000)
 ParOldGen       total 87552K, used 8K [0x00000000c0000000, 0x00000000c5580000, 0x00000000eab00000)
  object space 87552K, 0% used [0x00000000c0000000,0x00000000c0002000,0x00000000c5580000)
 Metaspace       used 6008K, capacity 6960K, committed 7040K, reserved 1056768K
  class space    used 587K, capacity 616K, committed 640K, reserved 1048576K
Event: 3.254 GC heap after
Heap after GC invocations=2 (full 0):
 PSYoungGen      total 71680K, used 5107K [0x00000000eab00000, 0x00000000ef600000, 0x0000000100000000)
  eden space 66560K, 0% used [0x00000000eab00000,0x00000000eab00000,0x00000000eec00000)
  from space 5120K, 99% used [0x00000000ef100000,0x00000000ef5fcf08,0x00000000ef600000)
  to   space 5120K, 0% used [0x00000000eec00000,0x00000000eec00000,0x00000000ef100000)
 ParOldGen       total 87552K, used 2634K [0x00000000c0000000, 0x00000000c5580000, 0x00000000eab00000)
  object space 87552K, 3% used [0x00000000c0000000,0x00000000c0292b60,0x00000000c5580000)
 Metaspace       used 6008K, capacity 6960K, committed 7040K, reserved 1056768K
  class space    used 587K, capacity 616K, committed 640K, reserved 1048576K
}

Deoptimization events (5 events):
Event: 1.276 Thread 0x00000000022fe000 Uncommon trap: reason=class_check action=maybe_recompile pc=0x000000000f318bb4 method=com.android.dx.ssa.NormalSsaInsn.accept(Lcom/android/dx/ssa/SsaInsn$Visitor;)V @ 9
Event: 1.276 Thread 0x00000000022fe000 Uncommon trap: reason=class_check action=maybe_recompile pc=0x000000000f2659e0 method=com.android.dx.ssa.NormalSsaInsn.accept(Lcom/android/dx/ssa/SsaInsn$Visitor;)V @ 9
Event: 1.276 Thread 0x00000000022fe000 Uncommon trap: reason=class_check action=maybe_recompile pc=0x000000000f2659e0 method=com.android.dx.ssa.NormalSsaInsn.accept(Lcom/android/dx/ssa/SsaInsn$Visitor;)V @ 9
Event: 1.276 Thread 0x00000000022fe000 Uncommon trap: reason=class_check action=maybe_recompile pc=0x000000000f2659e0 method=com.android.dx.ssa.NormalSsaInsn.accept(Lcom/android/dx/ssa/SsaInsn$Visitor;)V @ 9
Event: 2.630 Thread 0x0000000009b42800 Uncommon trap: reason=class_check action=maybe_recompile pc=0x000000000f318bb4 method=com.android.dx.ssa.NormalSsaInsn.accept(Lcom/android/dx/ssa/SsaInsn$Visitor;)V @ 9

Internal exceptions (10 events):
Event: 1.069 Thread 0x00000000022fe000 Exception <a 'java/security/PrivilegedActionException'> (0x00000000ec200338) thrown at [D:\re\workspace\8-2-build-windows-amd64-cygwin\jdk8u20\1074\hotspot\src\share\vm\prims\jvm.cpp, line 1275]
Event: 1.070 Thread 0x00000000022fe000 Exception <a 'java/security/PrivilegedActionException'> (0x00000000ec209040) thrown at [D:\re\workspace\8-2-build-windows-amd64-cygwin\jdk8u20\1074\hotspot\src\share\vm\prims\jvm.cpp, line 1275]
Event: 1.071 Thread 0x00000000022fe000 Exception <a 'java/security/PrivilegedActionException'> (0x00000000ec20e4f0) thrown at [D:\re\workspace\8-2-build-windows-amd64-cygwin\jdk8u20\1074\hotspot\src\share\vm\prims\jvm.cpp, line 1275]
Event: 1.071 Thread 0x00000000022fe000 Exception <a 'java/security/PrivilegedActionException'> (0x00000000ec211520) thrown at [D:\re\workspace\8-2-build-windows-amd64-cygwin\jdk8u20\1074\hotspot\src\share\vm\prims\jvm.cpp, line 1275]
Event: 1.079 Thread 0x00000000022fe000 Exception <a 'java/security/PrivilegedActionException'> (0x00000000ec2350b0) thrown at [D:\re\workspace\8-2-build-windows-amd64-cygwin\jdk8u20\1074\hotspot\src\share\vm\prims\jvm.cpp, line 1275]
Event: 1.082 Thread 0x00000000022fe000 Exception <a 'java/security/PrivilegedActionException'> (0x00000000ec23dd38) thrown at [D:\re\workspace\8-2-build-windows-amd64-cygwin\jdk8u20\1074\hotspot\src\share\vm\prims\jvm.cpp, line 1275]
Event: 1.110 Thread 0x0000000007d6e000 Exception <a 'java/security/PrivilegedActionException'> (0x00000000ec3d7a18) thrown at [D:\re\workspace\8-2-build-windows-amd64-cygwin\jdk8u20\1074\hotspot\src\share\vm\prims\jvm.cpp, line 1275]
Event: 1.122 Thread 0x00000000022fe000 Exception <a 'java/security/PrivilegedActionException'> (0x00000000ec2599f0) thrown at [D:\re\workspace\8-2-build-windows-amd64-cygwin\jdk8u20\1074\hotspot\src\share\vm\prims\jvm.cpp, line 1275]
Event: 1.125 Thread 0x0000000009b43800 Exception <a 'java/security/PrivilegedActionException'> (0x00000000ebef2cf0) thrown at [D:\re\workspace\8-2-build-windows-amd64-cygwin\jdk8u20\1074\hotspot\src\share\vm\prims\jvm.cpp, line 1275]
Event: 2.956 Thread 0x0000000007d6e000 Exception <a 'java/security/PrivilegedActionException'> (0x00000000ec4ef4c0) thrown at [D:\re\workspace\8-2-build-windows-amd64-cygwin\jdk8u20\1074\hotspot\src\share\vm\prims\jvm.cpp, line 1275]

Events (10 events):
Event: 2.630 Thread 0x0000000009b42800 DEOPT PACKING pc=0x000000000f318bb4 sp=0x000000000a62e720
Event: 2.630 Thread 0x0000000009b42800 DEOPT UNPACKING pc=0x000000000f05556a sp=0x000000000a62e6e0 mode 2
Event: 2.846 Thread 0x0000000009b3f800 DEOPT PACKING pc=0x000000000f2fda37 sp=0x000000000a34e880
Event: 2.846 Thread 0x0000000009b3f800 DEOPT UNPACKING pc=0x000000000f0575bf sp=0x000000000a34e660 mode 0
Event: 2.949 Executing VM operation: ForceSafepoint
Event: 2.950 Executing VM operation: ForceSafepoint done
Event: 2.956 loading class com/android/dx/cf/code/BytecodeArray$ConstantParserVisitor
Event: 2.956 loading class com/android/dx/cf/code/BytecodeArray$ConstantParserVisitor done
Event: 3.011 Executing VM operation: ParallelGCFailedAllocation
Event: 3.254 Executing VM operation: ParallelGCFailedAllocation done


Dynamic libraries:
0x000000013f0b0000 - 0x000000013f0e4000 	C:\Program Files\Java\jdk1.8.0_20\bin\java.exe
0x0000000077670000 - 0x0000000077819000 	C:\Windows\SYSTEM32\ntdll.dll
0x0000000077450000 - 0x0000000077570000 	C:\Windows\system32\kernel32.dll
0x000007fefd5a0000 - 0x000007fefd60c000 	C:\Windows\system32\KERNELBASE.dll
0x000007feff0d0000 - 0x000007feff1ab000 	C:\Windows\system32\ADVAPI32.dll
0x000007feff1b0000 - 0x000007feff24f000 	C:\Windows\system32\msvcrt.dll
0x000007fefdf10000 - 0x000007fefdf2f000 	C:\Windows\SYSTEM32\sechost.dll
0x000007fefdcf0000 - 0x000007fefde1d000 	C:\Windows\system32\RPCRT4.dll
0x0000000077570000 - 0x000000007766a000 	C:\Windows\system32\USER32.dll
0x000007fefdf30000 - 0x000007fefdf97000 	C:\Windows\system32\GDI32.dll
0x000007feff970000 - 0x000007feff97e000 	C:\Windows\system32\LPK.dll
0x000007fefde40000 - 0x000007fefdf0a000 	C:\Windows\system32\USP10.dll
0x000007fefbcc0000 - 0x000007fefbeb4000 	C:\Windows\WinSxS\amd64_microsoft.windows.common-controls_6595b64144ccf1df_6.0.7601.18837_none_fa3b1e3d17594757\COMCTL32.dll
0x000007feff050000 - 0x000007feff0c1000 	C:\Windows\system32\SHLWAPI.dll
0x000007fefee90000 - 0x000007fefeebe000 	C:\Windows\system32\IMM32.DLL
0x000007fefdfa0000 - 0x000007fefe0a9000 	C:\Windows\system32\MSCTF.dll
0x000007fefd330000 - 0x000007fefd371000 	C:\Windows\system32\nvinitx.dll
0x000000000f000000 - 0x000000000f006000 	C:\Program Files\NVIDIA Corporation\CoProcManager\_etoured.dll
0x000007fef93e0000 - 0x000007fef9436000 	C:\Program Files\NVIDIA Corporation\CoProcManager\nvd3d9wrapx.dll
0x000007feff790000 - 0x000007feff967000 	C:\Windows\system32\SETUPAPI.dll
0x000007fefd610000 - 0x000007fefd646000 	C:\Windows\system32\CFGMGR32.dll
0x000007feff650000 - 0x000007feff727000 	C:\Windows\system32\OLEAUT32.dll
0x000007fefda40000 - 0x000007fefdc43000 	C:\Windows\system32\ole32.dll
0x000007fefd550000 - 0x000007fefd56a000 	C:\Windows\system32\DEVOBJ.dll
0x000007fef9240000 - 0x000007fef927d000 	C:\Program Files\NVIDIA Corporation\CoProcManager\nvdxgiwrapx.dll
0x0000000050c30000 - 0x0000000050d02000 	C:\Program Files\Java\jdk1.8.0_20\jre\bin\msvcr100.dll
0x0000000050eb0000 - 0x0000000051708000 	C:\Program Files\Java\jdk1.8.0_20\jre\bin\server\jvm.dll
0x000007feecaa0000 - 0x000007feecaa9000 	C:\Windows\system32\WSOCK32.dll
0x000007fefee40000 - 0x000007fefee8d000 	C:\Windows\system32\WS2_32.dll
0x000007feff520000 - 0x000007feff528000 	C:\Windows\system32\NSI.dll
0x000007fefa970000 - 0x000007fefa9ab000 	C:\Windows\system32\WINMM.dll
0x0000000077840000 - 0x0000000077847000 	C:\Windows\system32\PSAPI.DLL
0x000000006b010000 - 0x000000006b01f000 	C:\Program Files\Java\jdk1.8.0_20\jre\bin\verify.dll
0x000000006afe0000 - 0x000000006b008000 	C:\Program Files\Java\jdk1.8.0_20\jre\bin\java.dll
0x000000006afc0000 - 0x000000006afd6000 	C:\Program Files\Java\jdk1.8.0_20\jre\bin\zip.dll
0x000007fefe0b0000 - 0x000007fefee39000 	C:\Windows\system32\SHELL32.dll
0x000007fefd420000 - 0x000007fefd42f000 	C:\Windows\system32\profapi.dll

VM Arguments:
jvm_args: -Xmx1024M -Dfile.encoding=windows-1252 -Duser.country=DK -Duser.language=da -Duser.variant 
java_command: com.android.dx.command.Main --dex --num-threads=4 --output D:\AndroidProject\hihgSpeet\app\build\intermediates\pre-dexed\debug\classes-a5f43f5db275d79f8993bdbe374fcc1537a9a774.jar D:\AndroidProject\hihgSpeet\app\build\intermediates\exploded-aar\com.google.android.gms\play-services-basement\8.3.0\jars\classes.jar
java_class_path (initial): D:\sdk1\build-tools\23.0.2\lib\dx.jar
Launcher Type: SUN_STANDARD

Environment Variables:
JAVA_HOME=C:\Program Files\Java\jdk1.8.0_20
PATH=C:\Ruby21-x64\bin;C:\Program Files (x86)\NVIDIA Corporation\PhysX\Common;C:\oraclexe\app\oracle\product\11.2.0\server\bin;C:\Program Files\Common Files\Microsoft Shared\Windows Live;C:\Program Files (x86)\Common Files\Microsoft Shared\Windows Live;C:\Windows\system32;C:\Windows;C:\Windows\System32\Wbem;C:\Windows\System32\WindowsPowerShell\v1.0\;C:\Program Files (x86)\Windows Live\Shared;C:\Program Files (x86)\IVI Foundation\VISA\WinNT\Bin\;C:\Program Files\IVI Foundation\VISA\Win64\Bin\;C:\Program Files (x86)\Git\cmd;C:\Program Files\nodejs\;C:\Program Files (x86)\Skype\Phone\;C:\Users\Søren\AppData\Roaming\npm
USERNAME=Søren
OS=Windows_NT
PROCESSOR_IDENTIFIER=Intel64 Family 6 Model 58 Stepping 9, GenuineIntel



---------------  S Y S T E M  ---------------

OS: Windows 7 , 64 bit Build 7601 Service Pack 1

CPU:total 8 (4 cores per cpu, 2 threads per core) family 6 model 58 stepping 9, cmov, cx8, fxsr, mmx, sse, sse2, sse3, ssse3, sse4.1, sse4.2, popcnt, avx, aes, clmul, erms, ht, tsc, tscinvbit, tscinv

Memory: 4k page, physical 8278916k(106540k free), swap 11158020k(5120k free)

vm_info: Java HotSpot(TM) 64-Bit Server VM (25.20-b23) for windows-amd64 JRE (1.8.0_20-b26), built on Jul 30 2014 13:51:23 by "java_re" with MS VC++ 10.0 (VS2010)

time: Mon Dec 14 10:45:30 2015
elapsed time: 3 seconds (0d 0h 0m 3s)

