#
# There is insufficient memory for the Java Runtime Environment to continue.
# Native memory allocation (malloc) failed to allocate 264656 bytes for Chunk::new
# Possible reasons:
#   The system is out of physical RAM or swap space
#   In 32 bit mode, the process size limit was hit
# Possible solutions:
#   Reduce memory load on the system
#   Increase physical memory or swap space
#   Check if swap backing store is full
#   Use 64 bit Java on a 64 bit OS
#   Decrease Java heap size (-Xmx/-Xms)
#   Decrease number of Java threads
#   Decrease Java thread stack sizes (-Xss)
#   Set larger code cache with -XX:ReservedCodeCacheSize=
# This output file may be truncated or incomplete.
#
#  Out of Memory Error (allocation.cpp:390), pid=4652, tid=9344
#
# JRE version: Java(TM) SE Runtime Environment (8.0_20-b26) (build 1.8.0_20-b26)
# Java VM: Java HotSpot(TM) 64-Bit Server VM (25.20-b23 mixed mode windows-amd64 compressed oops)
# Failed to write core dump. Minidumps are not enabled by default on client versions of Windows
#

---------------  T H R E A D  ---------------

Current thread (0x000000000771c800):  JavaThread "C2 CompilerThread1" daemon [_thread_in_native, id=9344, stack(0x00000000090a0000,0x00000000091a0000)]

Stack: [0x00000000090a0000,0x00000000091a0000]
Native frames: (J=compiled Java code, j=interpreted, Vv=VM code, C=native code)
V  [jvm.dll+0x3152fa]
V  [jvm.dll+0x265d03]
V  [jvm.dll+0x266943]
V  [jvm.dll+0x25e265]
V  [jvm.dll+0xbe255]
V  [jvm.dll+0xbe6fc]
V  [jvm.dll+0x477e2c]
V  [jvm.dll+0x444cc3]
V  [jvm.dll+0x4500de]
V  [jvm.dll+0x4526c8]
V  [jvm.dll+0x435fc2]
V  [jvm.dll+0x97b62]
V  [jvm.dll+0x98353]
V  [jvm.dll+0x22aac4]
V  [jvm.dll+0x283f5a]
C  [msvcr100.dll+0x21d9f]
C  [msvcr100.dll+0x21e3b]
C  [kernel32.dll+0x15a4d]
C  [ntdll.dll+0x2b831]


Current CompileTask:
C2:  19400 1999       4       com.android.dx.ssa.LocalVariableExtractor::processBlock (383 bytes)


---------------  P R O C E S S  ---------------

Java Threads: ( => current thread )
  0x0000000007725000 JavaThread "Service Thread" daemon [_thread_blocked, id=9360, stack(0x0000000008f90000,0x0000000009090000)]
  0x0000000007720000 JavaThread "C1 CompilerThread3" daemon [_thread_blocked, id=9356, stack(0x0000000009480000,0x0000000009580000)]
  0x000000000771f000 JavaThread "C2 CompilerThread2" daemon [_thread_in_vm, id=9352, stack(0x0000000009270000,0x0000000009370000)]
=>0x000000000771c800 JavaThread "C2 CompilerThread1" daemon [_thread_in_native, id=9344, stack(0x00000000090a0000,0x00000000091a0000)]
  0x00000000076c4800 JavaThread "C2 CompilerThread0" daemon [_thread_blocked, id=9052, stack(0x0000000008e80000,0x0000000008f80000)]
  0x00000000076c1000 JavaThread "Attach Listener" daemon [_thread_blocked, id=6640, stack(0x0000000008ca0000,0x0000000008da0000)]
  0x00000000076bf000 JavaThread "Signal Dispatcher" daemon [_thread_blocked, id=6908, stack(0x00000000085e0000,0x00000000086e0000)]
  0x0000000006606000 JavaThread "Finalizer" daemon [_thread_blocked, id=8556, stack(0x0000000008b00000,0x0000000008c00000)]
  0x0000000007673800 JavaThread "Reference Handler" daemon [_thread_blocked, id=5064, stack(0x0000000008950000,0x0000000008a50000)]
  0x00000000021be000 JavaThread "main" [_thread_in_Java, id=3224, stack(0x00000000024b0000,0x00000000025b0000)]

Other Threads:
  0x0000000007670800 VMThread [stack: 0x0000000008760000,0x0000000008860000] [id=5896]
  0x000000000772a000 WatcherThread [stack: 0x00000000096a0000,0x00000000097a0000] [id=9368]

VM state:not at safepoint (normal execution)

VM Mutex/Monitor currently owned by a thread: None

Heap:
 PSYoungGen      total 71680K, used 67292K [0x00000000eab00000, 0x00000000f3700000, 0x0000000100000000)
  eden space 66560K, 93% used [0x00000000eab00000,0x00000000ee7bc900,0x00000000eec00000)
  from space 5120K, 99% used [0x00000000eec00000,0x00000000ef0faa80,0x00000000ef100000)
  to   space 5120K, 0% used [0x00000000f3200000,0x00000000f3200000,0x00000000f3700000)
 ParOldGen       total 87552K, used 14142K [0x00000000c0000000, 0x00000000c5580000, 0x00000000eab00000)
  object space 87552K, 16% used [0x00000000c0000000,0x00000000c0dcfaf8,0x00000000c5580000)
 Metaspace       used 6350K, capacity 7192K, committed 7424K, reserved 1056768K
  class space    used 618K, capacity 656K, committed 768K, reserved 1048576K

Card table byte_map: [0x0000000002c40000,0x0000000002e50000] byte_map_base: 0x0000000002640000

Marking Bits: (ParMarkBitMap*) 0x000000005168b460
 Begin Bits: [0x0000000003a20000, 0x0000000004a20000)
 End Bits:   [0x0000000004a20000, 0x0000000005a20000)

Polling page: 0x0000000000330000

CodeCache: size=245760Kb used=9423Kb max_used=9430Kb free=236336Kb
 bounds [0x000000000f010000, 0x000000000f960000, 0x000000001e010000]
 total_blobs=2273 nmethods=2008 adapters=178
 compilation: enabled

Compilation events (10 events):
Event: 19.168 Thread 0x0000000007720000 nmethod 2007 0x000000000f931e10 code [0x000000000f931f80, 0x000000000f9321a8]
Event: 19.168 Thread 0x0000000007720000 2008       1       com.android.dx.dex.file.ClassDefItem::getThisClass (5 bytes)
Event: 19.168 Thread 0x0000000007720000 nmethod 2008 0x000000000f931b50 code [0x000000000f931ca0, 0x000000000f931db0]
Event: 19.173 Thread 0x00000000076c4800 nmethod 2000 0x000000000f933790 code [0x000000000f9338e0, 0x000000000f933c78]
Event: 19.173 Thread 0x00000000076c4800 2004       4       com.android.dx.dex.code.BlockAddresses::setupArrays (113 bytes)
Event: 19.186 Thread 0x00000000076c4800 nmethod 2004 0x000000000f93aad0 code [0x000000000f93ac80, 0x000000000f93b3f8]
Event: 19.186 Thread 0x00000000076c4800 1983       4       com.android.dx.ssa.LocalVariableInfo::mergeStarts (59 bytes)
Event: 19.234 Thread 0x00000000076c4800 nmethod 1983 0x000000000f92cd10 code [0x000000000f92cf00, 0x000000000f92e168]
Event: 19.234 Thread 0x00000000076c4800 1987       4       com.android.dx.rop.code.RegisterSpec::getBasicType (10 bytes)
Event: 19.235 Thread 0x00000000076c4800 nmethod 1987 0x000000000f8d5ed0 code [0x000000000f8d6020, 0x000000000f8d60b8]

GC Heap History (6 events):
Event: 2.945 GC heap before
{Heap before GC invocations=1 (full 0):
 PSYoungGen      total 38400K, used 33280K [0x00000000eab00000, 0x00000000ed580000, 0x0000000100000000)
  eden space 33280K, 100% used [0x00000000eab00000,0x00000000ecb80000,0x00000000ecb80000)
  from space 5120K, 0% used [0x00000000ed080000,0x00000000ed080000,0x00000000ed580000)
  to   space 5120K, 0% used [0x00000000ecb80000,0x00000000ecb80000,0x00000000ed080000)
 ParOldGen       total 87552K, used 0K [0x00000000c0000000, 0x00000000c5580000, 0x00000000eab00000)
  object space 87552K, 0% used [0x00000000c0000000,0x00000000c0000000,0x00000000c5580000)
 Metaspace       used 5905K, capacity 6896K, committed 7040K, reserved 1056768K
  class space    used 588K, capacity 616K, committed 640K, reserved 1048576K
Event: 3.623 GC heap after
Heap after GC invocations=1 (full 0):
 PSYoungGen      total 38400K, used 5092K [0x00000000eab00000, 0x00000000ef600000, 0x0000000100000000)
  eden space 33280K, 0% used [0x00000000eab00000,0x00000000eab00000,0x00000000ecb80000)
  from space 5120K, 99% used [0x00000000ecb80000,0x00000000ed0792f0,0x00000000ed080000)
  to   space 5120K, 0% used [0x00000000ef100000,0x00000000ef100000,0x00000000ef600000)
 ParOldGen       total 87552K, used 955K [0x00000000c0000000, 0x00000000c5580000, 0x00000000eab00000)
  object space 87552K, 1% used [0x00000000c0000000,0x00000000c00eed70,0x00000000c5580000)
 Metaspace       used 5905K, capacity 6896K, committed 7040K, reserved 1056768K
  class space    used 588K, capacity 616K, committed 640K, reserved 1048576K
}
Event: 8.462 GC heap before
{Heap before GC invocations=2 (full 0):
 PSYoungGen      total 38400K, used 38372K [0x00000000eab00000, 0x00000000ef600000, 0x0000000100000000)
  eden space 33280K, 100% used [0x00000000eab00000,0x00000000ecb80000,0x00000000ecb80000)
  from space 5120K, 99% used [0x00000000ecb80000,0x00000000ed0792f0,0x00000000ed080000)
  to   space 5120K, 0% used [0x00000000ef100000,0x00000000ef100000,0x00000000ef600000)
 ParOldGen       total 87552K, used 955K [0x00000000c0000000, 0x00000000c5580000, 0x00000000eab00000)
  object space 87552K, 1% used [0x00000000c0000000,0x00000000c00eed70,0x00000000c5580000)
 Metaspace       used 6066K, capacity 7024K, committed 7296K, reserved 1056768K
  class space    used 589K, capacity 616K, committed 640K, reserved 1048576K
Event: 10.067 GC heap after
Heap after GC invocations=2 (full 0):
 PSYoungGen      total 71680K, used 5088K [0x00000000eab00000, 0x00000000ef600000, 0x0000000100000000)
  eden space 66560K, 0% used [0x00000000eab00000,0x00000000eab00000,0x00000000eec00000)
  from space 5120K, 99% used [0x00000000ef100000,0x00000000ef5f8168,0x00000000ef600000)
  to   space 5120K, 0% used [0x00000000eec00000,0x00000000eec00000,0x00000000ef100000)
 ParOldGen       total 87552K, used 4696K [0x00000000c0000000, 0x00000000c5580000, 0x00000000eab00000)
  object space 87552K, 5% used [0x00000000c0000000,0x00000000c04962e8,0x00000000c5580000)
 Metaspace       used 6066K, capacity 7024K, committed 7296K, reserved 1056768K
  class space    used 589K, capacity 616K, committed 640K, reserved 1048576K
}
Event: 15.329 GC heap before
{Heap before GC invocations=3 (full 0):
 PSYoungGen      total 71680K, used 71648K [0x00000000eab00000, 0x00000000ef600000, 0x0000000100000000)
  eden space 66560K, 100% used [0x00000000eab00000,0x00000000eec00000,0x00000000eec00000)
  from space 5120K, 99% used [0x00000000ef100000,0x00000000ef5f8168,0x00000000ef600000)
  to   space 5120K, 0% used [0x00000000eec00000,0x00000000eec00000,0x00000000ef100000)
 ParOldGen       total 87552K, used 4696K [0x00000000c0000000, 0x00000000c5580000, 0x00000000eab00000)
  object space 87552K, 5% used [0x00000000c0000000,0x00000000c04962e8,0x00000000c5580000)
 Metaspace       used 6255K, capacity 7128K, committed 7424K, reserved 1056768K
  class space    used 613K, capacity 656K, committed 768K, reserved 1048576K
Event: 15.695 GC heap after
Heap after GC invocations=3 (full 0):
 PSYoungGen      total 71680K, used 5098K [0x00000000eab00000, 0x00000000f3700000, 0x0000000100000000)
  eden space 66560K, 0% used [0x00000000eab00000,0x00000000eab00000,0x00000000eec00000)
  from space 5120K, 99% used [0x00000000eec00000,0x00000000ef0faa80,0x00000000ef100000)
  to   space 5120K, 0% used [0x00000000f3200000,0x00000000f3200000,0x00000000f3700000)
 ParOldGen       total 87552K, used 14142K [0x00000000c0000000, 0x00000000c5580000, 0x00000000eab00000)
  object space 87552K, 16% used [0x00000000c0000000,0x00000000c0dcfaf8,0x00000000c5580000)
 Metaspace       used 6255K, capacity 7128K, committed 7424K, reserved 1056768K
  class space    used 613K, capacity 656K, committed 768K, reserved 1048576K
}

Deoptimization events (10 events):
Event: 15.310 Thread 0x0000000007883800 Uncommon trap: reason=unreached action=reinterpret pc=0x000000000f5f02dc method=java.util.HashMap.resize()[Ljava/util/HashMap$Node; @ 206
Event: 15.983 Thread 0x00000000079fe800 Uncommon trap: reason=bimorphic action=maybe_recompile pc=0x000000000f550884 method=com.android.dx.ssa.LiteralOpUpgrader.tryReplacingWithConstant(Lcom/android/dx/ssa/NormalSsaInsn;)Z @ 52
Event: 17.485 Thread 0x0000000007883800 Uncommon trap: reason=class_check action=maybe_recompile pc=0x000000000f7e8054 method=com.android.dx.cf.code.RopperMachine.run(Lcom/android/dx/cf/code/Frame;II)V @ 1024
Event: 17.500 Thread 0x0000000007883800 Uncommon trap: reason=bimorphic action=maybe_recompile pc=0x000000000f7bcb20 method=com.android.dx.cf.code.BytecodeArray.parseInstruction(ILcom/android/dx/cf/code/BytecodeArray$Visitor;)I @ 2484
Event: 17.515 Thread 0x0000000007883800 Uncommon trap: reason=bimorphic action=maybe_recompile pc=0x000000000f7bcb20 method=com.android.dx.cf.code.BytecodeArray.parseInstruction(ILcom/android/dx/cf/code/BytecodeArray$Visitor;)I @ 2484
Event: 18.282 Thread 0x00000000079f8000 Uncommon trap: reason=unreached action=reinterpret pc=0x000000000f574634 method=com.android.dx.ssa.LocalVariableExtractor.processBlock(I)V @ 251
Event: 19.133 Thread 0x00000000079f8000 Uncommon trap: reason=class_check action=maybe_recompile pc=0x000000000f881f3c method=com.android.dx.ssa.back.FirstFitLocalCombiningAllocator.findNextUnreservedRopReg(IILcom/android/dx/ssa/back/FirstFitLocalCombiningAllocator$Alignment;)I @ 60
Event: 19.136 Thread 0x00000000079f8000 Uncommon trap: reason=class_check action=maybe_recompile pc=0x000000000f881f3c method=com.android.dx.ssa.back.FirstFitLocalCombiningAllocator.findNextUnreservedRopReg(IILcom/android/dx/ssa/back/FirstFitLocalCombiningAllocator$Alignment;)I @ 60
Event: 19.140 Thread 0x00000000079f8000 Uncommon trap: reason=class_check action=maybe_recompile pc=0x000000000f6fc378 method=com.android.dx.ssa.back.FirstFitLocalCombiningAllocator.findNextUnreservedRopReg(IILcom/android/dx/ssa/back/FirstFitLocalCombiningAllocator$Alignment;)I @ 60
Event: 19.143 Thread 0x00000000079f8000 Uncommon trap: reason=class_check action=maybe_recompile pc=0x000000000f6fc378 method=com.android.dx.ssa.back.FirstFitLocalCombiningAllocator.findNextUnreservedRopReg(IILcom/android/dx/ssa/back/FirstFitLocalCombiningAllocator$Alignment;)I @ 60

Internal exceptions (10 events):
Event: 11.681 Thread 0x00000000079f8000 Exception <a 'java/lang/ArrayIndexOutOfBoundsException'> (0x00000000eadb30a8) thrown at [D:\re\workspace\8-2-build-windows-amd64-cygwin\jdk8u20\1074\hotspot\src\share\vm\runtime\sharedRuntime.cpp, line 604]
Event: 12.609 Thread 0x00000000079f8000 Implicit null exception at 0x000000000f29f053 to 0x000000000f2a10e1
Event: 12.790 Thread 0x00000000021be000 Exception <a 'java/security/PrivilegedActionException'> (0x00000000ebb38d40) thrown at [D:\re\workspace\8-2-build-windows-amd64-cygwin\jdk8u20\1074\hotspot\src\share\vm\prims\jvm.cpp, line 1275]
Event: 12.801 Thread 0x00000000021be000 Exception <a 'java/security/PrivilegedActionException'> (0x00000000ebb3b410) thrown at [D:\re\workspace\8-2-build-windows-amd64-cygwin\jdk8u20\1074\hotspot\src\share\vm\prims\jvm.cpp, line 1275]
Event: 12.803 Thread 0x00000000021be000 Exception <a 'java/security/PrivilegedActionException'> (0x00000000ebb52778) thrown at [D:\re\workspace\8-2-build-windows-amd64-cygwin\jdk8u20\1074\hotspot\src\share\vm\prims\jvm.cpp, line 1275]
Event: 12.804 Thread 0x00000000021be000 Exception <a 'java/security/PrivilegedActionException'> (0x00000000ebb54c88) thrown at [D:\re\workspace\8-2-build-windows-amd64-cygwin\jdk8u20\1074\hotspot\src\share\vm\prims\jvm.cpp, line 1275]
Event: 12.903 Thread 0x00000000079f6800 Exception <a 'java/security/PrivilegedActionException'> (0x00000000eb25d3e0) thrown at [D:\re\workspace\8-2-build-windows-amd64-cygwin\jdk8u20\1074\hotspot\src\share\vm\prims\jvm.cpp, line 1275]
Event: 12.903 Thread 0x00000000079f6800 Exception <a 'java/security/PrivilegedActionException'> (0x00000000eb262b68) thrown at [D:\re\workspace\8-2-build-windows-amd64-cygwin\jdk8u20\1074\hotspot\src\share\vm\prims\jvm.cpp, line 1275]
Event: 12.905 Thread 0x00000000079f6800 Exception <a 'java/security/PrivilegedActionException'> (0x00000000eb267fc0) thrown at [D:\re\workspace\8-2-build-windows-amd64-cygwin\jdk8u20\1074\hotspot\src\share\vm\prims\jvm.cpp, line 1275]
Event: 18.589 Thread 0x00000000021be000 Exception <a 'java/security/PrivilegedActionException'> (0x00000000ebef9c80) thrown at [D:\re\workspace\8-2-build-windows-amd64-cygwin\jdk8u20\1074\hotspot\src\share\vm\prims\jvm.cpp, line 1275]

Events (10 events):
Event: 19.149 loading class java/util/HashMap$KeySet done
Event: 19.149 loading class java/util/HashMap$KeyIterator
Event: 19.149 loading class java/util/HashMap$KeyIterator done
Event: 19.149 Thread 0x00000000079fe800 Thread exited: 0x00000000079fe800
Event: 19.157 Thread 0x0000000007883800 DEOPT PACKING pc=0x000000000f539b7d sp=0x000000000a0cec70
Event: 19.157 Thread 0x0000000007883800 DEOPT UNPACKING pc=0x000000000f0575bf sp=0x000000000a0ce9d8 mode 0
Event: 19.163 Thread 0x00000000079f6800 Thread exited: 0x00000000079f6800
Event: 19.165 Thread 0x00000000079f8000 Thread exited: 0x00000000079f8000
Event: 19.167 Thread 0x0000000007883800 Thread exited: 0x0000000007883800
Event: 19.288 Thread 0x0000000007973800 Thread exited: 0x0000000007973800


Dynamic libraries:
0x000000013f0b0000 - 0x000000013f0e4000 	C:\Program Files\Java\jdk1.8.0_20\bin\java.exe
0x0000000077670000 - 0x0000000077819000 	C:\Windows\SYSTEM32\ntdll.dll
0x0000000077450000 - 0x0000000077570000 	C:\Windows\system32\kernel32.dll
0x000007fefd5a0000 - 0x000007fefd60c000 	C:\Windows\system32\KERNELBASE.dll
0x000007feff0d0000 - 0x000007feff1ab000 	C:\Windows\system32\ADVAPI32.dll
0x000007feff1b0000 - 0x000007feff24f000 	C:\Windows\system32\msvcrt.dll
0x000007fefdf10000 - 0x000007fefdf2f000 	C:\Windows\SYSTEM32\sechost.dll
0x000007fefdcf0000 - 0x000007fefde1d000 	C:\Windows\system32\RPCRT4.dll
0x0000000077570000 - 0x000000007766a000 	C:\Windows\system32\USER32.dll
0x000007fefdf30000 - 0x000007fefdf97000 	C:\Windows\system32\GDI32.dll
0x000007feff970000 - 0x000007feff97e000 	C:\Windows\system32\LPK.dll
0x000007fefde40000 - 0x000007fefdf0a000 	C:\Windows\system32\USP10.dll
0x000007fefbcc0000 - 0x000007fefbeb4000 	C:\Windows\WinSxS\amd64_microsoft.windows.common-controls_6595b64144ccf1df_6.0.7601.18837_none_fa3b1e3d17594757\COMCTL32.dll
0x000007feff050000 - 0x000007feff0c1000 	C:\Windows\system32\SHLWAPI.dll
0x000007fefee90000 - 0x000007fefeebe000 	C:\Windows\system32\IMM32.DLL
0x000007fefdfa0000 - 0x000007fefe0a9000 	C:\Windows\system32\MSCTF.dll
0x000007fefd330000 - 0x000007fefd371000 	C:\Windows\system32\nvinitx.dll
0x000000000f000000 - 0x000000000f006000 	C:\Program Files\NVIDIA Corporation\CoProcManager\_etoured.dll
0x000007fef93e0000 - 0x000007fef9436000 	C:\Program Files\NVIDIA Corporation\CoProcManager\nvd3d9wrapx.dll
0x000007feff790000 - 0x000007feff967000 	C:\Windows\system32\SETUPAPI.dll
0x000007fefd610000 - 0x000007fefd646000 	C:\Windows\system32\CFGMGR32.dll
0x000007feff650000 - 0x000007feff727000 	C:\Windows\system32\OLEAUT32.dll
0x000007fefda40000 - 0x000007fefdc43000 	C:\Windows\system32\ole32.dll
0x000007fefd550000 - 0x000007fefd56a000 	C:\Windows\system32\DEVOBJ.dll
0x000007fef9240000 - 0x000007fef927d000 	C:\Program Files\NVIDIA Corporation\CoProcManager\nvdxgiwrapx.dll
0x0000000050c30000 - 0x0000000050d02000 	C:\Program Files\Java\jdk1.8.0_20\jre\bin\msvcr100.dll
0x0000000050eb0000 - 0x0000000051708000 	C:\Program Files\Java\jdk1.8.0_20\jre\bin\server\jvm.dll
0x000007feecaa0000 - 0x000007feecaa9000 	C:\Windows\system32\WSOCK32.dll
0x000007fefee40000 - 0x000007fefee8d000 	C:\Windows\system32\WS2_32.dll
0x000007feff520000 - 0x000007feff528000 	C:\Windows\system32\NSI.dll
0x000007fefa970000 - 0x000007fefa9ab000 	C:\Windows\system32\WINMM.dll
0x0000000077840000 - 0x0000000077847000 	C:\Windows\system32\PSAPI.DLL
0x000000006b010000 - 0x000000006b01f000 	C:\Program Files\Java\jdk1.8.0_20\jre\bin\verify.dll
0x000000006afe0000 - 0x000000006b008000 	C:\Program Files\Java\jdk1.8.0_20\jre\bin\java.dll
0x000000006afc0000 - 0x000000006afd6000 	C:\Program Files\Java\jdk1.8.0_20\jre\bin\zip.dll
0x000007fefe0b0000 - 0x000007fefee39000 	C:\Windows\system32\SHELL32.dll
0x000007fefd420000 - 0x000007fefd42f000 	C:\Windows\system32\profapi.dll
0x000007feef140000 - 0x000007feef265000 	C:\Windows\system32\dbghelp.dll

VM Arguments:
jvm_args: -Xmx1024M -Dfile.encoding=windows-1252 -Duser.country=DK -Duser.language=da -Duser.variant 
java_command: com.android.dx.command.Main --dex --num-threads=4 --output D:\AndroidProject\hihgSpeet\app\build\intermediates\pre-dexed\debug\classes-da73c66da65e80a4399f8a8f8be7bb9ef8c36b6b.jar D:\AndroidProject\hihgSpeet\app\build\intermediates\exploded-aar\com.android.support\recyclerview-v7\23.1.1\jars\classes.jar
java_class_path (initial): D:\sdk1\build-tools\23.0.2\lib\dx.jar
Launcher Type: SUN_STANDARD

Environment Variables:
JAVA_HOME=C:\Program Files\Java\jdk1.8.0_20
PATH=C:\Ruby21-x64\bin;C:\Program Files (x86)\NVIDIA Corporation\PhysX\Common;C:\oraclexe\app\oracle\product\11.2.0\server\bin;C:\Program Files\Common Files\Microsoft Shared\Windows Live;C:\Program Files (x86)\Common Files\Microsoft Shared\Windows Live;C:\Windows\system32;C:\Windows;C:\Windows\System32\Wbem;C:\Windows\System32\WindowsPowerShell\v1.0\;C:\Program Files (x86)\Windows Live\Shared;C:\Program Files (x86)\IVI Foundation\VISA\WinNT\Bin\;C:\Program Files\IVI Foundation\VISA\Win64\Bin\;C:\Program Files (x86)\Git\cmd;C:\Program Files\nodejs\;C:\Program Files (x86)\Skype\Phone\;C:\Users\Søren\AppData\Roaming\npm
USERNAME=Søren
OS=Windows_NT
PROCESSOR_IDENTIFIER=Intel64 Family 6 Model 58 Stepping 9, GenuineIntel



---------------  S Y S T E M  ---------------

OS: Windows 7 , 64 bit Build 7601 Service Pack 1

CPU:total 8 (4 cores per cpu, 2 threads per core) family 6 model 58 stepping 9, cmov, cx8, fxsr, mmx, sse, sse2, sse3, ssse3, sse4.1, sse4.2, popcnt, avx, aes, clmul, erms, ht, tsc, tscinvbit, tscinv

Memory: 4k page, physical 8278916k(79524k free), swap 11158020k(8312k free)

vm_info: Java HotSpot(TM) 64-Bit Server VM (25.20-b23) for windows-amd64 JRE (1.8.0_20-b26), built on Jul 30 2014 13:51:23 by "java_re" with MS VC++ 10.0 (VS2010)

time: Mon Dec 14 10:45:19 2015
elapsed time: 19 seconds (0d 0h 0m 19s)

