#
# There is insufficient memory for the Java Runtime Environment to continue.
# Native memory allocation (malloc) failed to allocate 65552 bytes for Chunk::new
# Possible reasons:
#   The system is out of physical RAM or swap space
#   In 32 bit mode, the process size limit was hit
# Possible solutions:
#   Reduce memory load on the system
#   Increase physical memory or swap space
#   Check if swap backing store is full
#   Use 64 bit Java on a 64 bit OS
#   Decrease Java heap size (-Xmx/-Xms)
#   Decrease number of Java threads
#   Decrease Java thread stack sizes (-Xss)
#   Set larger code cache with -XX:ReservedCodeCacheSize=
# This output file may be truncated or incomplete.
#
#  Out of Memory Error (allocation.cpp:390), pid=9820, tid=9892
#
# JRE version: Java(TM) SE Runtime Environment (8.0_20-b26) (build 1.8.0_20-b26)
# Java VM: Java HotSpot(TM) 64-Bit Server VM (25.20-b23 mixed mode windows-amd64 compressed oops)
# Failed to write core dump. Minidumps are not enabled by default on client versions of Windows
#

---------------  T H R E A D  ---------------

Current thread (0x00000000076d8000):  JavaThread "C2 CompilerThread1" daemon [_thread_in_native, id=9892, stack(0x0000000009000000,0x0000000009100000)]

Stack: [0x0000000009000000,0x0000000009100000]
Native frames: (J=compiled Java code, j=interpreted, Vv=VM code, C=native code)
V  [jvm.dll+0x3152fa]


Current CompileTask:
C2:   4668 1394       4       com.android.dx.ssa.back.LivenessAnalyzer::run (231 bytes)


---------------  P R O C E S S  ---------------

Java Threads: ( => current thread )
  0x000000000793c000 JavaThread "pool-1-thread-4" [_thread_in_Java, id=9736, stack(0x000000000a340000,0x000000000a440000)]
  0x000000000793b800 JavaThread "pool-1-thread-3" [_thread_in_Java, id=9740, stack(0x000000000a140000,0x000000000a240000)]
  0x00000000097c4000 JavaThread "pool-1-thread-2" [_thread_in_Java, id=9748, stack(0x000000000a030000,0x000000000a130000)]
  0x0000000007938800 JavaThread "pool-2-thread-1" [_thread_blocked, id=9824, stack(0x0000000009500000,0x0000000009600000)]
  0x0000000007938000 JavaThread "pool-1-thread-1" [_thread_blocked, id=10232, stack(0x0000000009270000,0x0000000009370000)]
  0x0000000007758000 JavaThread "Service Thread" daemon [_thread_blocked, id=9720, stack(0x00000000093e0000,0x00000000094e0000)]
  0x00000000076e0800 JavaThread "C1 CompilerThread3" daemon [_thread_in_vm, id=9812, stack(0x0000000009160000,0x0000000009260000)]
  0x00000000076db000 JavaThread "C2 CompilerThread2" daemon [_thread_in_native, id=9864, stack(0x0000000008d90000,0x0000000008e90000)]
=>0x00000000076d8000 JavaThread "C2 CompilerThread1" daemon [_thread_in_native, id=9892, stack(0x0000000009000000,0x0000000009100000)]
  0x00000000076d4000 JavaThread "C2 CompilerThread0" daemon [_thread_in_native, id=9624, stack(0x0000000008e90000,0x0000000008f90000)]
  0x00000000076d0800 JavaThread "Attach Listener" daemon [_thread_blocked, id=9648, stack(0x0000000008ab0000,0x0000000008bb0000)]
  0x00000000076ce800 JavaThread "Signal Dispatcher" daemon [_thread_blocked, id=9644, stack(0x0000000008c00000,0x0000000008d00000)]
  0x0000000006505800 JavaThread "Finalizer" daemon [_thread_blocked, id=9640, stack(0x00000000087f0000,0x00000000088f0000)]
  0x000000000222f000 JavaThread "Reference Handler" daemon [_thread_blocked, id=9784, stack(0x0000000008960000,0x0000000008a60000)]
  0x000000000226e000 JavaThread "main" [_thread_in_Java, id=9916, stack(0x0000000002460000,0x0000000002560000)]

Other Threads:
  0x000000000222c800 VMThread [stack: 0x00000000086a0000,0x00000000087a0000] [id=8232]
  0x0000000007759000 WatcherThread [stack: 0x0000000009640000,0x0000000009740000] [id=9836]

VM state:not at safepoint (normal execution)

VM Mutex/Monitor currently owned by a thread: None

Heap:
 PSYoungGen      total 71680K, used 15069K [0x00000000eab00000, 0x00000000ef600000, 0x0000000100000000)
  eden space 66560K, 14% used [0x00000000eab00000,0x00000000eb4b9ae0,0x00000000eec00000)
  from space 5120K, 99% used [0x00000000ef100000,0x00000000ef5fd988,0x00000000ef600000)
  to   space 5120K, 0% used [0x00000000eec00000,0x00000000eec00000,0x00000000ef100000)
 ParOldGen       total 87552K, used 5300K [0x00000000c0000000, 0x00000000c5580000, 0x00000000eab00000)
  object space 87552K, 6% used [0x00000000c0000000,0x00000000c052d228,0x00000000c5580000)
 Metaspace       used 6056K, capacity 7024K, committed 7296K, reserved 1056768K
  class space    used 593K, capacity 616K, committed 640K, reserved 1048576K

Card table byte_map: [0x0000000002bf0000,0x0000000002e00000] byte_map_base: 0x00000000025f0000

Marking Bits: (ParMarkBitMap*) 0x000000005168b460
 Begin Bits: [0x0000000003920000, 0x0000000004920000)
 End Bits:   [0x0000000004920000, 0x0000000005920000)

Polling page: 0x0000000000340000

CodeCache: size=245760Kb used=5492Kb max_used=5492Kb free=240267Kb
 bounds [0x000000000f010000, 0x000000000f580000, 0x000000001e010000]
 total_blobs=1678 nmethods=1412 adapters=178
 compilation: enabled

Compilation events (10 events):
Event: 3.701 Thread 0x00000000076e0800 nmethod 1430 0x000000000f541cd0 code [0x000000000f541e80, 0x000000000f542468]
Event: 3.701 Thread 0x00000000076e0800 1433       2       com.android.dx.cf.direct.DirectClassFile::getAccessFlags (9 bytes)
Event: 3.701 Thread 0x00000000076e0800 nmethod 1433 0x000000000f541910 code [0x000000000f541a80, 0x000000000f541c08]
Event: 3.702 Thread 0x00000000076e0800 1436       2       com.android.dx.ssa.PhiInsn::getOpcode (2 bytes)
Event: 3.703 Thread 0x00000000076e0800 nmethod 1436 0x000000000f5415d0 code [0x000000000f541720, 0x000000000f541870]
Event: 3.703 Thread 0x00000000076e0800 1437       2       com.android.dx.cf.code.OneLocalsArray::makeInitialized (55 bytes)
Event: 3.703 Thread 0x00000000076e0800 nmethod 1437 0x000000000f568b50 code [0x000000000f568ce0, 0x000000000f569058]
Event: 3.706 Thread 0x00000000076e0800 1438       2       com.android.dx.ssa.PhiInsn::mapSourceRegisters (78 bytes)
Event: 4.665 Thread 0x00000000076e0800 nmethod 1438 0x000000000f56f010 code [0x000000000f56f1a0, 0x000000000f56f528]
Event: 4.665 Thread 0x00000000076e0800 1442       1       com.android.dx.rop.cst.CstString::getType (4 bytes)

GC Heap History (4 events):
Event: 1.989 GC heap before
{Heap before GC invocations=1 (full 0):
 PSYoungGen      total 38400K, used 33280K [0x00000000eab00000, 0x00000000ed580000, 0x0000000100000000)
  eden space 33280K, 100% used [0x00000000eab00000,0x00000000ecb80000,0x00000000ecb80000)
  from space 5120K, 0% used [0x00000000ed080000,0x00000000ed080000,0x00000000ed580000)
  to   space 5120K, 0% used [0x00000000ecb80000,0x00000000ecb80000,0x00000000ed080000)
 ParOldGen       total 87552K, used 0K [0x00000000c0000000, 0x00000000c5580000, 0x00000000eab00000)
  object space 87552K, 0% used [0x00000000c0000000,0x00000000c0000000,0x00000000c5580000)
 Metaspace       used 5897K, capacity 6896K, committed 7040K, reserved 1056768K
  class space    used 592K, capacity 616K, committed 640K, reserved 1048576K
Event: 3.452 GC heap after
Heap after GC invocations=1 (full 0):
 PSYoungGen      total 38400K, used 5106K [0x00000000eab00000, 0x00000000ef600000, 0x0000000100000000)
  eden space 33280K, 0% used [0x00000000eab00000,0x00000000eab00000,0x00000000ecb80000)
  from space 5120K, 99% used [0x00000000ecb80000,0x00000000ed07ca28,0x00000000ed080000)
  to   space 5120K, 0% used [0x00000000ef100000,0x00000000ef100000,0x00000000ef600000)
 ParOldGen       total 87552K, used 1015K [0x00000000c0000000, 0x00000000c5580000, 0x00000000eab00000)
  object space 87552K, 1% used [0x00000000c0000000,0x00000000c00fdd90,0x00000000c5580000)
 Metaspace       used 5897K, capacity 6896K, committed 7040K, reserved 1056768K
  class space    used 592K, capacity 616K, committed 640K, reserved 1048576K
}
Event: 3.804 GC heap before
{Heap before GC invocations=2 (full 0):
 PSYoungGen      total 38400K, used 38386K [0x00000000eab00000, 0x00000000ef600000, 0x0000000100000000)
  eden space 33280K, 100% used [0x00000000eab00000,0x00000000ecb80000,0x00000000ecb80000)
  from space 5120K, 99% used [0x00000000ecb80000,0x00000000ed07ca28,0x00000000ed080000)
  to   space 5120K, 0% used [0x00000000ef100000,0x00000000ef100000,0x00000000ef600000)
 ParOldGen       total 87552K, used 1015K [0x00000000c0000000, 0x00000000c5580000, 0x00000000eab00000)
  object space 87552K, 1% used [0x00000000c0000000,0x00000000c00fdd90,0x00000000c5580000)
 Metaspace       used 6048K, capacity 7024K, committed 7296K, reserved 1056768K
  class space    used 593K, capacity 616K, committed 640K, reserved 1048576K
Event: 4.604 GC heap after
Heap after GC invocations=2 (full 0):
 PSYoungGen      total 71680K, used 5110K [0x00000000eab00000, 0x00000000ef600000, 0x0000000100000000)
  eden space 66560K, 0% used [0x00000000eab00000,0x00000000eab00000,0x00000000eec00000)
  from space 5120K, 99% used [0x00000000ef100000,0x00000000ef5fd988,0x00000000ef600000)
  to   space 5120K, 0% used [0x00000000eec00000,0x00000000eec00000,0x00000000ef100000)
 ParOldGen       total 87552K, used 5300K [0x00000000c0000000, 0x00000000c5580000, 0x00000000eab00000)
  object space 87552K, 6% used [0x00000000c0000000,0x00000000c052d228,0x00000000c5580000)
 Metaspace       used 6048K, capacity 7024K, committed 7296K, reserved 1056768K
  class space    used 593K, capacity 616K, committed 640K, reserved 1048576K
}

Deoptimization events (4 events):
Event: 1.876 Thread 0x000000000793c000 Uncommon trap: reason=null_check action=make_not_entrant pc=0x000000000f328b60 method=com.android.dx.ssa.SsaRenamer.getLocalForNewReg(I)Lcom/android/dx/rop/code/LocalItem; @ 19
Event: 1.918 Thread 0x000000000793c000 Uncommon trap: reason=null_check action=make_not_entrant pc=0x000000000f2b01c8 method=com.android.dx.ssa.SsaRenamer.getLocalForNewReg(I)Lcom/android/dx/rop/code/LocalItem; @ 19
Event: 3.590 Thread 0x000000000793c000 Uncommon trap: reason=unreached action=reinterpret pc=0x000000000f249f84 method=com.android.dx.rop.cst.Constant.compareTo(Lcom/android/dx/rop/cst/Constant;)I @ 12
Event: 3.673 Thread 0x000000000226e000 Uncommon trap: reason=bimorphic action=maybe_recompile pc=0x000000000f3e3dc4 method=java.util.HashMap.putVal(ILjava/lang/Object;Ljava/lang/Object;ZZ)Ljava/lang/Object; @ 203

Internal exceptions (10 events):
Event: 1.003 Thread 0x00000000097c4000 Exception <a 'java/security/PrivilegedActionException'> (0x00000000ebbe6270) thrown at [D:\re\workspace\8-2-build-windows-amd64-cygwin\jdk8u20\1074\hotspot\src\share\vm\prims\jvm.cpp, line 1275]
Event: 1.034 Thread 0x000000000226e000 Exception <a 'java/security/PrivilegedActionException'> (0x00000000eb748218) thrown at [D:\re\workspace\8-2-build-windows-amd64-cygwin\jdk8u20\1074\hotspot\src\share\vm\prims\jvm.cpp, line 1275]
Event: 1.129 Thread 0x0000000007938000 Exception <a 'java/security/PrivilegedActionException'> (0x00000000ebdff870) thrown at [D:\re\workspace\8-2-build-windows-amd64-cygwin\jdk8u20\1074\hotspot\src\share\vm\prims\jvm.cpp, line 1275]
Event: 1.147 Thread 0x0000000007938000 Exception <a 'java/security/PrivilegedActionException'> (0x00000000ebe4d8f8) thrown at [D:\re\workspace\8-2-build-windows-amd64-cygwin\jdk8u20\1074\hotspot\src\share\vm\prims\jvm.cpp, line 1275]
Event: 1.173 Thread 0x0000000007938000 Exception <a 'java/security/PrivilegedActionException'> (0x00000000ebeb9268) thrown at [D:\re\workspace\8-2-build-windows-amd64-cygwin\jdk8u20\1074\hotspot\src\share\vm\prims\jvm.cpp, line 1275]
Event: 1.476 Thread 0x000000000226e000 Exception <a 'java/security/PrivilegedActionException'> (0x00000000ec051328) thrown at [D:\re\workspace\8-2-build-windows-amd64-cygwin\jdk8u20\1074\hotspot\src\share\vm\prims\jvm.cpp, line 1275]
Event: 1.876 Thread 0x000000000793c000 Implicit null exception at 0x000000000f32685f to 0x000000000f328b39
Event: 1.918 Thread 0x000000000793c000 Implicit null exception at 0x000000000f2ade8d to 0x000000000f2b01a5
Event: 1.943 Thread 0x000000000793c000 Exception <a 'java/security/PrivilegedActionException'> (0x00000000ec7ce7b0) thrown at [D:\re\workspace\8-2-build-windows-amd64-cygwin\jdk8u20\1074\hotspot\src\share\vm\prims\jvm.cpp, line 1275]
Event: 3.608 Thread 0x000000000226e000 Exception <a 'java/security/PrivilegedActionException'> (0x00000000eba97a60) thrown at [D:\re\workspace\8-2-build-windows-amd64-cygwin\jdk8u20\1074\hotspot\src\share\vm\prims\jvm.cpp, line 1275]

Events (10 events):
Event: 3.590 Thread 0x000000000793c000 Uncommon trap: trap_request=0xffffffad fr.pc=0x000000000f249f84
Event: 3.590 Thread 0x000000000793c000 DEOPT PACKING pc=0x000000000f249f84 sp=0x000000000a43e600
Event: 3.590 Thread 0x000000000793c000 DEOPT UNPACKING pc=0x000000000f05556a sp=0x000000000a43e5a0 mode 2
Event: 3.608 loading class com/android/dx/cf/attrib/AttExceptions
Event: 3.608 loading class com/android/dx/cf/attrib/AttExceptions done
Event: 3.673 Thread 0x000000000226e000 Uncommon trap: trap_request=0xffffffc6 fr.pc=0x000000000f3e3dc4
Event: 3.673 Thread 0x000000000226e000 DEOPT PACKING pc=0x000000000f3e3dc4 sp=0x000000000255e320
Event: 3.673 Thread 0x000000000226e000 DEOPT UNPACKING pc=0x000000000f05556a sp=0x000000000255e298 mode 2
Event: 3.708 Executing VM operation: ParallelGCFailedAllocation
Event: 4.604 Executing VM operation: ParallelGCFailedAllocation done


Dynamic libraries:
0x000000013f0b0000 - 0x000000013f0e4000 	C:\Program Files\Java\jdk1.8.0_20\bin\java.exe
0x0000000077670000 - 0x0000000077819000 	C:\Windows\SYSTEM32\ntdll.dll
0x0000000077450000 - 0x0000000077570000 	C:\Windows\system32\kernel32.dll
0x000007fefd5a0000 - 0x000007fefd60c000 	C:\Windows\system32\KERNELBASE.dll
0x000007feff0d0000 - 0x000007feff1ab000 	C:\Windows\system32\ADVAPI32.dll
0x000007feff1b0000 - 0x000007feff24f000 	C:\Windows\system32\msvcrt.dll
0x000007fefdf10000 - 0x000007fefdf2f000 	C:\Windows\SYSTEM32\sechost.dll
0x000007fefdcf0000 - 0x000007fefde1d000 	C:\Windows\system32\RPCRT4.dll
0x0000000077570000 - 0x000000007766a000 	C:\Windows\system32\USER32.dll
0x000007fefdf30000 - 0x000007fefdf97000 	C:\Windows\system32\GDI32.dll
0x000007feff970000 - 0x000007feff97e000 	C:\Windows\system32\LPK.dll
0x000007fefde40000 - 0x000007fefdf0a000 	C:\Windows\system32\USP10.dll
0x000007fefbcc0000 - 0x000007fefbeb4000 	C:\Windows\WinSxS\amd64_microsoft.windows.common-controls_6595b64144ccf1df_6.0.7601.18837_none_fa3b1e3d17594757\COMCTL32.dll
0x000007feff050000 - 0x000007feff0c1000 	C:\Windows\system32\SHLWAPI.dll
0x000007fefee90000 - 0x000007fefeebe000 	C:\Windows\system32\IMM32.DLL
0x000007fefdfa0000 - 0x000007fefe0a9000 	C:\Windows\system32\MSCTF.dll
0x000007fefd330000 - 0x000007fefd371000 	C:\Windows\system32\nvinitx.dll
0x000000000f000000 - 0x000000000f006000 	C:\Program Files\NVIDIA Corporation\CoProcManager\_etoured.dll
0x000007fef93e0000 - 0x000007fef9436000 	C:\Program Files\NVIDIA Corporation\CoProcManager\nvd3d9wrapx.dll
0x000007feff790000 - 0x000007feff967000 	C:\Windows\system32\SETUPAPI.dll
0x000007fefd610000 - 0x000007fefd646000 	C:\Windows\system32\CFGMGR32.dll
0x000007feff650000 - 0x000007feff727000 	C:\Windows\system32\OLEAUT32.dll
0x000007fefda40000 - 0x000007fefdc43000 	C:\Windows\system32\ole32.dll
0x000007fefd550000 - 0x000007fefd56a000 	C:\Windows\system32\DEVOBJ.dll
0x000007fef9240000 - 0x000007fef927d000 	C:\Program Files\NVIDIA Corporation\CoProcManager\nvdxgiwrapx.dll
0x0000000050c30000 - 0x0000000050d02000 	C:\Program Files\Java\jdk1.8.0_20\jre\bin\msvcr100.dll
0x0000000050eb0000 - 0x0000000051708000 	C:\Program Files\Java\jdk1.8.0_20\jre\bin\server\jvm.dll
0x000007feecaa0000 - 0x000007feecaa9000 	C:\Windows\system32\WSOCK32.dll
0x000007fefee40000 - 0x000007fefee8d000 	C:\Windows\system32\WS2_32.dll
0x000007feff520000 - 0x000007feff528000 	C:\Windows\system32\NSI.dll
0x000007fefa970000 - 0x000007fefa9ab000 	C:\Windows\system32\WINMM.dll
0x0000000077840000 - 0x0000000077847000 	C:\Windows\system32\PSAPI.DLL
0x000000006b010000 - 0x000000006b01f000 	C:\Program Files\Java\jdk1.8.0_20\jre\bin\verify.dll
0x000000006afe0000 - 0x000000006b008000 	C:\Program Files\Java\jdk1.8.0_20\jre\bin\java.dll
0x000000006afc0000 - 0x000000006afd6000 	C:\Program Files\Java\jdk1.8.0_20\jre\bin\zip.dll
0x000007fefe0b0000 - 0x000007fefee39000 	C:\Windows\system32\SHELL32.dll
0x000007fefd420000 - 0x000007fefd42f000 	C:\Windows\system32\profapi.dll

VM Arguments:
jvm_args: -Xmx1024M -Dfile.encoding=windows-1252 -Duser.country=DK -Duser.language=da -Duser.variant 
java_command: com.android.dx.command.Main --dex --num-threads=4 --output D:\AndroidProject\hihgSpeet\app\build\intermediates\pre-dexed\debug\classes-e165c95141817577c4d0e90a0de3a62253ba4222.jar D:\AndroidProject\hihgSpeet\app\build\intermediates\exploded-aar\com.android.support\appcompat-v7\23.1.1\jars\classes.jar
java_class_path (initial): D:\sdk1\build-tools\23.0.2\lib\dx.jar
Launcher Type: SUN_STANDARD

Environment Variables:
JAVA_HOME=C:\Program Files\Java\jdk1.8.0_20
PATH=C:\Ruby21-x64\bin;C:\Program Files (x86)\NVIDIA Corporation\PhysX\Common;C:\oraclexe\app\oracle\product\11.2.0\server\bin;C:\Program Files\Common Files\Microsoft Shared\Windows Live;C:\Program Files (x86)\Common Files\Microsoft Shared\Windows Live;C:\Windows\system32;C:\Windows;C:\Windows\System32\Wbem;C:\Windows\System32\WindowsPowerShell\v1.0\;C:\Program Files (x86)\Windows Live\Shared;C:\Program Files (x86)\IVI Foundation\VISA\WinNT\Bin\;C:\Program Files\IVI Foundation\VISA\Win64\Bin\;C:\Program Files (x86)\Git\cmd;C:\Program Files\nodejs\;C:\Program Files (x86)\Skype\Phone\;C:\Users\Søren\AppData\Roaming\npm
USERNAME=Søren
OS=Windows_NT
PROCESSOR_IDENTIFIER=Intel64 Family 6 Model 58 Stepping 9, GenuineIntel



---------------  S Y S T E M  ---------------

OS: Windows 7 , 64 bit Build 7601 Service Pack 1

CPU:total 8 (4 cores per cpu, 2 threads per core) family 6 model 58 stepping 9, cmov, cx8, fxsr, mmx, sse, sse2, sse3, ssse3, sse4.1, sse4.2, popcnt, avx, aes, clmul, erms, ht, tsc, tscinvbit, tscinv

Memory: 4k page, physical 8278916k(105828k free), swap 11158020k(9424k free)

vm_info: Java HotSpot(TM) 64-Bit Server VM (25.20-b23) for windows-amd64 JRE (1.8.0_20-b26), built on Jul 30 2014 13:51:23 by "java_re" with MS VC++ 10.0 (VS2010)

time: Mon Dec 14 10:45:30 2015
elapsed time: 4 seconds (0d 0h 0m 4s)

