#
# There is insufficient memory for the Java Runtime Environment to continue.
# Native memory allocation (malloc) failed to allocate 135792 bytes for Chunk::new
# Possible reasons:
#   The system is out of physical RAM or swap space
#   In 32 bit mode, the process size limit was hit
# Possible solutions:
#   Reduce memory load on the system
#   Increase physical memory or swap space
#   Check if swap backing store is full
#   Use 64 bit Java on a 64 bit OS
#   Decrease Java heap size (-Xmx/-Xms)
#   Decrease number of Java threads
#   Decrease Java thread stack sizes (-Xss)
#   Set larger code cache with -XX:ReservedCodeCacheSize=
# This output file may be truncated or incomplete.
#
#  Out of Memory Error (allocation.cpp:390), pid=10124, tid=9144
#
# JRE version: Java(TM) SE Runtime Environment (8.0_20-b26) (build 1.8.0_20-b26)
# Java VM: Java HotSpot(TM) 64-Bit Server VM (25.20-b23 mixed mode windows-amd64 compressed oops)
# Failed to write core dump. Minidumps are not enabled by default on client versions of Windows
#

---------------  T H R E A D  ---------------

Current thread (0x0000000007552000):  JavaThread "C2 CompilerThread0" daemon [_thread_in_native, id=9144, stack(0x0000000008d50000,0x0000000008e50000)]

Stack: [0x0000000008d50000,0x0000000008e50000]
Native frames: (J=compiled Java code, j=interpreted, Vv=VM code, C=native code)
V  [jvm.dll+0x3152fa]


Current CompileTask:
C2:   3185  746   !   4       com.android.dx.rop.code.RegisterSpec::intern (70 bytes)


---------------  P R O C E S S  ---------------

Java Threads: ( => current thread )
  0x0000000009952000 JavaThread "pool-1-thread-4" [_thread_blocked, id=8196, stack(0x000000000b010000,0x000000000b110000)]
  0x0000000009c44800 JavaThread "pool-1-thread-3" [_thread_blocked, id=8748, stack(0x000000000abc0000,0x000000000acc0000)]
  0x000000000a00a800 JavaThread "pool-1-thread-2" [_thread_blocked, id=7104, stack(0x000000000aec0000,0x000000000afc0000)]
  0x000000000a092800 JavaThread "pool-2-thread-1" [_thread_blocked, id=9460, stack(0x000000000ad20000,0x000000000ae20000)]
  0x000000000a091800 JavaThread "pool-1-thread-1" [_thread_in_native_trans, id=6308, stack(0x0000000009060000,0x0000000009160000)]
  0x00000000075bd000 JavaThread "Service Thread" daemon [_thread_blocked, id=5872, stack(0x0000000009190000,0x0000000009290000)]
  0x0000000007568000 JavaThread "C1 CompilerThread3" daemon [_thread_blocked, id=8868, stack(0x0000000008ec0000,0x0000000008fc0000)]
  0x0000000007559800 JavaThread "C2 CompilerThread2" daemon [_thread_blocked, id=8100, stack(0x0000000008480000,0x0000000008580000)]
  0x0000000007556000 JavaThread "C2 CompilerThread1" daemon [_thread_blocked, id=8008, stack(0x00000000086f0000,0x00000000087f0000)]
=>0x0000000007552000 JavaThread "C2 CompilerThread0" daemon [_thread_in_native, id=9144, stack(0x0000000008d50000,0x0000000008e50000)]
  0x000000000754e800 JavaThread "Attach Listener" daemon [_thread_blocked, id=8576, stack(0x0000000008c20000,0x0000000008d20000)]
  0x000000000754c800 JavaThread "Signal Dispatcher" daemon [_thread_blocked, id=9272, stack(0x0000000008ab0000,0x0000000008bb0000)]
  0x000000000638a800 JavaThread "Finalizer" daemon [_thread_blocked, id=9656, stack(0x0000000008930000,0x0000000008a30000)]
  0x0000000006384800 JavaThread "Reference Handler" daemon [_thread_blocked, id=3848, stack(0x0000000008830000,0x0000000008930000)]
  0x000000000011e000 JavaThread "main" [_thread_in_Java, id=9368, stack(0x0000000002370000,0x0000000002470000)]

Other Threads:
  0x000000000637f800 VMThread [stack: 0x00000000085f0000,0x00000000086f0000] [id=4656]
  0x00000000075ca000 WatcherThread [stack: 0x00000000092c0000,0x00000000093c0000] [id=5188]

VM state:not at safepoint (normal execution)

VM Mutex/Monitor currently owned by a thread: None

Heap:
 PSYoungGen      total 38400K, used 8626K [0x00000000eab00000, 0x00000000ed580000, 0x0000000100000000)
  eden space 33280K, 12% used [0x00000000eab00000,0x00000000eaf38220,0x00000000ecb80000)
  from space 5120K, 84% used [0x00000000ecb80000,0x00000000ecfb4808,0x00000000ed080000)
  to   space 5120K, 0% used [0x00000000ed080000,0x00000000ed080000,0x00000000ed580000)
 ParOldGen       total 87552K, used 0K [0x00000000c0000000, 0x00000000c5580000, 0x00000000eab00000)
  object space 87552K, 0% used [0x00000000c0000000,0x00000000c0000000,0x00000000c5580000)
 Metaspace       used 5658K, capacity 6640K, committed 6784K, reserved 1056768K
  class space    used 584K, capacity 616K, committed 640K, reserved 1048576K

Card table byte_map: [0x0000000002b00000,0x0000000002d10000] byte_map_base: 0x0000000002500000

Marking Bits: (ParMarkBitMap*) 0x000000005168b460
 Begin Bits: [0x00000000037a0000, 0x00000000047a0000)
 End Bits:   [0x00000000047a0000, 0x00000000057a0000)

Polling page: 0x0000000000240000

CodeCache: size=245760Kb used=2727Kb max_used=2727Kb free=243032Kb
 bounds [0x000000000f010000, 0x000000000f2c0000, 0x000000001e010000]
 total_blobs=985 nmethods=721 adapters=178
 compilation: enabled

Compilation events (10 events):
Event: 3.145 Thread 0x0000000007568000  661       1       com.android.dx.ssa.SsaMethod::getEntryBlockIndex (5 bytes)
Event: 3.145 Thread 0x0000000007568000 nmethod 661 0x000000000f2b20d0 code [0x000000000f2b2220, 0x000000000f2b2330]
Event: 3.148 Thread 0x0000000007568000  744       3       com.android.dx.ssa.SsaRenamer$BlockRenamer::addMapping (143 bytes)
Event: 3.150 Thread 0x0000000007568000 nmethod 744 0x000000000f2b3010 code [0x000000000f2b3220, 0x000000000f2b40a8]
Event: 3.150 Thread 0x0000000007568000  748       3       com.android.dx.ssa.Dominators::compress (229 bytes)
Event: 3.152 Thread 0x0000000007552000  746   !   4       com.android.dx.rop.code.RegisterSpec::intern (70 bytes)
Event: 3.153 Thread 0x0000000007568000 nmethod 748 0x000000000f2b4710 code [0x000000000f2b4a80, 0x000000000f2b6928]
Event: 3.153 Thread 0x0000000007568000  759       3       com.android.dx.ssa.SCCP::simulateBranch (666 bytes)
Event: 3.157 Thread 0x0000000007568000 nmethod 759 0x000000000f2b8250 code [0x000000000f2b8700, 0x000000000f2bc158]
Event: 3.157 Thread 0x0000000007568000  770       3       com.android.dx.cf.code.BaseMachine::storeResults (90 bytes)

GC Heap History (2 events):
Event: 2.393 GC heap before
{Heap before GC invocations=1 (full 0):
 PSYoungGen      total 38400K, used 33280K [0x00000000eab00000, 0x00000000ed580000, 0x0000000100000000)
  eden space 33280K, 100% used [0x00000000eab00000,0x00000000ecb80000,0x00000000ecb80000)
  from space 5120K, 0% used [0x00000000ed080000,0x00000000ed080000,0x00000000ed580000)
  to   space 5120K, 0% used [0x00000000ecb80000,0x00000000ecb80000,0x00000000ed080000)
 ParOldGen       total 87552K, used 0K [0x00000000c0000000, 0x00000000c5580000, 0x00000000eab00000)
  object space 87552K, 0% used [0x00000000c0000000,0x00000000c0000000,0x00000000c5580000)
 Metaspace       used 5606K, capacity 6640K, committed 6784K, reserved 1056768K
  class space    used 582K, capacity 616K, committed 640K, reserved 1048576K
Event: 2.995 GC heap after
Heap after GC invocations=1 (full 0):
 PSYoungGen      total 38400K, used 4306K [0x00000000eab00000, 0x00000000ed580000, 0x0000000100000000)
  eden space 33280K, 0% used [0x00000000eab00000,0x00000000eab00000,0x00000000ecb80000)
  from space 5120K, 84% used [0x00000000ecb80000,0x00000000ecfb4808,0x00000000ed080000)
  to   space 5120K, 0% used [0x00000000ed080000,0x00000000ed080000,0x00000000ed580000)
 ParOldGen       total 87552K, used 0K [0x00000000c0000000, 0x00000000c5580000, 0x00000000eab00000)
  object space 87552K, 0% used [0x00000000c0000000,0x00000000c0000000,0x00000000c5580000)
 Metaspace       used 5606K, capacity 6640K, committed 6784K, reserved 1056768K
  class space    used 582K, capacity 616K, committed 640K, reserved 1048576K
}

Deoptimization events (1 events):
Event: 3.173 Thread 0x000000000011e000 Uncommon trap: reason=class_check action=maybe_recompile pc=0x000000000f26b140 method=com.android.dx.ssa.NormalSsaInsn.accept(Lcom/android/dx/ssa/SsaInsn$Visitor;)V @ 9

Internal exceptions (10 events):
Event: 1.427 Thread 0x000000000a00a800 Exception <a 'java/security/PrivilegedActionException'> (0x00000000ec72d7a8) thrown at [D:\re\workspace\8-2-build-windows-amd64-cygwin\jdk8u20\1074\hotspot\src\share\vm\prims\jvm.cpp, line 1275]
Event: 1.429 Thread 0x000000000a00a800 Exception <a 'java/security/PrivilegedActionException'> (0x00000000ec735f80) thrown at [D:\re\workspace\8-2-build-windows-amd64-cygwin\jdk8u20\1074\hotspot\src\share\vm\prims\jvm.cpp, line 1275]
Event: 1.430 Thread 0x000000000a00a800 Exception <a 'java/security/PrivilegedActionException'> (0x00000000ec73b320) thrown at [D:\re\workspace\8-2-build-windows-amd64-cygwin\jdk8u20\1074\hotspot\src\share\vm\prims\jvm.cpp, line 1275]
Event: 1.430 Thread 0x000000000a00a800 Exception <a 'java/security/PrivilegedActionException'> (0x00000000ec73e030) thrown at [D:\re\workspace\8-2-build-windows-amd64-cygwin\jdk8u20\1074\hotspot\src\share\vm\prims\jvm.cpp, line 1275]
Event: 1.437 Thread 0x000000000a00a800 Exception <a 'java/security/PrivilegedActionException'> (0x00000000ec754f38) thrown at [D:\re\workspace\8-2-build-windows-amd64-cygwin\jdk8u20\1074\hotspot\src\share\vm\prims\jvm.cpp, line 1275]
Event: 1.447 Thread 0x000000000a091800 Exception <a 'java/security/PrivilegedActionException'> (0x00000000ec1c4d20) thrown at [D:\re\workspace\8-2-build-windows-amd64-cygwin\jdk8u20\1074\hotspot\src\share\vm\prims\jvm.cpp, line 1275]
Event: 1.461 Thread 0x000000000a091800 Exception <a 'java/security/PrivilegedActionException'> (0x00000000ec7ae008) thrown at [D:\re\workspace\8-2-build-windows-amd64-cygwin\jdk8u20\1074\hotspot\src\share\vm\prims\jvm.cpp, line 1275]
Event: 1.464 Thread 0x000000000a091800 Exception <a 'java/security/PrivilegedActionException'> (0x00000000ec7b7d00) thrown at [D:\re\workspace\8-2-build-windows-amd64-cygwin\jdk8u20\1074\hotspot\src\share\vm\prims\jvm.cpp, line 1275]
Event: 1.482 Thread 0x000000000a091800 Exception <a 'java/security/PrivilegedActionException'> (0x00000000ec7faf98) thrown at [D:\re\workspace\8-2-build-windows-amd64-cygwin\jdk8u20\1074\hotspot\src\share\vm\prims\jvm.cpp, line 1275]
Event: 1.514 Thread 0x000000000011e000 Exception <a 'java/security/PrivilegedActionException'> (0x00000000ec61c1c0) thrown at [D:\re\workspace\8-2-build-windows-amd64-cygwin\jdk8u20\1074\hotspot\src\share\vm\prims\jvm.cpp, line 1275]

Events (10 events):
Event: 2.995 Executing VM operation: ParallelGCFailedAllocation done
Event: 3.002 loading class sun/misc/Cleaner
Event: 3.003 loading class sun/misc/Cleaner done
Event: 3.142 loading class java/util/concurrent/locks/LockSupport
Event: 3.142 loading class java/util/concurrent/locks/LockSupport done
Event: 3.142 loading class sun/nio/ch/Interruptible
Event: 3.142 loading class sun/nio/ch/Interruptible done
Event: 3.173 Thread 0x000000000011e000 Uncommon trap: trap_request=0xffffffde fr.pc=0x000000000f26b140
Event: 3.173 Thread 0x000000000011e000 DEOPT PACKING pc=0x000000000f26b140 sp=0x000000000246e040
Event: 3.173 Thread 0x000000000011e000 DEOPT UNPACKING pc=0x000000000f05556a sp=0x000000000246df90 mode 2


Dynamic libraries:
0x000000013f0b0000 - 0x000000013f0e4000 	C:\Program Files\Java\jdk1.8.0_20\bin\java.exe
0x0000000077670000 - 0x0000000077819000 	C:\Windows\SYSTEM32\ntdll.dll
0x0000000077450000 - 0x0000000077570000 	C:\Windows\system32\kernel32.dll
0x000007fefd5a0000 - 0x000007fefd60c000 	C:\Windows\system32\KERNELBASE.dll
0x000007feff0d0000 - 0x000007feff1ab000 	C:\Windows\system32\ADVAPI32.dll
0x000007feff1b0000 - 0x000007feff24f000 	C:\Windows\system32\msvcrt.dll
0x000007fefdf10000 - 0x000007fefdf2f000 	C:\Windows\SYSTEM32\sechost.dll
0x000007fefdcf0000 - 0x000007fefde1d000 	C:\Windows\system32\RPCRT4.dll
0x0000000077570000 - 0x000000007766a000 	C:\Windows\system32\USER32.dll
0x000007fefdf30000 - 0x000007fefdf97000 	C:\Windows\system32\GDI32.dll
0x000007feff970000 - 0x000007feff97e000 	C:\Windows\system32\LPK.dll
0x000007fefde40000 - 0x000007fefdf0a000 	C:\Windows\system32\USP10.dll
0x000007fefbcc0000 - 0x000007fefbeb4000 	C:\Windows\WinSxS\amd64_microsoft.windows.common-controls_6595b64144ccf1df_6.0.7601.18837_none_fa3b1e3d17594757\COMCTL32.dll
0x000007feff050000 - 0x000007feff0c1000 	C:\Windows\system32\SHLWAPI.dll
0x000007fefee90000 - 0x000007fefeebe000 	C:\Windows\system32\IMM32.DLL
0x000007fefdfa0000 - 0x000007fefe0a9000 	C:\Windows\system32\MSCTF.dll
0x000007fefd330000 - 0x000007fefd371000 	C:\Windows\system32\nvinitx.dll
0x000000000f000000 - 0x000000000f006000 	C:\Program Files\NVIDIA Corporation\CoProcManager\_etoured.dll
0x000007fef93e0000 - 0x000007fef9436000 	C:\Program Files\NVIDIA Corporation\CoProcManager\nvd3d9wrapx.dll
0x000007feff790000 - 0x000007feff967000 	C:\Windows\system32\SETUPAPI.dll
0x000007fefd610000 - 0x000007fefd646000 	C:\Windows\system32\CFGMGR32.dll
0x000007feff650000 - 0x000007feff727000 	C:\Windows\system32\OLEAUT32.dll
0x000007fefda40000 - 0x000007fefdc43000 	C:\Windows\system32\ole32.dll
0x000007fefd550000 - 0x000007fefd56a000 	C:\Windows\system32\DEVOBJ.dll
0x000007fef9240000 - 0x000007fef927d000 	C:\Program Files\NVIDIA Corporation\CoProcManager\nvdxgiwrapx.dll
0x0000000050c30000 - 0x0000000050d02000 	C:\Program Files\Java\jdk1.8.0_20\jre\bin\msvcr100.dll
0x0000000050eb0000 - 0x0000000051708000 	C:\Program Files\Java\jdk1.8.0_20\jre\bin\server\jvm.dll
0x000007feecaa0000 - 0x000007feecaa9000 	C:\Windows\system32\WSOCK32.dll
0x000007fefee40000 - 0x000007fefee8d000 	C:\Windows\system32\WS2_32.dll
0x000007feff520000 - 0x000007feff528000 	C:\Windows\system32\NSI.dll
0x000007fefa970000 - 0x000007fefa9ab000 	C:\Windows\system32\WINMM.dll
0x0000000077840000 - 0x0000000077847000 	C:\Windows\system32\PSAPI.DLL
0x000000006b010000 - 0x000000006b01f000 	C:\Program Files\Java\jdk1.8.0_20\jre\bin\verify.dll
0x000000006afe0000 - 0x000000006b008000 	C:\Program Files\Java\jdk1.8.0_20\jre\bin\java.dll
0x000000006afc0000 - 0x000000006afd6000 	C:\Program Files\Java\jdk1.8.0_20\jre\bin\zip.dll
0x000007fefe0b0000 - 0x000007fefee39000 	C:\Windows\system32\SHELL32.dll
0x000007fefd420000 - 0x000007fefd42f000 	C:\Windows\system32\profapi.dll

VM Arguments:
jvm_args: -Xmx1024M -Dfile.encoding=windows-1252 -Duser.country=DK -Duser.language=da -Duser.variant 
java_command: com.android.dx.command.Main --dex --num-threads=4 --output D:\AndroidProject\hihgSpeet\app\build\intermediates\pre-dexed\debug\classes-2d901c52c8ea5dde5d7304a52616b8f6eca2de25.jar D:\AndroidProject\hihgSpeet\app\build\intermediates\exploded-aar\com.google.android.gms\play-services-ads\8.3.0\jars\classes.jar
java_class_path (initial): D:\sdk1\build-tools\23.0.2\lib\dx.jar
Launcher Type: SUN_STANDARD

Environment Variables:
JAVA_HOME=C:\Program Files\Java\jdk1.8.0_20
PATH=C:\Ruby21-x64\bin;C:\Program Files (x86)\NVIDIA Corporation\PhysX\Common;C:\oraclexe\app\oracle\product\11.2.0\server\bin;C:\Program Files\Common Files\Microsoft Shared\Windows Live;C:\Program Files (x86)\Common Files\Microsoft Shared\Windows Live;C:\Windows\system32;C:\Windows;C:\Windows\System32\Wbem;C:\Windows\System32\WindowsPowerShell\v1.0\;C:\Program Files (x86)\Windows Live\Shared;C:\Program Files (x86)\IVI Foundation\VISA\WinNT\Bin\;C:\Program Files\IVI Foundation\VISA\Win64\Bin\;C:\Program Files (x86)\Git\cmd;C:\Program Files\nodejs\;C:\Program Files (x86)\Skype\Phone\;C:\Users\Søren\AppData\Roaming\npm
USERNAME=Søren
OS=Windows_NT
PROCESSOR_IDENTIFIER=Intel64 Family 6 Model 58 Stepping 9, GenuineIntel



---------------  S Y S T E M  ---------------

OS: Windows 7 , 64 bit Build 7601 Service Pack 1

CPU:total 8 (4 cores per cpu, 2 threads per core) family 6 model 58 stepping 9, cmov, cx8, fxsr, mmx, sse, sse2, sse3, ssse3, sse4.1, sse4.2, popcnt, avx, aes, clmul, erms, ht, tsc, tscinvbit, tscinv

Memory: 4k page, physical 8278916k(53052k free), swap 11158020k(5156k free)

vm_info: Java HotSpot(TM) 64-Bit Server VM (25.20-b23) for windows-amd64 JRE (1.8.0_20-b26), built on Jul 30 2014 13:51:23 by "java_re" with MS VC++ 10.0 (VS2010)

time: Mon Dec 14 10:45:35 2015
elapsed time: 3 seconds (0d 0h 0m 3s)

