#
# There is insufficient memory for the Java Runtime Environment to continue.
# Native memory allocation (malloc) failed to allocate 330256 bytes for Chunk::new
# Possible reasons:
#   The system is out of physical RAM or swap space
#   In 32 bit mode, the process size limit was hit
# Possible solutions:
#   Reduce memory load on the system
#   Increase physical memory or swap space
#   Check if swap backing store is full
#   Use 64 bit Java on a 64 bit OS
#   Decrease Java heap size (-Xmx/-Xms)
#   Decrease number of Java threads
#   Decrease Java thread stack sizes (-Xss)
#   Set larger code cache with -XX:ReservedCodeCacheSize=
# This output file may be truncated or incomplete.
#
#  Out of Memory Error (allocation.cpp:390), pid=8500, tid=5108
#
# JRE version: Java(TM) SE Runtime Environment (8.0_20-b26) (build 1.8.0_20-b26)
# Java VM: Java HotSpot(TM) 64-Bit Server VM (25.20-b23 mixed mode windows-amd64 compressed oops)
# Failed to write core dump. Minidumps are not enabled by default on client versions of Windows
#

---------------  T H R E A D  ---------------

Current thread (0x000000000795f800):  JavaThread "C2 CompilerThread2" daemon [_thread_in_native, id=5108, stack(0x0000000009320000,0x0000000009420000)]

Stack: [0x0000000009320000,0x0000000009420000]
Native frames: (J=compiled Java code, j=interpreted, Vv=VM code, C=native code)
V  [jvm.dll+0x3152fa]


Current CompileTask:
C2:  19311 1688       4       com.android.dx.ssa.SCCP::run (298 bytes)


---------------  P R O C E S S  ---------------

Java Threads: ( => current thread )
  0x0000000007bd1000 JavaThread "pool-1-thread-4" [_thread_in_Java, id=9260, stack(0x000000000a520000,0x000000000a620000)]
  0x0000000007bce800 JavaThread "pool-1-thread-3" [_thread_blocked, id=9240, stack(0x0000000009440000,0x0000000009540000)]
  0x0000000007bcb800 JavaThread "pool-1-thread-2" [_thread_blocked, id=9224, stack(0x000000000a2f0000,0x000000000a3f0000)]
  0x0000000007bcb000 JavaThread "pool-2-thread-1" [_thread_blocked, id=6200, stack(0x000000000a1d0000,0x000000000a2d0000)]
  0x0000000007c54800 JavaThread "pool-1-thread-1" [_thread_blocked, id=8340, stack(0x0000000009080000,0x0000000009180000)]
  0x0000000007966800 JavaThread "Service Thread" daemon [_thread_blocked, id=5144, stack(0x00000000096e0000,0x00000000097e0000)]
  0x000000000679b000 JavaThread "C1 CompilerThread3" daemon [_thread_blocked, id=4492, stack(0x0000000009560000,0x0000000009660000)]
=>0x000000000795f800 JavaThread "C2 CompilerThread2" daemon [_thread_in_native, id=5108, stack(0x0000000009320000,0x0000000009420000)]
  0x000000000795c000 JavaThread "C2 CompilerThread1" daemon [_thread_blocked, id=7304, stack(0x00000000091f0000,0x00000000092f0000)]
  0x0000000007958000 JavaThread "C2 CompilerThread0" daemon [_thread_blocked, id=8560, stack(0x0000000008f50000,0x0000000009050000)]
  0x0000000007955000 JavaThread "Attach Listener" daemon [_thread_blocked, id=4736, stack(0x0000000008e40000,0x0000000008f40000)]
  0x0000000007953000 JavaThread "Signal Dispatcher" daemon [_thread_blocked, id=8260, stack(0x0000000008b50000,0x0000000008c50000)]
  0x0000000006786000 JavaThread "Finalizer" daemon [_thread_blocked, id=7300, stack(0x0000000008cb0000,0x0000000008db0000)]
  0x0000000007903800 JavaThread "Reference Handler" daemon [_thread_blocked, id=5424, stack(0x0000000008a00000,0x0000000008b00000)]
  0x000000000230e000 JavaThread "main" [_thread_blocked, id=1596, stack(0x0000000002620000,0x0000000002720000)]

Other Threads:
  0x0000000007900800 VMThread [stack: 0x00000000088a0000,0x00000000089a0000] [id=9676]
  0x0000000007967800 WatcherThread [stack: 0x0000000009860000,0x0000000009960000] [id=8820]

VM state:not at safepoint (normal execution)

VM Mutex/Monitor currently owned by a thread: None

Heap:
 PSYoungGen      total 71680K, used 17182K [0x00000000eab00000, 0x00000000ef600000, 0x0000000100000000)
  eden space 66560K, 18% used [0x00000000eab00000,0x00000000eb6c9020,0x00000000eec00000)
  from space 5120K, 99% used [0x00000000ef100000,0x00000000ef5feaa8,0x00000000ef600000)
  to   space 5120K, 0% used [0x00000000eec00000,0x00000000eec00000,0x00000000ef100000)
 ParOldGen       total 87552K, used 5283K [0x00000000c0000000, 0x00000000c5580000, 0x00000000eab00000)
  object space 87552K, 6% used [0x00000000c0000000,0x00000000c0528de0,0x00000000c5580000)
 Metaspace       used 6131K, capacity 7088K, committed 7296K, reserved 1056768K
  class space    used 588K, capacity 616K, committed 640K, reserved 1048576K

Card table byte_map: [0x0000000002db0000,0x0000000002fc0000] byte_map_base: 0x00000000027b0000

Marking Bits: (ParMarkBitMap*) 0x000000005168b460
 Begin Bits: [0x0000000003ba0000, 0x0000000004ba0000)
 End Bits:   [0x0000000004ba0000, 0x0000000005ba0000)

Polling page: 0x0000000001c50000

CodeCache: size=245760Kb used=7174Kb max_used=7217Kb free=238585Kb
 bounds [0x000000000f010000, 0x000000000f730000, 0x000000001e010000]
 total_blobs=1934 nmethods=1669 adapters=178
 compilation: enabled

Compilation events (10 events):
Event: 19.026 Thread 0x000000000795c000 nmethod 1683 0x000000000f160190 code [0x000000000f1602e0, 0x000000000f160398]
Event: 19.055 Thread 0x000000000679b000 1684       3       com.android.dx.ssa.SsaInsn::makeFromRop (10 bytes)
Event: 19.055 Thread 0x0000000007958000 1686       4       java.util.ArrayList$SubList::checkForComodification (23 bytes)
Event: 19.055 Thread 0x000000000679b000 nmethod 1684 0x000000000f158c50 code [0x000000000f158de0, 0x000000000f159248]
Event: 19.056 Thread 0x000000000679b000 1685       3       com.android.dx.ssa.back.FirstFitLocalCombiningAllocator$Multiset::getAndRemoveHighestCount (63 bytes)
Event: 19.056 Thread 0x000000000679b000 nmethod 1685 0x000000000f12b110 code [0x000000000f12b280, 0x000000000f12b550]
Event: 19.056 Thread 0x0000000007958000 nmethod 1686 0x000000000f6a5250 code [0x000000000f6a5380, 0x000000000f6a53f8]
Event: 19.123 Thread 0x000000000679b000 1687       3       com.android.dx.rop.code.Rops::opPutField (97 bytes)
Event: 19.124 Thread 0x000000000795f800 1688       4       com.android.dx.ssa.SCCP::run (298 bytes)
Event: 19.124 Thread 0x000000000679b000 nmethod 1687 0x000000000f1578d0 code [0x000000000f157b00, 0x000000000f1586f8]

GC Heap History (4 events):
Event: 7.429 GC heap before
{Heap before GC invocations=1 (full 0):
 PSYoungGen      total 38400K, used 33280K [0x00000000eab00000, 0x00000000ed580000, 0x0000000100000000)
  eden space 33280K, 100% used [0x00000000eab00000,0x00000000ecb80000,0x00000000ecb80000)
  from space 5120K, 0% used [0x00000000ed080000,0x00000000ed080000,0x00000000ed580000)
  to   space 5120K, 0% used [0x00000000ecb80000,0x00000000ecb80000,0x00000000ed080000)
 ParOldGen       total 87552K, used 0K [0x00000000c0000000, 0x00000000c5580000, 0x00000000eab00000)
  object space 87552K, 0% used [0x00000000c0000000,0x00000000c0000000,0x00000000c5580000)
 Metaspace       used 5902K, capacity 6896K, committed 7040K, reserved 1056768K
  class space    used 585K, capacity 616K, committed 640K, reserved 1048576K
Event: 7.694 GC heap after
Heap after GC invocations=1 (full 0):
 PSYoungGen      total 38400K, used 5108K [0x00000000eab00000, 0x00000000ef600000, 0x0000000100000000)
  eden space 33280K, 0% used [0x00000000eab00000,0x00000000eab00000,0x00000000ecb80000)
  from space 5120K, 99% used [0x00000000ecb80000,0x00000000ed07d2e0,0x00000000ed080000)
  to   space 5120K, 0% used [0x00000000ef100000,0x00000000ef100000,0x00000000ef600000)
 ParOldGen       total 87552K, used 903K [0x00000000c0000000, 0x00000000c5580000, 0x00000000eab00000)
  object space 87552K, 1% used [0x00000000c0000000,0x00000000c00e1f68,0x00000000c5580000)
 Metaspace       used 5902K, capacity 6896K, committed 7040K, reserved 1056768K
  class space    used 585K, capacity 616K, committed 640K, reserved 1048576K
}
Event: 15.612 GC heap before
{Heap before GC invocations=2 (full 0):
 PSYoungGen      total 38400K, used 38388K [0x00000000eab00000, 0x00000000ef600000, 0x0000000100000000)
  eden space 33280K, 100% used [0x00000000eab00000,0x00000000ecb80000,0x00000000ecb80000)
  from space 5120K, 99% used [0x00000000ecb80000,0x00000000ed07d2e0,0x00000000ed080000)
  to   space 5120K, 0% used [0x00000000ef100000,0x00000000ef100000,0x00000000ef600000)
 ParOldGen       total 87552K, used 903K [0x00000000c0000000, 0x00000000c5580000, 0x00000000eab00000)
  object space 87552K, 1% used [0x00000000c0000000,0x00000000c00e1f68,0x00000000c5580000)
 Metaspace       used 6122K, capacity 7088K, committed 7296K, reserved 1056768K
  class space    used 588K, capacity 616K, committed 640K, reserved 1048576K
Event: 16.642 GC heap after
Heap after GC invocations=2 (full 0):
 PSYoungGen      total 71680K, used 5114K [0x00000000eab00000, 0x00000000ef600000, 0x0000000100000000)
  eden space 66560K, 0% used [0x00000000eab00000,0x00000000eab00000,0x00000000eec00000)
  from space 5120K, 99% used [0x00000000ef100000,0x00000000ef5feaa8,0x00000000ef600000)
  to   space 5120K, 0% used [0x00000000eec00000,0x00000000eec00000,0x00000000ef100000)
 ParOldGen       total 87552K, used 5283K [0x00000000c0000000, 0x00000000c5580000, 0x00000000eab00000)
  object space 87552K, 6% used [0x00000000c0000000,0x00000000c0528de0,0x00000000c5580000)
 Metaspace       used 6122K, capacity 7088K, committed 7296K, reserved 1056768K
  class space    used 588K, capacity 616K, committed 640K, reserved 1048576K
}

Deoptimization events (10 events):
Event: 8.582 Thread 0x0000000007bd1000 Uncommon trap: reason=bimorphic action=maybe_recompile pc=0x000000000f212ee4 method=java.util.HashMap.getNode(ILjava/lang/Object;)Ljava/util/HashMap$Node; @ 126
Event: 10.082 Thread 0x0000000007bcb800 Uncommon trap: reason=unloaded action=reinterpret pc=0x000000000f2fe4ac method=com.android.dx.ssa.SsaRenamer$BlockRenamer.visitMoveInsn(Lcom/android/dx/ssa/NormalSsaInsn;)V @ 208
Event: 10.082 Thread 0x0000000007bcb800 Uncommon trap: reason=unreached action=reinterpret pc=0x000000000f5fd494 method=com.android.dx.ssa.SsaRenamer$BlockRenamer.process()V @ 59
Event: 10.084 Thread 0x0000000007bcb800 Uncommon trap: reason=unreached action=reinterpret pc=0x000000000f4f295c method=com.android.dx.ssa.back.FirstFitLocalCombiningAllocator$1.processInsn(Lcom/android/dx/ssa/SsaInsn;)V @ 34
Event: 10.315 Thread 0x0000000007bcb800 Uncommon trap: reason=unloaded action=reinterpret pc=0x000000000f32ebdc method=com.android.dx.ssa.SsaRenamer$BlockRenamer.visitMoveInsn(Lcom/android/dx/ssa/NormalSsaInsn;)V @ 208
Event: 12.089 Thread 0x0000000007c54800 Uncommon trap: reason=class_check action=maybe_recompile pc=0x000000000f4fb4dc method=com.android.dx.ssa.SsaMethod.isRegALocal(Lcom/android/dx/rop/code/RegisterSpec;)Z @ 16
Event: 12.089 Thread 0x0000000007c54800 Uncommon trap: reason=class_check action=maybe_recompile pc=0x000000000f4fb4dc method=com.android.dx.ssa.SsaMethod.isRegALocal(Lcom/android/dx/rop/code/RegisterSpec;)Z @ 16
Event: 12.089 Thread 0x0000000007c54800 Uncommon trap: reason=class_check action=maybe_recompile pc=0x000000000f4fb4dc method=com.android.dx.ssa.SsaMethod.isRegALocal(Lcom/android/dx/rop/code/RegisterSpec;)Z @ 16
Event: 12.089 Thread 0x0000000007c54800 Uncommon trap: reason=class_check action=maybe_recompile pc=0x000000000f4fb4dc method=com.android.dx.ssa.SsaMethod.isRegALocal(Lcom/android/dx/rop/code/RegisterSpec;)Z @ 16
Event: 19.003 Thread 0x0000000007bd1000 Uncommon trap: reason=unreached action=reinterpret pc=0x000000000f61c184 method=com.android.dx.rop.cst.Constant.compareTo(Lcom/android/dx/rop/cst/Constant;)I @ 12

Internal exceptions (10 events):
Event: 3.562 Thread 0x0000000007bce800 Exception <a 'java/security/PrivilegedActionException'> (0x00000000eb904ef8) thrown at [D:\re\workspace\8-2-build-windows-amd64-cygwin\jdk8u20\1074\hotspot\src\share\vm\prims\jvm.cpp, line 1275]
Event: 3.572 Thread 0x0000000007bcb800 Exception <a 'java/security/PrivilegedActionException'> (0x00000000eb7bace8) thrown at [D:\re\workspace\8-2-build-windows-amd64-cygwin\jdk8u20\1074\hotspot\src\share\vm\prims\jvm.cpp, line 1275]
Event: 3.573 Thread 0x0000000007bcb800 Exception <a 'java/security/PrivilegedActionException'> (0x00000000eb7bf070) thrown at [D:\re\workspace\8-2-build-windows-amd64-cygwin\jdk8u20\1074\hotspot\src\share\vm\prims\jvm.cpp, line 1275]
Event: 3.628 Thread 0x0000000007bce800 Exception <a 'java/security/PrivilegedActionException'> (0x00000000eb9ecc20) thrown at [D:\re\workspace\8-2-build-windows-amd64-cygwin\jdk8u20\1074\hotspot\src\share\vm\prims\jvm.cpp, line 1275]
Event: 5.165 Thread 0x000000000230e000 Exception <a 'java/security/PrivilegedActionException'> (0x00000000ebc8ca40) thrown at [D:\re\workspace\8-2-build-windows-amd64-cygwin\jdk8u20\1074\hotspot\src\share\vm\prims\jvm.cpp, line 1275]
Event: 9.964 Thread 0x000000000230e000 Exception <a 'java/security/PrivilegedActionException'> (0x00000000eb27a8d8) thrown at [D:\re\workspace\8-2-build-windows-amd64-cygwin\jdk8u20\1074\hotspot\src\share\vm\prims\jvm.cpp, line 1275]
Event: 10.412 Thread 0x000000000230e000 Exception <a 'java/security/PrivilegedActionException'> (0x00000000eb767680) thrown at [D:\re\workspace\8-2-build-windows-amd64-cygwin\jdk8u20\1074\hotspot\src\share\vm\prims\jvm.cpp, line 1275]
Event: 10.414 Thread 0x000000000230e000 Exception <a 'java/security/PrivilegedActionException'> (0x00000000eb771620) thrown at [D:\re\workspace\8-2-build-windows-amd64-cygwin\jdk8u20\1074\hotspot\src\share\vm\prims\jvm.cpp, line 1275]
Event: 10.415 Thread 0x000000000230e000 Exception <a 'java/security/PrivilegedActionException'> (0x00000000eb773a58) thrown at [D:\re\workspace\8-2-build-windows-amd64-cygwin\jdk8u20\1074\hotspot\src\share\vm\prims\jvm.cpp, line 1275]
Event: 14.411 Thread 0x0000000007bd1000 Exception <a 'java/security/PrivilegedActionException'> (0x00000000ec530c00) thrown at [D:\re\workspace\8-2-build-windows-amd64-cygwin\jdk8u20\1074\hotspot\src\share\vm\prims\jvm.cpp, line 1275]

Events (10 events):
Event: 19.012 Thread 0x000000000795f800 flushing nmethod 0x000000000f157190
Event: 19.012 Thread 0x000000000795f800 flushing nmethod 0x000000000f157990
Event: 19.012 Thread 0x000000000795f800 flushing nmethod 0x000000000f158d50
Event: 19.012 Thread 0x000000000795f800 flushing nmethod 0x000000000f159cd0
Event: 19.012 Thread 0x000000000795f800 flushing nmethod 0x000000000f15a010
Event: 19.012 Thread 0x000000000795f800 flushing nmethod 0x000000000f15a550
Event: 19.012 Thread 0x000000000795f800 flushing nmethod 0x000000000f15ad10
Event: 19.012 Thread 0x000000000795f800 flushing nmethod 0x000000000f15d4d0
Event: 19.012 Thread 0x000000000795f800 flushing nmethod 0x000000000f15dbd0
Event: 19.012 Thread 0x000000000795f800 flushing nmethod 0x000000000f160190


Dynamic libraries:
0x000000013f0b0000 - 0x000000013f0e4000 	C:\Program Files\Java\jdk1.8.0_20\bin\java.exe
0x0000000077670000 - 0x0000000077819000 	C:\Windows\SYSTEM32\ntdll.dll
0x0000000077450000 - 0x0000000077570000 	C:\Windows\system32\kernel32.dll
0x000007fefd5a0000 - 0x000007fefd60c000 	C:\Windows\system32\KERNELBASE.dll
0x000007feff0d0000 - 0x000007feff1ab000 	C:\Windows\system32\ADVAPI32.dll
0x000007feff1b0000 - 0x000007feff24f000 	C:\Windows\system32\msvcrt.dll
0x000007fefdf10000 - 0x000007fefdf2f000 	C:\Windows\SYSTEM32\sechost.dll
0x000007fefdcf0000 - 0x000007fefde1d000 	C:\Windows\system32\RPCRT4.dll
0x0000000077570000 - 0x000000007766a000 	C:\Windows\system32\USER32.dll
0x000007fefdf30000 - 0x000007fefdf97000 	C:\Windows\system32\GDI32.dll
0x000007feff970000 - 0x000007feff97e000 	C:\Windows\system32\LPK.dll
0x000007fefde40000 - 0x000007fefdf0a000 	C:\Windows\system32\USP10.dll
0x000007fefbcc0000 - 0x000007fefbeb4000 	C:\Windows\WinSxS\amd64_microsoft.windows.common-controls_6595b64144ccf1df_6.0.7601.18837_none_fa3b1e3d17594757\COMCTL32.dll
0x000007feff050000 - 0x000007feff0c1000 	C:\Windows\system32\SHLWAPI.dll
0x000007fefee90000 - 0x000007fefeebe000 	C:\Windows\system32\IMM32.DLL
0x000007fefdfa0000 - 0x000007fefe0a9000 	C:\Windows\system32\MSCTF.dll
0x000007fefd330000 - 0x000007fefd371000 	C:\Windows\system32\nvinitx.dll
0x000000000f000000 - 0x000000000f006000 	C:\Program Files\NVIDIA Corporation\CoProcManager\_etoured.dll
0x000007fef93e0000 - 0x000007fef9436000 	C:\Program Files\NVIDIA Corporation\CoProcManager\nvd3d9wrapx.dll
0x000007feff790000 - 0x000007feff967000 	C:\Windows\system32\SETUPAPI.dll
0x000007fefd610000 - 0x000007fefd646000 	C:\Windows\system32\CFGMGR32.dll
0x000007feff650000 - 0x000007feff727000 	C:\Windows\system32\OLEAUT32.dll
0x000007fefda40000 - 0x000007fefdc43000 	C:\Windows\system32\ole32.dll
0x000007fefd550000 - 0x000007fefd56a000 	C:\Windows\system32\DEVOBJ.dll
0x000007fef9240000 - 0x000007fef927d000 	C:\Program Files\NVIDIA Corporation\CoProcManager\nvdxgiwrapx.dll
0x0000000050c30000 - 0x0000000050d02000 	C:\Program Files\Java\jdk1.8.0_20\jre\bin\msvcr100.dll
0x0000000050eb0000 - 0x0000000051708000 	C:\Program Files\Java\jdk1.8.0_20\jre\bin\server\jvm.dll
0x000007feecaa0000 - 0x000007feecaa9000 	C:\Windows\system32\WSOCK32.dll
0x000007fefee40000 - 0x000007fefee8d000 	C:\Windows\system32\WS2_32.dll
0x000007feff520000 - 0x000007feff528000 	C:\Windows\system32\NSI.dll
0x000007fefa970000 - 0x000007fefa9ab000 	C:\Windows\system32\WINMM.dll
0x0000000077840000 - 0x0000000077847000 	C:\Windows\system32\PSAPI.DLL
0x000000006b010000 - 0x000000006b01f000 	C:\Program Files\Java\jdk1.8.0_20\jre\bin\verify.dll
0x000000006afe0000 - 0x000000006b008000 	C:\Program Files\Java\jdk1.8.0_20\jre\bin\java.dll
0x000000006afc0000 - 0x000000006afd6000 	C:\Program Files\Java\jdk1.8.0_20\jre\bin\zip.dll
0x000007fefe0b0000 - 0x000007fefee39000 	C:\Windows\system32\SHELL32.dll
0x000007fefd420000 - 0x000007fefd42f000 	C:\Windows\system32\profapi.dll

VM Arguments:
jvm_args: -Xmx1024M -Dfile.encoding=windows-1252 -Duser.country=DK -Duser.language=da -Duser.variant 
java_command: com.android.dx.command.Main --dex --num-threads=4 --output D:\AndroidProject\hihgSpeet\app\build\intermediates\pre-dexed\debug\classes-10a8377f720c74de0b2c1f46ab9291ac4c160dc7.jar D:\AndroidProject\hihgSpeet\app\build\intermediates\exploded-aar\com.google.android.gms\play-services-nearby\8.3.0\jars\classes.jar
java_class_path (initial): D:\sdk1\build-tools\23.0.2\lib\dx.jar
Launcher Type: SUN_STANDARD

Environment Variables:
JAVA_HOME=C:\Program Files\Java\jdk1.8.0_20
PATH=C:\Ruby21-x64\bin;C:\Program Files (x86)\NVIDIA Corporation\PhysX\Common;C:\oraclexe\app\oracle\product\11.2.0\server\bin;C:\Program Files\Common Files\Microsoft Shared\Windows Live;C:\Program Files (x86)\Common Files\Microsoft Shared\Windows Live;C:\Windows\system32;C:\Windows;C:\Windows\System32\Wbem;C:\Windows\System32\WindowsPowerShell\v1.0\;C:\Program Files (x86)\Windows Live\Shared;C:\Program Files (x86)\IVI Foundation\VISA\WinNT\Bin\;C:\Program Files\IVI Foundation\VISA\Win64\Bin\;C:\Program Files (x86)\Git\cmd;C:\Program Files\nodejs\;C:\Program Files (x86)\Skype\Phone\;C:\Users\Søren\AppData\Roaming\npm
USERNAME=Søren
OS=Windows_NT
PROCESSOR_IDENTIFIER=Intel64 Family 6 Model 58 Stepping 9, GenuineIntel



---------------  S Y S T E M  ---------------

OS: Windows 7 , 64 bit Build 7601 Service Pack 1

CPU:total 8 (4 cores per cpu, 2 threads per core) family 6 model 58 stepping 9, cmov, cx8, fxsr, mmx, sse, sse2, sse3, ssse3, sse4.1, sse4.2, popcnt, avx, aes, clmul, erms, ht, tsc, tscinvbit, tscinv

Memory: 4k page, physical 8278916k(53056k free), swap 11158020k(5156k free)

vm_info: Java HotSpot(TM) 64-Bit Server VM (25.20-b23) for windows-amd64 JRE (1.8.0_20-b26), built on Jul 30 2014 13:51:23 by "java_re" with MS VC++ 10.0 (VS2010)

time: Mon Dec 14 10:45:35 2015
elapsed time: 19 seconds (0d 0h 0m 19s)

