#
# There is insufficient memory for the Java Runtime Environment to continue.
# Native memory allocation (malloc) failed to allocate 351136 bytes for Chunk::new
# Possible reasons:
#   The system is out of physical RAM or swap space
#   In 32 bit mode, the process size limit was hit
# Possible solutions:
#   Reduce memory load on the system
#   Increase physical memory or swap space
#   Check if swap backing store is full
#   Use 64 bit Java on a 64 bit OS
#   Decrease Java heap size (-Xmx/-Xms)
#   Decrease number of Java threads
#   Decrease Java thread stack sizes (-Xss)
#   Set larger code cache with -XX:ReservedCodeCacheSize=
# This output file may be truncated or incomplete.
#
#  Out of Memory Error (allocation.cpp:390), pid=9528, tid=9708
#
# JRE version: Java(TM) SE Runtime Environment (8.0_20-b26) (build 1.8.0_20-b26)
# Java VM: Java HotSpot(TM) 64-Bit Server VM (25.20-b23 mixed mode windows-amd64 compressed oops)
# Failed to write core dump. Minidumps are not enabled by default on client versions of Windows
#

---------------  T H R E A D  ---------------

Current thread (0x000000000788f800):  JavaThread "C2 CompilerThread0" daemon [_thread_in_native, id=9708, stack(0x00000000090c0000,0x00000000091c0000)]

Stack: [0x00000000090c0000,0x00000000091c0000]
Native frames: (J=compiled Java code, j=interpreted, Vv=VM code, C=native code)
V  [jvm.dll+0x3152fa]


Current CompileTask:
C2:   6063 1413       4       com.android.dx.cf.code.ValueAwareMachine::run (1142 bytes)


---------------  P R O C E S S  ---------------

Java Threads: ( => current thread )
  0x0000000007b91000 JavaThread "pool-1-thread-4" [_thread_blocked, id=10196, stack(0x000000000a3a0000,0x000000000a4a0000)]
  0x0000000007b8e800 JavaThread "pool-1-thread-3" [_thread_blocked, id=10192, stack(0x0000000008790000,0x0000000008890000)]
  0x0000000007b8c000 JavaThread "pool-1-thread-2" [_thread_in_Java, id=10188, stack(0x0000000009310000,0x0000000009410000)]
  0x0000000007bd5000 JavaThread "pool-2-thread-1" [_thread_blocked, id=10180, stack(0x000000000a150000,0x000000000a250000)]
  0x0000000007bd4000 JavaThread "pool-1-thread-1" [_thread_blocked, id=10176, stack(0x0000000009ff0000,0x000000000a0f0000)]
  0x00000000078f5000 JavaThread "Service Thread" daemon [_thread_blocked, id=9688, stack(0x0000000009550000,0x0000000009650000)]
  0x00000000078ec000 JavaThread "C1 CompilerThread3" daemon [_thread_blocked, id=9680, stack(0x0000000009410000,0x0000000009510000)]
  0x00000000078eb800 JavaThread "C2 CompilerThread2" daemon [_thread_blocked, id=10052, stack(0x00000000091e0000,0x00000000092e0000)]
  0x00000000078e4800 JavaThread "C2 CompilerThread1" daemon [_thread_in_native, id=9692, stack(0x0000000008a40000,0x0000000008b40000)]
=>0x000000000788f800 JavaThread "C2 CompilerThread0" daemon [_thread_in_native, id=9708, stack(0x00000000090c0000,0x00000000091c0000)]
  0x000000000788c800 JavaThread "Attach Listener" daemon [_thread_blocked, id=10068, stack(0x0000000008f20000,0x0000000009020000)]
  0x000000000788a000 JavaThread "Signal Dispatcher" daemon [_thread_blocked, id=10064, stack(0x0000000008e00000,0x0000000008f00000)]
  0x00000000021ed800 JavaThread "Finalizer" daemon [_thread_blocked, id=10060, stack(0x0000000008ce0000,0x0000000008de0000)]
  0x00000000066c4800 JavaThread "Reference Handler" daemon [_thread_blocked, id=10056, stack(0x0000000008b60000,0x0000000008c60000)]
  0x0000000001c6e000 JavaThread "main" [_thread_in_Java, id=9968, stack(0x0000000002510000,0x0000000002610000)]

Other Threads:
  0x00000000066bf800 VMThread [stack: 0x00000000088a0000,0x00000000089a0000] [id=10048]
  0x00000000078f6000 WatcherThread [stack: 0x00000000096a0000,0x00000000097a0000] [id=9684]

VM state:not at safepoint (normal execution)

VM Mutex/Monitor currently owned by a thread: None

Heap:
 PSYoungGen      total 38400K, used 17040K [0x00000000eab00000, 0x00000000ef600000, 0x0000000100000000)
  eden space 33280K, 35% used [0x00000000eab00000,0x00000000eb6a9cc8,0x00000000ecb80000)
  from space 5120K, 99% used [0x00000000ecb80000,0x00000000ed07a568,0x00000000ed080000)
  to   space 5120K, 0% used [0x00000000ef100000,0x00000000ef100000,0x00000000ef600000)
 ParOldGen       total 87552K, used 1332K [0x00000000c0000000, 0x00000000c5580000, 0x00000000eab00000)
  object space 87552K, 1% used [0x00000000c0000000,0x00000000c014d180,0x00000000c5580000)
 Metaspace       used 5969K, capacity 6960K, committed 7040K, reserved 1056768K
  class space    used 587K, capacity 616K, committed 640K, reserved 1048576K

Card table byte_map: [0x0000000002ca0000,0x0000000002eb0000] byte_map_base: 0x00000000026a0000

Marking Bits: (ParMarkBitMap*) 0x000000005168b460
 Begin Bits: [0x0000000003ae0000, 0x0000000004ae0000)
 End Bits:   [0x0000000004ae0000, 0x0000000005ae0000)

Polling page: 0x0000000001c50000

CodeCache: size=245760Kb used=5648Kb max_used=5661Kb free=240111Kb
 bounds [0x000000000f010000, 0x000000000f5a0000, 0x000000001e010000]
 total_blobs=1667 nmethods=1403 adapters=178
 compilation: enabled

Compilation events (10 events):
Event: 6.037 Thread 0x00000000078ec000 1407       3       java.util.Collections::unmodifiableCollection (9 bytes)
Event: 6.037 Thread 0x00000000078ec000 nmethod 1407 0x000000000f594c10 code [0x000000000f594d80, 0x000000000f5950a8]
Event: 6.037 Thread 0x00000000078ec000 1406       3       com.android.dx.rop.annotation.Annotation::put (32 bytes)
Event: 6.037 Thread 0x00000000078ec000 nmethod 1406 0x000000000f594350 code [0x000000000f594500, 0x000000000f5949e8]
Event: 6.038 Thread 0x00000000078ec000 1408       1       com.android.dx.rop.annotation.NameValuePair::getValue (5 bytes)
Event: 6.038 Thread 0x00000000078ec000 nmethod 1408 0x000000000f5961d0 code [0x000000000f596320, 0x000000000f596430]
Event: 6.038 Thread 0x00000000078ec000 1409       3       com.android.dx.rop.code.AccessFlags::isAbstract (14 bytes)
Event: 6.038 Thread 0x00000000078ec000 nmethod 1409 0x000000000f597b90 code [0x000000000f597ce0, 0x000000000f597e70]
Event: 6.038 Thread 0x00000000078ec000 1410       1       com.android.dx.cf.attrib.BaseLocalVariables::getLocalVariables (5 bytes)
Event: 6.038 Thread 0x00000000078ec000 nmethod 1410 0x000000000f595ed0 code [0x000000000f596020, 0x000000000f596130]

GC Heap History (2 events):
Event: 3.867 GC heap before
{Heap before GC invocations=1 (full 0):
 PSYoungGen      total 38400K, used 33280K [0x00000000eab00000, 0x00000000ed580000, 0x0000000100000000)
  eden space 33280K, 100% used [0x00000000eab00000,0x00000000ecb80000,0x00000000ecb80000)
  from space 5120K, 0% used [0x00000000ed080000,0x00000000ed080000,0x00000000ed580000)
  to   space 5120K, 0% used [0x00000000ecb80000,0x00000000ecb80000,0x00000000ed080000)
 ParOldGen       total 87552K, used 0K [0x00000000c0000000, 0x00000000c5580000, 0x00000000eab00000)
  object space 87552K, 0% used [0x00000000c0000000,0x00000000c0000000,0x00000000c5580000)
 Metaspace       used 5893K, capacity 6896K, committed 7040K, reserved 1056768K
  class space    used 585K, capacity 616K, committed 640K, reserved 1048576K
Event: 5.396 GC heap after
Heap after GC invocations=1 (full 0):
 PSYoungGen      total 38400K, used 5097K [0x00000000eab00000, 0x00000000ef600000, 0x0000000100000000)
  eden space 33280K, 0% used [0x00000000eab00000,0x00000000eab00000,0x00000000ecb80000)
  from space 5120K, 99% used [0x00000000ecb80000,0x00000000ed07a568,0x00000000ed080000)
  to   space 5120K, 0% used [0x00000000ef100000,0x00000000ef100000,0x00000000ef600000)
 ParOldGen       total 87552K, used 1332K [0x00000000c0000000, 0x00000000c5580000, 0x00000000eab00000)
  object space 87552K, 1% used [0x00000000c0000000,0x00000000c014d180,0x00000000c5580000)
 Metaspace       used 5893K, capacity 6896K, committed 7040K, reserved 1056768K
  class space    used 585K, capacity 616K, committed 640K, reserved 1048576K
}

Deoptimization events (5 events):
Event: 2.399 Thread 0x0000000007bd4000 Uncommon trap: reason=unreached action=reinterpret pc=0x000000000f2a0984 method=com.android.dx.rop.cst.Constant.compareTo(Lcom/android/dx/rop/cst/Constant;)I @ 12
Event: 3.755 Thread 0x0000000007b91000 Uncommon trap: reason=uninitialized action=reinterpret pc=0x000000000f459f6c method=com.android.dx.cf.code.BytecodeArray.parseInstruction(ILcom/android/dx/cf/code/BytecodeArray$Visitor;)I @ 1079
Event: 3.758 Thread 0x0000000007b91000 Uncommon trap: reason=null_check action=make_not_entrant pc=0x000000000f2a0d50 method=com.android.dx.rop.type.Type.equals(Ljava/lang/Object;)Z @ 8
Event: 3.765 Thread 0x0000000007b91000 Uncommon trap: reason=bimorphic action=maybe_recompile pc=0x000000000f2100c0 method=java.util.HashMap.getNode(ILjava/lang/Object;)Ljava/util/HashMap$Node; @ 126
Event: 3.765 Thread 0x0000000007b91000 Uncommon trap: reason=class_check action=maybe_recompile pc=0x000000000f3be164 method=java.util.HashMap.putVal(ILjava/lang/Object;Ljava/lang/Object;ZZ)Ljava/lang/Object; @ 203

Internal exceptions (10 events):
Event: 1.818 Thread 0x0000000007b8c000 Exception <a 'java/security/PrivilegedActionException'> (0x00000000eb90e990) thrown at [D:\re\workspace\8-2-build-windows-amd64-cygwin\jdk8u20\1074\hotspot\src\share\vm\prims\jvm.cpp, line 1275]
Event: 1.818 Thread 0x0000000007b8c000 Exception <a 'java/security/PrivilegedActionException'> (0x00000000eb911560) thrown at [D:\re\workspace\8-2-build-windows-amd64-cygwin\jdk8u20\1074\hotspot\src\share\vm\prims\jvm.cpp, line 1275]
Event: 1.819 Thread 0x0000000007b8c000 Exception <a 'java/security/PrivilegedActionException'> (0x00000000eb914130) thrown at [D:\re\workspace\8-2-build-windows-amd64-cygwin\jdk8u20\1074\hotspot\src\share\vm\prims\jvm.cpp, line 1275]
Event: 1.822 Thread 0x0000000007b91000 Exception <a 'java/security/PrivilegedActionException'> (0x00000000eb599d80) thrown at [D:\re\workspace\8-2-build-windows-amd64-cygwin\jdk8u20\1074\hotspot\src\share\vm\prims\jvm.cpp, line 1275]
Event: 1.823 Thread 0x0000000001c6e000 Exception <a 'java/security/PrivilegedActionException'> (0x00000000eb4341f0) thrown at [D:\re\workspace\8-2-build-windows-amd64-cygwin\jdk8u20\1074\hotspot\src\share\vm\prims\jvm.cpp, line 1275]
Event: 1.827 Thread 0x0000000007b91000 Exception <a 'java/security/PrivilegedActionException'> (0x00000000eb5a8740) thrown at [D:\re\workspace\8-2-build-windows-amd64-cygwin\jdk8u20\1074\hotspot\src\share\vm\prims\jvm.cpp, line 1275]
Event: 2.079 Thread 0x0000000007bd4000 Exception <a 'java/security/PrivilegedActionException'> (0x00000000eb368730) thrown at [D:\re\workspace\8-2-build-windows-amd64-cygwin\jdk8u20\1074\hotspot\src\share\vm\prims\jvm.cpp, line 1275]
Event: 3.694 Thread 0x0000000007b91000 Exception <a 'java/security/PrivilegedActionException'> (0x00000000ec92dd68) thrown at [D:\re\workspace\8-2-build-windows-amd64-cygwin\jdk8u20\1074\hotspot\src\share\vm\prims\jvm.cpp, line 1275]
Event: 3.758 Thread 0x0000000007b91000 Implicit null exception at 0x000000000f2a0c52 to 0x000000000f2a0d42
Event: 5.815 Thread 0x0000000007b8c000 Exception <a 'java/security/PrivilegedActionException'> (0x00000000eb369240) thrown at [D:\re\workspace\8-2-build-windows-amd64-cygwin\jdk8u20\1074\hotspot\src\share\vm\prims\jvm.cpp, line 1275]

Events (10 events):
Event: 3.765 Thread 0x0000000007b91000 DEOPT UNPACKING pc=0x000000000f05556a sp=0x000000000a49e650 mode 2
Event: 3.765 Thread 0x0000000007b91000 Uncommon trap: trap_request=0xffffffde fr.pc=0x000000000f3be164
Event: 3.765 Thread 0x0000000007b91000 DEOPT PACKING pc=0x000000000f3be164 sp=0x000000000a49e6b0
Event: 3.765 Thread 0x0000000007b91000 DEOPT UNPACKING pc=0x000000000f05556a sp=0x000000000a49e628 mode 2
Event: 3.837 Executing VM operation: ParallelGCFailedAllocation
Event: 5.396 Executing VM operation: ParallelGCFailedAllocation done
Event: 5.684 loading class sun/misc/Cleaner
Event: 5.684 loading class sun/misc/Cleaner done
Event: 5.815 loading class com/android/dx/cf/code/BytecodeArray$ConstantParserVisitor
Event: 5.815 loading class com/android/dx/cf/code/BytecodeArray$ConstantParserVisitor done


Dynamic libraries:
0x000000013f0b0000 - 0x000000013f0e4000 	C:\Program Files\Java\jdk1.8.0_20\bin\java.exe
0x0000000077670000 - 0x0000000077819000 	C:\Windows\SYSTEM32\ntdll.dll
0x0000000077450000 - 0x0000000077570000 	C:\Windows\system32\kernel32.dll
0x000007fefd5a0000 - 0x000007fefd60c000 	C:\Windows\system32\KERNELBASE.dll
0x000007feff0d0000 - 0x000007feff1ab000 	C:\Windows\system32\ADVAPI32.dll
0x000007feff1b0000 - 0x000007feff24f000 	C:\Windows\system32\msvcrt.dll
0x000007fefdf10000 - 0x000007fefdf2f000 	C:\Windows\SYSTEM32\sechost.dll
0x000007fefdcf0000 - 0x000007fefde1d000 	C:\Windows\system32\RPCRT4.dll
0x0000000077570000 - 0x000000007766a000 	C:\Windows\system32\USER32.dll
0x000007fefdf30000 - 0x000007fefdf97000 	C:\Windows\system32\GDI32.dll
0x000007feff970000 - 0x000007feff97e000 	C:\Windows\system32\LPK.dll
0x000007fefde40000 - 0x000007fefdf0a000 	C:\Windows\system32\USP10.dll
0x000007fefbcc0000 - 0x000007fefbeb4000 	C:\Windows\WinSxS\amd64_microsoft.windows.common-controls_6595b64144ccf1df_6.0.7601.18837_none_fa3b1e3d17594757\COMCTL32.dll
0x000007feff050000 - 0x000007feff0c1000 	C:\Windows\system32\SHLWAPI.dll
0x000007fefee90000 - 0x000007fefeebe000 	C:\Windows\system32\IMM32.DLL
0x000007fefdfa0000 - 0x000007fefe0a9000 	C:\Windows\system32\MSCTF.dll
0x000007fefd330000 - 0x000007fefd371000 	C:\Windows\system32\nvinitx.dll
0x000000000f000000 - 0x000000000f006000 	C:\Program Files\NVIDIA Corporation\CoProcManager\_etoured.dll
0x000007fef93e0000 - 0x000007fef9436000 	C:\Program Files\NVIDIA Corporation\CoProcManager\nvd3d9wrapx.dll
0x000007feff790000 - 0x000007feff967000 	C:\Windows\system32\SETUPAPI.dll
0x000007fefd610000 - 0x000007fefd646000 	C:\Windows\system32\CFGMGR32.dll
0x000007feff650000 - 0x000007feff727000 	C:\Windows\system32\OLEAUT32.dll
0x000007fefda40000 - 0x000007fefdc43000 	C:\Windows\system32\ole32.dll
0x000007fefd550000 - 0x000007fefd56a000 	C:\Windows\system32\DEVOBJ.dll
0x000007fef9240000 - 0x000007fef927d000 	C:\Program Files\NVIDIA Corporation\CoProcManager\nvdxgiwrapx.dll
0x0000000050c30000 - 0x0000000050d02000 	C:\Program Files\Java\jdk1.8.0_20\jre\bin\msvcr100.dll
0x0000000050eb0000 - 0x0000000051708000 	C:\Program Files\Java\jdk1.8.0_20\jre\bin\server\jvm.dll
0x000007feecaa0000 - 0x000007feecaa9000 	C:\Windows\system32\WSOCK32.dll
0x000007fefee40000 - 0x000007fefee8d000 	C:\Windows\system32\WS2_32.dll
0x000007feff520000 - 0x000007feff528000 	C:\Windows\system32\NSI.dll
0x000007fefa970000 - 0x000007fefa9ab000 	C:\Windows\system32\WINMM.dll
0x0000000077840000 - 0x0000000077847000 	C:\Windows\system32\PSAPI.DLL
0x000000006b010000 - 0x000000006b01f000 	C:\Program Files\Java\jdk1.8.0_20\jre\bin\verify.dll
0x000000006afe0000 - 0x000000006b008000 	C:\Program Files\Java\jdk1.8.0_20\jre\bin\java.dll
0x000000006afc0000 - 0x000000006afd6000 	C:\Program Files\Java\jdk1.8.0_20\jre\bin\zip.dll
0x000007fefe0b0000 - 0x000007fefee39000 	C:\Windows\system32\SHELL32.dll
0x000007fefd420000 - 0x000007fefd42f000 	C:\Windows\system32\profapi.dll

VM Arguments:
jvm_args: -Xmx1024M -Dfile.encoding=windows-1252 -Duser.country=DK -Duser.language=da -Duser.variant 
java_command: com.android.dx.command.Main --dex --num-threads=4 --output D:\AndroidProject\hihgSpeet\app\build\intermediates\pre-dexed\debug\classes-2967009167d0e18e51f3f725dbadfb3dc08cc586.jar D:\AndroidProject\hihgSpeet\app\build\intermediates\exploded-aar\com.google.android.gms\play-services-cast\8.3.0\jars\classes.jar
java_class_path (initial): D:\sdk1\build-tools\23.0.2\lib\dx.jar
Launcher Type: SUN_STANDARD

Environment Variables:
JAVA_HOME=C:\Program Files\Java\jdk1.8.0_20
PATH=C:\Ruby21-x64\bin;C:\Program Files (x86)\NVIDIA Corporation\PhysX\Common;C:\oraclexe\app\oracle\product\11.2.0\server\bin;C:\Program Files\Common Files\Microsoft Shared\Windows Live;C:\Program Files (x86)\Common Files\Microsoft Shared\Windows Live;C:\Windows\system32;C:\Windows;C:\Windows\System32\Wbem;C:\Windows\System32\WindowsPowerShell\v1.0\;C:\Program Files (x86)\Windows Live\Shared;C:\Program Files (x86)\IVI Foundation\VISA\WinNT\Bin\;C:\Program Files\IVI Foundation\VISA\Win64\Bin\;C:\Program Files (x86)\Git\cmd;C:\Program Files\nodejs\;C:\Program Files (x86)\Skype\Phone\;C:\Users\Søren\AppData\Roaming\npm
USERNAME=Søren
OS=Windows_NT
PROCESSOR_IDENTIFIER=Intel64 Family 6 Model 58 Stepping 9, GenuineIntel



---------------  S Y S T E M  ---------------

OS: Windows 7 , 64 bit Build 7601 Service Pack 1

CPU:total 8 (4 cores per cpu, 2 threads per core) family 6 model 58 stepping 9, cmov, cx8, fxsr, mmx, sse, sse2, sse3, ssse3, sse4.1, sse4.2, popcnt, avx, aes, clmul, erms, ht, tsc, tscinvbit, tscinv

Memory: 4k page, physical 8278916k(52028k free), swap 11158020k(5056k free)

vm_info: Java HotSpot(TM) 64-Bit Server VM (25.20-b23) for windows-amd64 JRE (1.8.0_20-b26), built on Jul 30 2014 13:51:23 by "java_re" with MS VC++ 10.0 (VS2010)

time: Mon Dec 14 10:45:35 2015
elapsed time: 6 seconds (0d 0h 0m 6s)

