#
# There is insufficient memory for the Java Runtime Environment to continue.
# Native memory allocation (malloc) failed to allocate 853296 bytes for Chunk::new
# Possible reasons:
#   The system is out of physical RAM or swap space
#   In 32 bit mode, the process size limit was hit
# Possible solutions:
#   Reduce memory load on the system
#   Increase physical memory or swap space
#   Check if swap backing store is full
#   Use 64 bit Java on a 64 bit OS
#   Decrease Java heap size (-Xmx/-Xms)
#   Decrease number of Java threads
#   Decrease Java thread stack sizes (-Xss)
#   Set larger code cache with -XX:ReservedCodeCacheSize=
# This output file may be truncated or incomplete.
#
#  Out of Memory Error (allocation.cpp:390), pid=10104, tid=7200
#
# JRE version: Java(TM) SE Runtime Environment (8.0_20-b26) (build 1.8.0_20-b26)
# Java VM: Java HotSpot(TM) 64-Bit Server VM (25.20-b23 mixed mode windows-amd64 compressed oops)
# Failed to write core dump. Minidumps are not enabled by default on client versions of Windows
#

---------------  T H R E A D  ---------------

Current thread (0x0000000007651800):  JavaThread "C2 CompilerThread0" daemon [_thread_in_native, id=7200, stack(0x0000000008b10000,0x0000000008c10000)]

Stack: [0x0000000008b10000,0x0000000008c10000]
Native frames: (J=compiled Java code, j=interpreted, Vv=VM code, C=native code)
V  [jvm.dll+0x3152fa]
V  [jvm.dll+0x265d03]
V  [jvm.dll+0x266943]
V  [jvm.dll+0x25e265]
V  [jvm.dll+0xbe255]
V  [jvm.dll+0xbe6fc]
V  [jvm.dll+0x477e2c]
V  [jvm.dll+0x444fab]
V  [jvm.dll+0x4500de]
V  [jvm.dll+0x4526c8]
V  [jvm.dll+0x435fc2]
V  [jvm.dll+0x97b62]
V  [jvm.dll+0x98353]
V  [jvm.dll+0x22aac4]
V  [jvm.dll+0x283f5a]
C  [msvcr100.dll+0x21d9f]
C  [msvcr100.dll+0x21e3b]
C  [kernel32.dll+0x15a4d]
C  [ntdll.dll+0x2b831]


Current CompileTask:
C2:   7166 1455       4       com.android.dx.dex.code.OutputFinisher::addConstants (93 bytes)


---------------  P R O C E S S  ---------------

Java Threads: ( => current thread )
  0x000000000208e000 JavaThread "DestroyJavaVM" [_thread_blocked, id=10156, stack(0x0000000002400000,0x0000000002500000)]
  0x00000000076ba000 JavaThread "Service Thread" daemon [_thread_blocked, id=9120, stack(0x0000000009230000,0x0000000009330000)]
  0x00000000076b1800 JavaThread "C1 CompilerThread3" daemon [_thread_blocked, id=5804, stack(0x0000000009040000,0x0000000009140000)]
  0x00000000076b0800 JavaThread "C2 CompilerThread2" daemon [_thread_blocked, id=9420, stack(0x0000000008f40000,0x0000000009040000)]
  0x0000000007659800 JavaThread "C2 CompilerThread1" daemon [_thread_blocked, id=7160, stack(0x0000000008d20000,0x0000000008e20000)]
=>0x0000000007651800 JavaThread "C2 CompilerThread0" daemon [_thread_in_native, id=7200, stack(0x0000000008b10000,0x0000000008c10000)]
  0x000000000764e800 JavaThread "Attach Listener" daemon [_thread_blocked, id=6428, stack(0x0000000008740000,0x0000000008840000)]
  0x000000000764c000 JavaThread "Signal Dispatcher" daemon [_thread_blocked, id=1004, stack(0x00000000089e0000,0x0000000008ae0000)]
  0x000000000218d800 JavaThread "Finalizer" daemon [_thread_blocked, id=4620, stack(0x0000000002da0000,0x0000000002ea0000)]
  0x0000000006594800 JavaThread "Reference Handler" daemon [_thread_blocked, id=10236, stack(0x0000000008850000,0x0000000008950000)]

Other Threads:
  0x000000000658f800 VMThread [stack: 0x0000000008620000,0x0000000008720000] [id=10220]
  0x00000000076bb000 WatcherThread [stack: 0x0000000009330000,0x0000000009430000] [id=5268]

VM state:not at safepoint (normal execution)

VM Mutex/Monitor currently owned by a thread: None

Heap:
 PSYoungGen      total 38400K, used 22241K [0x00000000eab00000, 0x00000000ef600000, 0x0000000100000000)
  eden space 33280K, 51% used [0x00000000eab00000,0x00000000ebbbb1c0,0x00000000ecb80000)
  from space 5120K, 99% used [0x00000000ecb80000,0x00000000ed07d310,0x00000000ed080000)
  to   space 5120K, 0% used [0x00000000ef100000,0x00000000ef100000,0x00000000ef600000)
 ParOldGen       total 87552K, used 1379K [0x00000000c0000000, 0x00000000c5580000, 0x00000000eab00000)
  object space 87552K, 1% used [0x00000000c0000000,0x00000000c0158c50,0x00000000c5580000)
 Metaspace       used 6343K, capacity 7216K, committed 7296K, reserved 1056768K
  class space    used 610K, capacity 616K, committed 640K, reserved 1048576K

Card table byte_map: [0x0000000002b90000,0x0000000002da0000] byte_map_base: 0x0000000002590000

Marking Bits: (ParMarkBitMap*) 0x000000005168b460
 Begin Bits: [0x00000000039b0000, 0x00000000049b0000)
 End Bits:   [0x00000000049b0000, 0x00000000059b0000)

Polling page: 0x00000000004d0000

CodeCache: size=245760Kb used=6538Kb max_used=6550Kb free=239221Kb
 bounds [0x000000000f010000, 0x000000000f680000, 0x000000001e010000]
 total_blobs=1948 nmethods=1683 adapters=179
 compilation: enabled

Compilation events (10 events):
Event: 7.063 Thread 0x00000000076b1800 nmethod 1657 0x000000000f64f210 code [0x000000000f64f360, 0x000000000f64f4b0]
Event: 7.063 Thread 0x00000000076b1800 1654       3       com.android.dx.dex.file.MethodIdItem::getTypoidIdx (17 bytes)
Event: 7.064 Thread 0x00000000076b1800 nmethod 1654 0x000000000f655810 code [0x000000000f6559a0, 0x000000000f655f28]
Event: 7.064 Thread 0x00000000076b1800 1655       3       com.android.dx.dex.file.ProtoIdsSection::indexOf (49 bytes)
Event: 7.065 Thread 0x00000000076b1800 nmethod 1655 0x000000000f657350 code [0x000000000f657540, 0x000000000f657de8]
Event: 7.065 Thread 0x00000000076b1800 1663       1       com.android.dx.dex.code.ZeroSizeInsn::writeTo (1 bytes)
Event: 7.065 Thread 0x00000000076b1800 nmethod 1663 0x000000000f64ef50 code [0x000000000f64f0a0, 0x000000000f64f1b0]
Event: 7.065 Thread 0x00000000076b1800 1660       3       com.android.dx.dex.code.FixedSizeInsn::writeTo (13 bytes)
Event: 7.065 Thread 0x00000000076b1800 nmethod 1660 0x000000000f655250 code [0x000000000f6553c0, 0x000000000f655708]
Event: 7.065 Thread 0x00000000076b1800 1661       3       com.android.dx.dex.code.InsnFormat::opcodeUnit (54 bytes)

GC Heap History (2 events):
Event: 3.570 GC heap before
{Heap before GC invocations=1 (full 0):
 PSYoungGen      total 38400K, used 33280K [0x00000000eab00000, 0x00000000ed580000, 0x0000000100000000)
  eden space 33280K, 100% used [0x00000000eab00000,0x00000000ecb80000,0x00000000ecb80000)
  from space 5120K, 0% used [0x00000000ed080000,0x00000000ed080000,0x00000000ed580000)
  to   space 5120K, 0% used [0x00000000ecb80000,0x00000000ecb80000,0x00000000ed080000)
 ParOldGen       total 87552K, used 0K [0x00000000c0000000, 0x00000000c5580000, 0x00000000eab00000)
  object space 87552K, 0% used [0x00000000c0000000,0x00000000c0000000,0x00000000c5580000)
 Metaspace       used 5889K, capacity 6896K, committed 7040K, reserved 1056768K
  class space    used 586K, capacity 616K, committed 640K, reserved 1048576K
Event: 4.300 GC heap after
Heap after GC invocations=1 (full 0):
 PSYoungGen      total 38400K, used 5108K [0x00000000eab00000, 0x00000000ef600000, 0x0000000100000000)
  eden space 33280K, 0% used [0x00000000eab00000,0x00000000eab00000,0x00000000ecb80000)
  from space 5120K, 99% used [0x00000000ecb80000,0x00000000ed07d310,0x00000000ed080000)
  to   space 5120K, 0% used [0x00000000ef100000,0x00000000ef100000,0x00000000ef600000)
 ParOldGen       total 87552K, used 1379K [0x00000000c0000000, 0x00000000c5580000, 0x00000000eab00000)
  object space 87552K, 1% used [0x00000000c0000000,0x00000000c0158c50,0x00000000c5580000)
 Metaspace       used 5889K, capacity 6896K, committed 7040K, reserved 1056768K
  class space    used 586K, capacity 616K, committed 640K, reserved 1048576K
}

Deoptimization events (10 events):
Event: 6.847 Thread 0x000000000208e000 Uncommon trap: reason=bimorphic action=maybe_recompile pc=0x000000000f217214 method=java.util.HashMap.getNode(ILjava/lang/Object;)Ljava/util/HashMap$Node; @ 126
Event: 6.850 Thread 0x000000000208e000 Uncommon trap: reason=bimorphic action=maybe_recompile pc=0x000000000f1ecafc method=java.util.HashMap.getNode(ILjava/lang/Object;)Ljava/util/HashMap$Node; @ 126
Event: 6.912 Thread 0x000000000208e000 Uncommon trap: reason=speculate_class_check action=maybe_recompile pc=0x000000000f326fb4 method=com.android.dx.util.FixedSizeList.equals(Ljava/lang/Object;)Z @ 25
Event: 6.916 Thread 0x000000000208e000 Uncommon trap: reason=speculate_class_check action=maybe_recompile pc=0x000000000f326fb4 method=com.android.dx.util.FixedSizeList.equals(Ljava/lang/Object;)Z @ 25
Event: 6.916 Thread 0x000000000208e000 Uncommon trap: reason=class_check action=maybe_recompile pc=0x000000000f329c7c method=java.util.Arrays.equals([Ljava/lang/Object;[Ljava/lang/Object;)Z @ 62
Event: 6.916 Thread 0x000000000208e000 Uncommon trap: reason=speculate_class_check action=maybe_recompile pc=0x000000000f326fb4 method=com.android.dx.util.FixedSizeList.equals(Ljava/lang/Object;)Z @ 25
Event: 6.916 Thread 0x000000000208e000 Uncommon trap: reason=class_check action=maybe_recompile pc=0x000000000f329c7c method=java.util.Arrays.equals([Ljava/lang/Object;[Ljava/lang/Object;)Z @ 62
Event: 6.916 Thread 0x000000000208e000 Uncommon trap: reason=speculate_class_check action=maybe_recompile pc=0x000000000f326fb4 method=com.android.dx.util.FixedSizeList.equals(Ljava/lang/Object;)Z @ 25
Event: 6.916 Thread 0x000000000208e000 Uncommon trap: reason=class_check action=maybe_recompile pc=0x000000000f329c7c method=java.util.Arrays.equals([Ljava/lang/Object;[Ljava/lang/Object;)Z @ 62
Event: 6.916 Thread 0x000000000208e000 Uncommon trap: reason=class_check action=maybe_recompile pc=0x000000000f329c7c method=java.util.Arrays.equals([Ljava/lang/Object;[Ljava/lang/Object;)Z @ 62

Internal exceptions (10 events):
Event: 6.911 Thread 0x000000000208e000 Exception <a 'java/security/PrivilegedActionException'> (0x00000000eb9fbd18) thrown at [D:\re\workspace\8-2-build-windows-amd64-cygwin\jdk8u20\1074\hotspot\src\share\vm\prims\jvm.cpp, line 1275]
Event: 6.912 Thread 0x000000000208e000 Exception <a 'java/security/PrivilegedActionException'> (0x00000000eb9feae8) thrown at [D:\re\workspace\8-2-build-windows-amd64-cygwin\jdk8u20\1074\hotspot\src\share\vm\prims\jvm.cpp, line 1275]
Event: 6.913 Thread 0x000000000208e000 Exception <a 'java/security/PrivilegedActionException'> (0x00000000eba01a68) thrown at [D:\re\workspace\8-2-build-windows-amd64-cygwin\jdk8u20\1074\hotspot\src\share\vm\prims\jvm.cpp, line 1275]
Event: 7.023 Thread 0x000000000208e000 Exception <a 'java/security/PrivilegedActionException'> (0x00000000ebab9fc0) thrown at [D:\re\workspace\8-2-build-windows-amd64-cygwin\jdk8u20\1074\hotspot\src\share\vm\prims\jvm.cpp, line 1275]
Event: 7.025 Thread 0x000000000208e000 Exception <a 'java/security/PrivilegedActionException'> (0x00000000ebac5ac0) thrown at [D:\re\workspace\8-2-build-windows-amd64-cygwin\jdk8u20\1074\hotspot\src\share\vm\prims\jvm.cpp, line 1275]
Event: 7.026 Thread 0x000000000208e000 Exception <a 'java/security/PrivilegedActionException'> (0x00000000ebac8550) thrown at [D:\re\workspace\8-2-build-windows-amd64-cygwin\jdk8u20\1074\hotspot\src\share\vm\prims\jvm.cpp, line 1275]
Event: 7.031 Thread 0x000000000208e000 Exception <a 'java/security/PrivilegedActionException'> (0x00000000ebaef878) thrown at [D:\re\workspace\8-2-build-windows-amd64-cygwin\jdk8u20\1074\hotspot\src\share\vm\prims\jvm.cpp, line 1275]
Event: 7.037 Thread 0x000000000208e000 Exception <a 'java/security/PrivilegedActionException'> (0x00000000ebb10a00) thrown at [D:\re\workspace\8-2-build-windows-amd64-cygwin\jdk8u20\1074\hotspot\src\share\vm\prims\jvm.cpp, line 1275]
Event: 7.038 Thread 0x000000000208e000 Exception <a 'java/security/PrivilegedActionException'> (0x00000000ebb15da0) thrown at [D:\re\workspace\8-2-build-windows-amd64-cygwin\jdk8u20\1074\hotspot\src\share\vm\prims\jvm.cpp, line 1275]
Event: 7.047 Thread 0x000000000208e000 Exception <a 'java/security/PrivilegedActionException'> (0x00000000ebb2acf8) thrown at [D:\re\workspace\8-2-build-windows-amd64-cygwin\jdk8u20\1074\hotspot\src\share\vm\prims\jvm.cpp, line 1275]

Events (10 events):
Event: 7.026 loading class com/android/dx/dex/file/DebugInfoEncoder$2
Event: 7.026 loading class com/android/dx/dex/file/DebugInfoEncoder$2 done
Event: 7.030 loading class com/android/dex/EncodedValueCodec
Event: 7.030 loading class com/android/dex/EncodedValueCodec done
Event: 7.037 loading class com/android/dx/dex/file/MapItem
Event: 7.037 loading class com/android/dx/dex/file/MapItem done
Event: 7.038 loading class com/android/dx/dex/file/UniformListItem
Event: 7.038 loading class com/android/dx/dex/file/UniformListItem done
Event: 7.047 loading class com/android/dex/DexFormat
Event: 7.047 loading class com/android/dex/DexFormat done


Dynamic libraries:
0x000000013f0b0000 - 0x000000013f0e4000 	C:\Program Files\Java\jdk1.8.0_20\bin\java.exe
0x0000000077670000 - 0x0000000077819000 	C:\Windows\SYSTEM32\ntdll.dll
0x0000000077450000 - 0x0000000077570000 	C:\Windows\system32\kernel32.dll
0x000007fefd5a0000 - 0x000007fefd60c000 	C:\Windows\system32\KERNELBASE.dll
0x000007feff0d0000 - 0x000007feff1ab000 	C:\Windows\system32\ADVAPI32.dll
0x000007feff1b0000 - 0x000007feff24f000 	C:\Windows\system32\msvcrt.dll
0x000007fefdf10000 - 0x000007fefdf2f000 	C:\Windows\SYSTEM32\sechost.dll
0x000007fefdcf0000 - 0x000007fefde1d000 	C:\Windows\system32\RPCRT4.dll
0x0000000077570000 - 0x000000007766a000 	C:\Windows\system32\USER32.dll
0x000007fefdf30000 - 0x000007fefdf97000 	C:\Windows\system32\GDI32.dll
0x000007feff970000 - 0x000007feff97e000 	C:\Windows\system32\LPK.dll
0x000007fefde40000 - 0x000007fefdf0a000 	C:\Windows\system32\USP10.dll
0x000007fefbcc0000 - 0x000007fefbeb4000 	C:\Windows\WinSxS\amd64_microsoft.windows.common-controls_6595b64144ccf1df_6.0.7601.18837_none_fa3b1e3d17594757\COMCTL32.dll
0x000007feff050000 - 0x000007feff0c1000 	C:\Windows\system32\SHLWAPI.dll
0x000007fefee90000 - 0x000007fefeebe000 	C:\Windows\system32\IMM32.DLL
0x000007fefdfa0000 - 0x000007fefe0a9000 	C:\Windows\system32\MSCTF.dll
0x000007fefd330000 - 0x000007fefd371000 	C:\Windows\system32\nvinitx.dll
0x000000000f000000 - 0x000000000f006000 	C:\Program Files\NVIDIA Corporation\CoProcManager\_etoured.dll
0x000007fef93e0000 - 0x000007fef9436000 	C:\Program Files\NVIDIA Corporation\CoProcManager\nvd3d9wrapx.dll
0x000007feff790000 - 0x000007feff967000 	C:\Windows\system32\SETUPAPI.dll
0x000007fefd610000 - 0x000007fefd646000 	C:\Windows\system32\CFGMGR32.dll
0x000007feff650000 - 0x000007feff727000 	C:\Windows\system32\OLEAUT32.dll
0x000007fefda40000 - 0x000007fefdc43000 	C:\Windows\system32\ole32.dll
0x000007fefd550000 - 0x000007fefd56a000 	C:\Windows\system32\DEVOBJ.dll
0x000007fef9240000 - 0x000007fef927d000 	C:\Program Files\NVIDIA Corporation\CoProcManager\nvdxgiwrapx.dll
0x0000000050c30000 - 0x0000000050d02000 	C:\Program Files\Java\jdk1.8.0_20\jre\bin\msvcr100.dll
0x0000000050eb0000 - 0x0000000051708000 	C:\Program Files\Java\jdk1.8.0_20\jre\bin\server\jvm.dll
0x000007feecaa0000 - 0x000007feecaa9000 	C:\Windows\system32\WSOCK32.dll
0x000007fefee40000 - 0x000007fefee8d000 	C:\Windows\system32\WS2_32.dll
0x000007feff520000 - 0x000007feff528000 	C:\Windows\system32\NSI.dll
0x000007fefa970000 - 0x000007fefa9ab000 	C:\Windows\system32\WINMM.dll
0x0000000077840000 - 0x0000000077847000 	C:\Windows\system32\PSAPI.DLL
0x000000006b010000 - 0x000000006b01f000 	C:\Program Files\Java\jdk1.8.0_20\jre\bin\verify.dll
0x000000006afe0000 - 0x000000006b008000 	C:\Program Files\Java\jdk1.8.0_20\jre\bin\java.dll
0x000000006afc0000 - 0x000000006afd6000 	C:\Program Files\Java\jdk1.8.0_20\jre\bin\zip.dll
0x000007fefe0b0000 - 0x000007fefee39000 	C:\Windows\system32\SHELL32.dll
0x000007fefd420000 - 0x000007fefd42f000 	C:\Windows\system32\profapi.dll
0x000007feef140000 - 0x000007feef265000 	C:\Windows\system32\dbghelp.dll

VM Arguments:
jvm_args: -Xmx1024M -Dfile.encoding=windows-1252 -Duser.country=DK -Duser.language=da -Duser.variant 
java_command: com.android.dx.command.Main --dex --num-threads=4 --output D:\AndroidProject\hihgSpeet\app\build\intermediates\pre-dexed\debug\classes-f748396bdbc5f84625172ef783e35ddd4ce8d095.jar D:\AndroidProject\hihgSpeet\app\build\intermediates\exploded-aar\com.google.android.gms\play-services-gcm\8.3.0\jars\classes.jar
java_class_path (initial): D:\sdk1\build-tools\23.0.2\lib\dx.jar
Launcher Type: SUN_STANDARD

Environment Variables:
JAVA_HOME=C:\Program Files\Java\jdk1.8.0_20
PATH=C:\Ruby21-x64\bin;C:\Program Files (x86)\NVIDIA Corporation\PhysX\Common;C:\oraclexe\app\oracle\product\11.2.0\server\bin;C:\Program Files\Common Files\Microsoft Shared\Windows Live;C:\Program Files (x86)\Common Files\Microsoft Shared\Windows Live;C:\Windows\system32;C:\Windows;C:\Windows\System32\Wbem;C:\Windows\System32\WindowsPowerShell\v1.0\;C:\Program Files (x86)\Windows Live\Shared;C:\Program Files (x86)\IVI Foundation\VISA\WinNT\Bin\;C:\Program Files\IVI Foundation\VISA\Win64\Bin\;C:\Program Files (x86)\Git\cmd;C:\Program Files\nodejs\;C:\Program Files (x86)\Skype\Phone\;C:\Users\Søren\AppData\Roaming\npm
USERNAME=Søren
OS=Windows_NT
PROCESSOR_IDENTIFIER=Intel64 Family 6 Model 58 Stepping 9, GenuineIntel



---------------  S Y S T E M  ---------------

OS: Windows 7 , 64 bit Build 7601 Service Pack 1

CPU:total 8 (4 cores per cpu, 2 threads per core) family 6 model 58 stepping 9, cmov, cx8, fxsr, mmx, sse, sse2, sse3, ssse3, sse4.1, sse4.2, popcnt, avx, aes, clmul, erms, ht, tsc, tscinvbit, tscinv

Memory: 4k page, physical 8278916k(79772k free), swap 11158020k(8320k free)

vm_info: Java HotSpot(TM) 64-Bit Server VM (25.20-b23) for windows-amd64 JRE (1.8.0_20-b26), built on Jul 30 2014 13:51:23 by "java_re" with MS VC++ 10.0 (VS2010)

time: Mon Dec 14 10:45:19 2015
elapsed time: 7 seconds (0d 0h 0m 7s)

