#
# There is insufficient memory for the Java Runtime Environment to continue.
# Native memory allocation (malloc) failed to allocate 973856 bytes for Chunk::new
# Possible reasons:
#   The system is out of physical RAM or swap space
#   In 32 bit mode, the process size limit was hit
# Possible solutions:
#   Reduce memory load on the system
#   Increase physical memory or swap space
#   Check if swap backing store is full
#   Use 64 bit Java on a 64 bit OS
#   Decrease Java heap size (-Xmx/-Xms)
#   Decrease number of Java threads
#   Decrease Java thread stack sizes (-Xss)
#   Set larger code cache with -XX:ReservedCodeCacheSize=
# This output file may be truncated or incomplete.
#
#  Out of Memory Error (allocation.cpp:390), pid=9228, tid=8244
#
# JRE version: Java(TM) SE Runtime Environment (8.0_20-b26) (build 1.8.0_20-b26)
# Java VM: Java HotSpot(TM) 64-Bit Server VM (25.20-b23 mixed mode windows-amd64 compressed oops)
# Failed to write core dump. Minidumps are not enabled by default on client versions of Windows
#

---------------  T H R E A D  ---------------

Current thread (0x0000000007953800):  JavaThread "C2 CompilerThread0" daemon [_thread_in_native, id=8244, stack(0x0000000009100000,0x0000000009200000)]

Stack: [0x0000000009100000,0x0000000009200000]
Native frames: (J=compiled Java code, j=interpreted, Vv=VM code, C=native code)
V  [jvm.dll+0x3152fa]


Current CompileTask:
C2:   3712 1314       4       com.android.dx.ssa.SCCP::simulateBranch (666 bytes)


---------------  P R O C E S S  ---------------

Java Threads: ( => current thread )
  0x0000000007c5b000 JavaThread "pool-1-thread-3" [_thread_in_Java, id=9960, stack(0x0000000009e80000,0x0000000009f80000)]
  0x0000000007bef800 JavaThread "pool-2-thread-1" [_thread_blocked, id=9952, stack(0x0000000009c60000,0x0000000009d60000)]
  0x00000000079b8000 JavaThread "Service Thread" daemon [_thread_blocked, id=9340, stack(0x0000000009880000,0x0000000009980000)]
  0x00000000079ae800 JavaThread "C1 CompilerThread3" daemon [_thread_in_native, id=9484, stack(0x00000000096c0000,0x00000000097c0000)]
  0x00000000079ae000 JavaThread "C2 CompilerThread2" daemon [_thread_in_native, id=5208, stack(0x0000000009490000,0x0000000009590000)]
  0x000000000795a800 JavaThread "C2 CompilerThread1" daemon [_thread_in_native, id=6760, stack(0x0000000009310000,0x0000000009410000)]
=>0x0000000007953800 JavaThread "C2 CompilerThread0" daemon [_thread_in_native, id=8244, stack(0x0000000009100000,0x0000000009200000)]
  0x0000000007950000 JavaThread "Attach Listener" daemon [_thread_blocked, id=8620, stack(0x0000000008f40000,0x0000000009040000)]
  0x000000000794a000 JavaThread "Signal Dispatcher" daemon [_thread_blocked, id=3884, stack(0x0000000008c10000,0x0000000008d10000)]
  0x000000000233d800 JavaThread "Finalizer" daemon [_thread_blocked, id=9132, stack(0x0000000008d10000,0x0000000008e10000)]
  0x00000000069a4800 JavaThread "Reference Handler" daemon [_thread_blocked, id=4680, stack(0x0000000008a40000,0x0000000008b40000)]
  0x00000000023ce000 JavaThread "main" [_thread_blocked, id=9732, stack(0x0000000002710000,0x0000000002810000)]

Other Threads:
  0x000000000699f800 VMThread [stack: 0x0000000008890000,0x0000000008990000] [id=9128]
  0x00000000079b9000 WatcherThread [stack: 0x0000000009a00000,0x0000000009b00000] [id=10160]

VM state:not at safepoint (normal execution)

VM Mutex/Monitor currently owned by a thread: None

Heap:
 PSYoungGen      total 38400K, used 23934K [0x00000000eab00000, 0x00000000ef600000, 0x0000000100000000)
  eden space 33280K, 56% used [0x00000000eab00000,0x00000000ebd65540,0x00000000ecb80000)
  from space 5120K, 99% used [0x00000000ecb80000,0x00000000ed07a458,0x00000000ed080000)
  to   space 5120K, 0% used [0x00000000ef100000,0x00000000ef100000,0x00000000ef600000)
 ParOldGen       total 87552K, used 1278K [0x00000000c0000000, 0x00000000c5580000, 0x00000000eab00000)
  object space 87552K, 1% used [0x00000000c0000000,0x00000000c013f950,0x00000000c5580000)
 Metaspace       used 5964K, capacity 6960K, committed 7040K, reserved 1056768K
  class space    used 588K, capacity 616K, committed 640K, reserved 1048576K

Card table byte_map: [0x0000000002ea0000,0x00000000030b0000] byte_map_base: 0x00000000028a0000

Marking Bits: (ParMarkBitMap*) 0x000000005168b460
 Begin Bits: [0x0000000003dc0000, 0x0000000004dc0000)
 End Bits:   [0x0000000004dc0000, 0x0000000005dc0000)

Polling page: 0x0000000000130000

CodeCache: size=245760Kb used=5408Kb max_used=5423Kb free=240351Kb
 bounds [0x000000000f010000, 0x000000000f570000, 0x000000001e010000]
 total_blobs=1646 nmethods=1382 adapters=178
 compilation: enabled

Compilation events (10 events):
Event: 3.662 Thread 0x00000000079ae800 nmethod 1395 0x000000000f557790 code [0x000000000f557960, 0x000000000f558208]
Event: 3.662 Thread 0x00000000079ae800 1396       3       com.android.dx.util.Hex::u2 (44 bytes)
Event: 3.663 Thread 0x00000000079ae800 nmethod 1396 0x000000000f5584d0 code [0x000000000f558680, 0x000000000f558cd8]
Event: 3.663 Thread 0x00000000079ae800 1397       3       com.android.dx.rop.cst.CstType::hashCode (8 bytes)
Event: 3.666 Thread 0x00000000079ae800 nmethod 1397 0x000000000f558fd0 code [0x000000000f559140, 0x000000000f559428]
Event: 3.666 Thread 0x00000000079ae800 1399       3       java.util.TreeMap::rotateLeft (96 bytes)
Event: 3.666 Thread 0x00000000079ae800 nmethod 1399 0x000000000f559550 code [0x000000000f5596c0, 0x000000000f559a10]
Event: 3.666 Thread 0x00000000079ae800 1405   !   3       com.android.dx.cf.code.BytecodeArray::parseInstruction (2764 bytes)
Event: 3.679 Thread 0x00000000079ae000 nmethod 1357 0x000000000f55d850 code [0x000000000f55da80, 0x000000000f55eb10]
Event: 3.679 Thread 0x00000000079ae000 1359       4       com.android.dx.ssa.LocalVariableExtractor::processBlock (383 bytes)

GC Heap History (2 events):
Event: 2.585 GC heap before
{Heap before GC invocations=1 (full 0):
 PSYoungGen      total 38400K, used 33280K [0x00000000eab00000, 0x00000000ed580000, 0x0000000100000000)
  eden space 33280K, 100% used [0x00000000eab00000,0x00000000ecb80000,0x00000000ecb80000)
  from space 5120K, 0% used [0x00000000ed080000,0x00000000ed080000,0x00000000ed580000)
  to   space 5120K, 0% used [0x00000000ecb80000,0x00000000ecb80000,0x00000000ed080000)
 ParOldGen       total 87552K, used 0K [0x00000000c0000000, 0x00000000c5580000, 0x00000000eab00000)
  object space 87552K, 0% used [0x00000000c0000000,0x00000000c0000000,0x00000000c5580000)
 Metaspace       used 5879K, capacity 6896K, committed 7040K, reserved 1056768K
  class space    used 586K, capacity 616K, committed 640K, reserved 1048576K
Event: 3.420 GC heap after
Heap after GC invocations=1 (full 0):
 PSYoungGen      total 38400K, used 5097K [0x00000000eab00000, 0x00000000ef600000, 0x0000000100000000)
  eden space 33280K, 0% used [0x00000000eab00000,0x00000000eab00000,0x00000000ecb80000)
  from space 5120K, 99% used [0x00000000ecb80000,0x00000000ed07a458,0x00000000ed080000)
  to   space 5120K, 0% used [0x00000000ef100000,0x00000000ef100000,0x00000000ef600000)
 ParOldGen       total 87552K, used 1278K [0x00000000c0000000, 0x00000000c5580000, 0x00000000eab00000)
  object space 87552K, 1% used [0x00000000c0000000,0x00000000c013f950,0x00000000c5580000)
 Metaspace       used 5879K, capacity 6896K, committed 7040K, reserved 1056768K
  class space    used 586K, capacity 616K, committed 640K, reserved 1048576K
}

Deoptimization events (5 events):
Event: 2.083 Thread 0x0000000007b46000 Uncommon trap: reason=class_check action=maybe_recompile pc=0x000000000f1f2c60 method=com.android.dx.ssa.NormalSsaInsn.accept(Lcom/android/dx/ssa/SsaInsn$Visitor;)V @ 9
Event: 2.083 Thread 0x0000000007b46000 Uncommon trap: reason=class_check action=maybe_recompile pc=0x000000000f1f2c60 method=com.android.dx.ssa.NormalSsaInsn.accept(Lcom/android/dx/ssa/SsaInsn$Visitor;)V @ 9
Event: 2.083 Thread 0x0000000007b46000 Uncommon trap: reason=class_check action=maybe_recompile pc=0x000000000f1f2c60 method=com.android.dx.ssa.NormalSsaInsn.accept(Lcom/android/dx/ssa/SsaInsn$Visitor;)V @ 9
Event: 2.492 Thread 0x0000000007c5c800 Uncommon trap: reason=unreached action=reinterpret pc=0x000000000f29fd44 method=com.android.dx.rop.cst.Constant.compareTo(Lcom/android/dx/rop/cst/Constant;)I @ 12
Event: 3.665 Thread 0x0000000007c5c800 Uncommon trap: reason=uninitialized action=reinterpret pc=0x000000000f476c34 method=com.android.dx.cf.code.BytecodeArray.parseInstruction(ILcom/android/dx/cf/code/BytecodeArray$Visitor;)I @ 999

Internal exceptions (10 events):
Event: 1.962 Thread 0x0000000007bed000 Exception <a 'java/security/PrivilegedActionException'> (0x00000000eb5a1498) thrown at [D:\re\workspace\8-2-build-windows-amd64-cygwin\jdk8u20\1074\hotspot\src\share\vm\prims\jvm.cpp, line 1275]
Event: 1.962 Thread 0x0000000007bed000 Exception <a 'java/security/PrivilegedActionException'> (0x00000000eb5a62b8) thrown at [D:\re\workspace\8-2-build-windows-amd64-cygwin\jdk8u20\1074\hotspot\src\share\vm\prims\jvm.cpp, line 1275]
Event: 1.963 Thread 0x0000000007bed000 Exception <a 'java/security/PrivilegedActionException'> (0x00000000eb5a9c00) thrown at [D:\re\workspace\8-2-build-windows-amd64-cygwin\jdk8u20\1074\hotspot\src\share\vm\prims\jvm.cpp, line 1275]
Event: 1.967 Thread 0x0000000007bed000 Exception <a 'java/security/PrivilegedActionException'> (0x00000000eb5b63d0) thrown at [D:\re\workspace\8-2-build-windows-amd64-cygwin\jdk8u20\1074\hotspot\src\share\vm\prims\jvm.cpp, line 1275]
Event: 1.968 Thread 0x0000000007bed000 Exception <a 'java/security/PrivilegedActionException'> (0x00000000eb5bc330) thrown at [D:\re\workspace\8-2-build-windows-amd64-cygwin\jdk8u20\1074\hotspot\src\share\vm\prims\jvm.cpp, line 1275]
Event: 1.969 Thread 0x0000000007bed000 Exception <a 'java/security/PrivilegedActionException'> (0x00000000eb5c0728) thrown at [D:\re\workspace\8-2-build-windows-amd64-cygwin\jdk8u20\1074\hotspot\src\share\vm\prims\jvm.cpp, line 1275]
Event: 1.970 Thread 0x00000000023ce000 Exception <a 'java/security/PrivilegedActionException'> (0x00000000eb1fe3b8) thrown at [D:\re\workspace\8-2-build-windows-amd64-cygwin\jdk8u20\1074\hotspot\src\share\vm\prims\jvm.cpp, line 1275]
Event: 2.073 Thread 0x0000000007b46000 Exception <a 'java/security/PrivilegedActionException'> (0x00000000ebabdc90) thrown at [D:\re\workspace\8-2-build-windows-amd64-cygwin\jdk8u20\1074\hotspot\src\share\vm\prims\jvm.cpp, line 1275]
Event: 2.104 Thread 0x0000000007c5c800 Exception <a 'java/security/PrivilegedActionException'> (0x00000000ebcec960) thrown at [D:\re\workspace\8-2-build-windows-amd64-cygwin\jdk8u20\1074\hotspot\src\share\vm\prims\jvm.cpp, line 1275]
Event: 2.469 Thread 0x0000000007b46000 Exception <a 'java/security/PrivilegedActionException'> (0x00000000ec6011a0) thrown at [D:\re\workspace\8-2-build-windows-amd64-cygwin\jdk8u20\1074\hotspot\src\share\vm\prims\jvm.cpp, line 1275]

Events (10 events):
Event: 3.662 loading class java/util/HashMap$KeySet
Event: 3.663 loading class java/util/HashMap$KeySet done
Event: 3.663 loading class java/util/HashMap$KeyIterator
Event: 3.663 loading class java/util/HashMap$KeyIterator done
Event: 3.665 Thread 0x0000000007c5c800 Uncommon trap: trap_request=0xffffffb5 fr.pc=0x000000000f476c34
Event: 3.665 Thread 0x0000000007c5c800 DEOPT PACKING pc=0x000000000f476c34 sp=0x00000000096ae810
Event: 3.665 Thread 0x0000000007c5c800 DEOPT UNPACKING pc=0x000000000f05556a sp=0x00000000096ae7b0 mode 2
Event: 3.672 Thread 0x0000000007c5c800 Thread exited: 0x0000000007c5c800
Event: 3.673 Thread 0x0000000007b46000 Thread exited: 0x0000000007b46000
Event: 3.678 Thread 0x0000000007bed000 Thread exited: 0x0000000007bed000


Dynamic libraries:
0x000000013f0b0000 - 0x000000013f0e4000 	C:\Program Files\Java\jdk1.8.0_20\bin\java.exe
0x0000000077670000 - 0x0000000077819000 	C:\Windows\SYSTEM32\ntdll.dll
0x0000000077450000 - 0x0000000077570000 	C:\Windows\system32\kernel32.dll
0x000007fefd5a0000 - 0x000007fefd60c000 	C:\Windows\system32\KERNELBASE.dll
0x000007feff0d0000 - 0x000007feff1ab000 	C:\Windows\system32\ADVAPI32.dll
0x000007feff1b0000 - 0x000007feff24f000 	C:\Windows\system32\msvcrt.dll
0x000007fefdf10000 - 0x000007fefdf2f000 	C:\Windows\SYSTEM32\sechost.dll
0x000007fefdcf0000 - 0x000007fefde1d000 	C:\Windows\system32\RPCRT4.dll
0x0000000077570000 - 0x000000007766a000 	C:\Windows\system32\USER32.dll
0x000007fefdf30000 - 0x000007fefdf97000 	C:\Windows\system32\GDI32.dll
0x000007feff970000 - 0x000007feff97e000 	C:\Windows\system32\LPK.dll
0x000007fefde40000 - 0x000007fefdf0a000 	C:\Windows\system32\USP10.dll
0x000007fefbcc0000 - 0x000007fefbeb4000 	C:\Windows\WinSxS\amd64_microsoft.windows.common-controls_6595b64144ccf1df_6.0.7601.18837_none_fa3b1e3d17594757\COMCTL32.dll
0x000007feff050000 - 0x000007feff0c1000 	C:\Windows\system32\SHLWAPI.dll
0x000007fefee90000 - 0x000007fefeebe000 	C:\Windows\system32\IMM32.DLL
0x000007fefdfa0000 - 0x000007fefe0a9000 	C:\Windows\system32\MSCTF.dll
0x000007fefd330000 - 0x000007fefd371000 	C:\Windows\system32\nvinitx.dll
0x000000000f000000 - 0x000000000f006000 	C:\Program Files\NVIDIA Corporation\CoProcManager\_etoured.dll
0x000007fef93e0000 - 0x000007fef9436000 	C:\Program Files\NVIDIA Corporation\CoProcManager\nvd3d9wrapx.dll
0x000007feff790000 - 0x000007feff967000 	C:\Windows\system32\SETUPAPI.dll
0x000007fefd610000 - 0x000007fefd646000 	C:\Windows\system32\CFGMGR32.dll
0x000007feff650000 - 0x000007feff727000 	C:\Windows\system32\OLEAUT32.dll
0x000007fefda40000 - 0x000007fefdc43000 	C:\Windows\system32\ole32.dll
0x000007fefd550000 - 0x000007fefd56a000 	C:\Windows\system32\DEVOBJ.dll
0x000007fef9240000 - 0x000007fef927d000 	C:\Program Files\NVIDIA Corporation\CoProcManager\nvdxgiwrapx.dll
0x0000000050c30000 - 0x0000000050d02000 	C:\Program Files\Java\jdk1.8.0_20\jre\bin\msvcr100.dll
0x0000000050eb0000 - 0x0000000051708000 	C:\Program Files\Java\jdk1.8.0_20\jre\bin\server\jvm.dll
0x000007feecaa0000 - 0x000007feecaa9000 	C:\Windows\system32\WSOCK32.dll
0x000007fefee40000 - 0x000007fefee8d000 	C:\Windows\system32\WS2_32.dll
0x000007feff520000 - 0x000007feff528000 	C:\Windows\system32\NSI.dll
0x000007fefa970000 - 0x000007fefa9ab000 	C:\Windows\system32\WINMM.dll
0x0000000077840000 - 0x0000000077847000 	C:\Windows\system32\PSAPI.DLL
0x000000006b010000 - 0x000000006b01f000 	C:\Program Files\Java\jdk1.8.0_20\jre\bin\verify.dll
0x000000006afe0000 - 0x000000006b008000 	C:\Program Files\Java\jdk1.8.0_20\jre\bin\java.dll
0x000000006afc0000 - 0x000000006afd6000 	C:\Program Files\Java\jdk1.8.0_20\jre\bin\zip.dll
0x000007fefe0b0000 - 0x000007fefee39000 	C:\Windows\system32\SHELL32.dll
0x000007fefd420000 - 0x000007fefd42f000 	C:\Windows\system32\profapi.dll
0x000007feef140000 - 0x000007feef265000 	C:\Windows\system32\dbghelp.dll

VM Arguments:
jvm_args: -Xmx1024M -Dfile.encoding=windows-1252 -Duser.country=DK -Duser.language=da -Duser.variant 
java_command: com.android.dx.command.Main --dex --num-threads=4 --output D:\AndroidProject\hihgSpeet\app\build\intermediates\pre-dexed\debug\classes-d2b21a1fb93f8e51c81e02554d0688877973ac47.jar D:\AndroidProject\hihgSpeet\app\build\intermediates\exploded-aar\com.google.android.gms\play-services-vision\8.3.0\jars\classes.jar
java_class_path (initial): D:\sdk1\build-tools\23.0.2\lib\dx.jar
Launcher Type: SUN_STANDARD

Environment Variables:
JAVA_HOME=C:\Program Files\Java\jdk1.8.0_20
PATH=C:\Ruby21-x64\bin;C:\Program Files (x86)\NVIDIA Corporation\PhysX\Common;C:\oraclexe\app\oracle\product\11.2.0\server\bin;C:\Program Files\Common Files\Microsoft Shared\Windows Live;C:\Program Files (x86)\Common Files\Microsoft Shared\Windows Live;C:\Windows\system32;C:\Windows;C:\Windows\System32\Wbem;C:\Windows\System32\WindowsPowerShell\v1.0\;C:\Program Files (x86)\Windows Live\Shared;C:\Program Files (x86)\IVI Foundation\VISA\WinNT\Bin\;C:\Program Files\IVI Foundation\VISA\Win64\Bin\;C:\Program Files (x86)\Git\cmd;C:\Program Files\nodejs\;C:\Program Files (x86)\Skype\Phone\;C:\Users\Søren\AppData\Roaming\npm
USERNAME=Søren
OS=Windows_NT
PROCESSOR_IDENTIFIER=Intel64 Family 6 Model 58 Stepping 9, GenuineIntel



---------------  S Y S T E M  ---------------

OS: Windows 7 , 64 bit Build 7601 Service Pack 1

CPU:total 8 (4 cores per cpu, 2 threads per core) family 6 model 58 stepping 9, cmov, cx8, fxsr, mmx, sse, sse2, sse3, ssse3, sse4.1, sse4.2, popcnt, avx, aes, clmul, erms, ht, tsc, tscinvbit, tscinv

Memory: 4k page, physical 8278916k(106492k free), swap 11158020k(5120k free)

vm_info: Java HotSpot(TM) 64-Bit Server VM (25.20-b23) for windows-amd64 JRE (1.8.0_20-b26), built on Jul 30 2014 13:51:23 by "java_re" with MS VC++ 10.0 (VS2010)

time: Mon Dec 14 10:45:30 2015
elapsed time: 3 seconds (0d 0h 0m 3s)

